#
# There is insufficient memory for the Java Runtime Environment to continue.
# Native memory allocation (mmap) failed to map 65536 bytes for Failed to commit metaspace.
# Possible reasons:
#   The system is out of physical RAM or swap space
#   The process is running with CompressedOops enabled, and the Java Heap may be blocking the growth of the native heap
# Possible solutions:
#   Reduce memory load on the system
#   Increase physical memory or swap space
#   Check if swap backing store is full
#   Decrease Java heap size (-Xmx/-Xms)
#   Decrease number of Java threads
#   Decrease Java thread stack sizes (-Xss)
#   Set larger code cache with -XX:ReservedCodeCacheSize=
#   JVM is running with Unscaled Compressed Oops mode in which the Java heap is
#     placed in the first 4GB address space. The Java Heap base address is the
#     maximum limit for the native heap growth. Please use -XX:HeapBaseMinAddress
#     to set the Java Heap base and to place the Java Heap above 4GB virtual address.
# This output file may be truncated or incomplete.
#
#  Out of Memory Error (virtualSpaceNode.cpp:110), pid=8392, tid=4932
#
# JRE version: Java(TM) SE Runtime Environment (17.0.9+11) (build 17.0.9+11-LTS-201)
# Java VM: Java HotSpot(TM) 64-Bit Server VM (17.0.9+11-LTS-201, mixed mode, sharing, tiered, compressed oops, compressed class ptrs, g1 gc, windows-amd64)
# No core dump will be written. Minidumps are not enabled by default on client versions of Windows
#

---------------  S U M M A R Y ------------

Command Line: -Dfile.encoding=UTF-8 -Dstdout.encoding=UTF-8 -Dstderr.encoding=UTF-8 -XX:+ShowCodeDetailsInExceptionMessages com.Hospital.Management.System.HospitalManagementSystemApplication

Host: Intel(R) Core(TM) i3-10110U CPU @ 2.10GHz, 4 cores, 7G,  Windows 10 , 64 bit Build 19041 (10.0.19041.3636)
Time: Wed Jul 17 09:56:34 2024 India Standard Time elapsed time: 0.443522 seconds (0d 0h 0m 0s)

---------------  T H R E A D  ---------------

Current thread (0x000002184250afc0):  JavaThread "main" [_thread_in_vm, id=4932, stack(0x0000005f7a300000,0x0000005f7a400000)]

Stack: [0x0000005f7a300000,0x0000005f7a400000]
Native frames: (J=compiled Java code, j=interpreted, Vv=VM code, C=native code)
V  [jvm.dll+0x678a4a]
V  [jvm.dll+0x7d9cfd]
V  [jvm.dll+0x7db60e]
V  [jvm.dll+0x7dbc73]
V  [jvm.dll+0x245e1f]
V  [jvm.dll+0x7d5a0b]
V  [jvm.dll+0x61ebc6]
V  [jvm.dll+0x1c01f7]
V  [jvm.dll+0x621530]
V  [jvm.dll+0x61f586]
V  [jvm.dll+0x1ea1be]
V  [jvm.dll+0x1eab8b]
V  [jvm.dll+0x1e0391]
V  [jvm.dll+0x53eaec]
V  [jvm.dll+0x754538]
V  [jvm.dll+0x754624]
V  [jvm.dll+0x40c73f]
V  [jvm.dll+0x412759]
C  [java.dll+0x17ec]

Java frames: (J=compiled Java code, j=interpreted, Vv=VM code)
j  java.lang.ClassLoader.defineClass1(Ljava/lang/ClassLoader;Ljava/lang/String;[BIILjava/security/ProtectionDomain;Ljava/lang/String;)Ljava/lang/Class;+0 java.base@17.0.9
j  java.lang.ClassLoader.defineClass(Ljava/lang/String;[BIILjava/security/ProtectionDomain;)Ljava/lang/Class;+27 java.base@17.0.9
j  java.security.SecureClassLoader.defineClass(Ljava/lang/String;[BIILjava/security/CodeSource;)Ljava/lang/Class;+12 java.base@17.0.9
j  jdk.internal.loader.BuiltinClassLoader.defineClass(Ljava/lang/String;Ljdk/internal/loader/Resource;)Ljava/lang/Class;+117 java.base@17.0.9
j  jdk.internal.loader.BuiltinClassLoader.findClassOnClassPathOrNull(Ljava/lang/String;)Ljava/lang/Class;+37 java.base@17.0.9
j  jdk.internal.loader.BuiltinClassLoader.loadClassOrNull(Ljava/lang/String;Z)Ljava/lang/Class;+111 java.base@17.0.9
j  jdk.internal.loader.BuiltinClassLoader.loadClass(Ljava/lang/String;Z)Ljava/lang/Class;+3 java.base@17.0.9
j  jdk.internal.loader.ClassLoaders$AppClassLoader.loadClass(Ljava/lang/String;Z)Ljava/lang/Class;+36 java.base@17.0.9
j  java.lang.ClassLoader.loadClass(Ljava/lang/String;)Ljava/lang/Class;+3 java.base@17.0.9
v  ~StubRoutines::call_stub
j  ch.qos.logback.classic.spi.LogbackServiceProvider.initialize()V+1
j  org.slf4j.LoggerFactory.bind()V+37
j  org.slf4j.LoggerFactory.performInitialization()V+0
j  org.slf4j.LoggerFactory.getProvider()Lorg/slf4j/spi/SLF4JServiceProvider;+21
j  org.slf4j.LoggerFactory.getILoggerFactory()Lorg/slf4j/ILoggerFactory;+0
j  org.slf4j.LoggerFactory.getLogger(Ljava/lang/String;)Lorg/slf4j/Logger;+0
j  org.apache.commons.logging.LogAdapter$Slf4jAdapter.createLocationAwareLog(Ljava/lang/String;)Lorg/apache/commons/logging/Log;+1
j  org.apache.commons.logging.LogAdapter$$Lambda$1+0x0000021801006e58.apply(Ljava/lang/Object;)Ljava/lang/Object;+4
j  org.apache.commons.logging.LogAdapter.createLog(Ljava/lang/String;)Lorg/apache/commons/logging/Log;+4
j  org.apache.commons.logging.LogFactory.getLog(Ljava/lang/String;)Lorg/apache/commons/logging/Log;+1
j  org.apache.commons.logging.LogFactory.getLog(Ljava/lang/Class;)Lorg/apache/commons/logging/Log;+4
j  org.springframework.boot.SpringApplication.<clinit>()V+2
v  ~StubRoutines::call_stub
j  com.Hospital.Management.System.HospitalManagementSystemApplication.main([Ljava/lang/String;)V+3
v  ~StubRoutines::call_stub

---------------  P R O C E S S  ---------------

Threads class SMR info:
_java_thread_list=0x00000218660d9770, length=12, elements={
0x000002184250afc0, 0x0000021861d4d530, 0x0000021861d4fa70, 0x0000021861d613c0,
0x0000021861d81ea0, 0x0000021861d82770, 0x0000021861d83040, 0x0000021861d83cf0,
0x0000021861de8500, 0x0000021861deca40, 0x00000218660c6060, 0x00000218660e4230
}

Java Threads: ( => current thread )
=>0x000002184250afc0 JavaThread "main" [_thread_in_vm, id=4932, stack(0x0000005f7a300000,0x0000005f7a400000)]
  0x0000021861d4d530 JavaThread "Reference Handler" daemon [_thread_blocked, id=12616, stack(0x0000005f7aa00000,0x0000005f7ab00000)]
  0x0000021861d4fa70 JavaThread "Finalizer" daemon [_thread_blocked, id=5576, stack(0x0000005f7ab00000,0x0000005f7ac00000)]
  0x0000021861d613c0 JavaThread "Signal Dispatcher" daemon [_thread_blocked, id=12468, stack(0x0000005f7ac00000,0x0000005f7ad00000)]
  0x0000021861d81ea0 JavaThread "Attach Listener" daemon [_thread_blocked, id=10380, stack(0x0000005f7ad00000,0x0000005f7ae00000)]
  0x0000021861d82770 JavaThread "Service Thread" daemon [_thread_blocked, id=12716, stack(0x0000005f7ae00000,0x0000005f7af00000)]
  0x0000021861d83040 JavaThread "Monitor Deflation Thread" daemon [_thread_blocked, id=10328, stack(0x0000005f7af00000,0x0000005f7b000000)]
  0x0000021861d83cf0 JavaThread "C2 CompilerThread0" daemon [_thread_blocked, id=12028, stack(0x0000005f7b000000,0x0000005f7b100000)]
  0x0000021861de8500 JavaThread "C1 CompilerThread0" daemon [_thread_blocked, id=4312, stack(0x0000005f7b100000,0x0000005f7b200000)]
  0x0000021861deca40 JavaThread "Sweeper thread" daemon [_thread_blocked, id=1128, stack(0x0000005f7b200000,0x0000005f7b300000)]
  0x00000218660c6060 JavaThread "Notification Thread" daemon [_thread_blocked, id=5416, stack(0x0000005f7b300000,0x0000005f7b400000)]
  0x00000218660e4230 JavaThread "Common-Cleaner" daemon [_thread_blocked, id=8692, stack(0x0000005f7b500000,0x0000005f7b600000)]

Other Threads:
  0x0000021861d485c0 VMThread "VM Thread" [stack: 0x0000005f7a900000,0x0000005f7aa00000] [id=12032]
  0x00000218660ce570 WatcherThread [stack: 0x0000005f7b400000,0x0000005f7b500000] [id=536]
  0x00000218426654c0 GCTaskThread "GC Thread#0" [stack: 0x0000005f7a400000,0x0000005f7a500000] [id=2108]
  0x0000021842677e40 ConcurrentGCThread "G1 Main Marker" [stack: 0x0000005f7a500000,0x0000005f7a600000] [id=6896]
  0x000002184267a450 ConcurrentGCThread "G1 Conc#0" [stack: 0x0000005f7a600000,0x0000005f7a700000] [id=5532]
  0x00000218426cf6a0 ConcurrentGCThread "G1 Refine#0" [stack: 0x0000005f7a700000,0x0000005f7a800000] [id=10076]
  0x0000021861c109a0 ConcurrentGCThread "G1 Service" [stack: 0x0000005f7a800000,0x0000005f7a900000] [id=9096]

Threads with active compile tasks:

VM state: not at safepoint (normal execution)

VM Mutex/Monitor currently owned by a thread:  ([mutex/lock_event])
[0x000002184260bd90] Metaspace_lock - owner thread: 0x000002184250afc0

Heap address: 0x0000000082800000, size: 2008 MB, Compressed Oops mode: 32-bit

CDS archive(s) mapped at: [0x0000021800000000-0x0000021800bd0000-0x0000021800bd0000), size 12386304, SharedBaseAddress: 0x0000021800000000, ArchiveRelocationMode: 1.
Compressed class space mapped at: 0x0000021801000000-0x0000021841000000, reserved size: 1073741824
Narrow klass base: 0x0000021800000000, Narrow klass shift: 0, Narrow klass range: 0x100000000

GC Precious Log:
 CPUs: 4 total, 4 available
 Memory: 8025M
 Large Page Support: Disabled
 NUMA Support: Disabled
 Compressed Oops: Enabled (32-bit)
 Heap Region Size: 1M
 Heap Min Capacity: 8M
 Heap Initial Capacity: 126M
 Heap Max Capacity: 2008M
 Pre-touch: Disabled
 Parallel Workers: 4
 Concurrent Workers: 1
 Concurrent Refinement Workers: 4
 Periodic GC: Disabled

Heap:
 garbage-first heap   total 129024K, used 6144K [0x0000000082800000, 0x0000000100000000)
  region size 1024K, 7 young (7168K), 0 survivors (0K)
 Metaspace       used 1071K, committed 1152K, reserved 1114112K
  class space    used 74K, committed 128K, reserved 1048576K

Heap Regions: E=young(eden), S=young(survivor), O=old, HS=humongous(starts), HC=humongous(continues), CS=collection set, F=free, OA=open archive, CA=closed archive, TAMS=top-at-mark-start (previous, next)
|   0|0x0000000082800000, 0x0000000082900000, 0x0000000082900000|100%|HS|  |TAMS 0x0000000082800000, 0x0000000082800000| Complete 
|   1|0x0000000082900000, 0x0000000082900000, 0x0000000082a00000|  0%| F|  |TAMS 0x0000000082900000, 0x0000000082900000| Untracked 
|   2|0x0000000082a00000, 0x0000000082a00000, 0x0000000082b00000|  0%| F|  |TAMS 0x0000000082a00000, 0x0000000082a00000| Untracked 
|   3|0x0000000082b00000, 0x0000000082b00000, 0x0000000082c00000|  0%| F|  |TAMS 0x0000000082b00000, 0x0000000082b00000| Untracked 
|   4|0x0000000082c00000, 0x0000000082c00000, 0x0000000082d00000|  0%| F|  |TAMS 0x0000000082c00000, 0x0000000082c00000| Untracked 
|   5|0x0000000082d00000, 0x0000000082d00000, 0x0000000082e00000|  0%| F|  |TAMS 0x0000000082d00000, 0x0000000082d00000| Untracked 
|   6|0x0000000082e00000, 0x0000000082e00000, 0x0000000082f00000|  0%| F|  |TAMS 0x0000000082e00000, 0x0000000082e00000| Untracked 
|   7|0x0000000082f00000, 0x0000000082f00000, 0x0000000083000000|  0%| F|  |TAMS 0x0000000082f00000, 0x0000000082f00000| Untracked 
|   8|0x0000000083000000, 0x0000000083000000, 0x0000000083100000|  0%| F|  |TAMS 0x0000000083000000, 0x0000000083000000| Untracked 
|   9|0x0000000083100000, 0x0000000083100000, 0x0000000083200000|  0%| F|  |TAMS 0x0000000083100000, 0x0000000083100000| Untracked 
|  10|0x0000000083200000, 0x0000000083200000, 0x0000000083300000|  0%| F|  |TAMS 0x0000000083200000, 0x0000000083200000| Untracked 
|  11|0x0000000083300000, 0x0000000083300000, 0x0000000083400000|  0%| F|  |TAMS 0x0000000083300000, 0x0000000083300000| Untracked 
|  12|0x0000000083400000, 0x0000000083400000, 0x0000000083500000|  0%| F|  |TAMS 0x0000000083400000, 0x0000000083400000| Untracked 
|  13|0x0000000083500000, 0x0000000083500000, 0x0000000083600000|  0%| F|  |TAMS 0x0000000083500000, 0x0000000083500000| Untracked 
|  14|0x0000000083600000, 0x0000000083600000, 0x0000000083700000|  0%| F|  |TAMS 0x0000000083600000, 0x0000000083600000| Untracked 
|  15|0x0000000083700000, 0x0000000083700000, 0x0000000083800000|  0%| F|  |TAMS 0x0000000083700000, 0x0000000083700000| Untracked 
|  16|0x0000000083800000, 0x0000000083800000, 0x0000000083900000|  0%| F|  |TAMS 0x0000000083800000, 0x0000000083800000| Untracked 
|  17|0x0000000083900000, 0x0000000083900000, 0x0000000083a00000|  0%| F|  |TAMS 0x0000000083900000, 0x0000000083900000| Untracked 
|  18|0x0000000083a00000, 0x0000000083a00000, 0x0000000083b00000|  0%| F|  |TAMS 0x0000000083a00000, 0x0000000083a00000| Untracked 
|  19|0x0000000083b00000, 0x0000000083b00000, 0x0000000083c00000|  0%| F|  |TAMS 0x0000000083b00000, 0x0000000083b00000| Untracked 
|  20|0x0000000083c00000, 0x0000000083c00000, 0x0000000083d00000|  0%| F|  |TAMS 0x0000000083c00000, 0x0000000083c00000| Untracked 
|  21|0x0000000083d00000, 0x0000000083d00000, 0x0000000083e00000|  0%| F|  |TAMS 0x0000000083d00000, 0x0000000083d00000| Untracked 
|  22|0x0000000083e00000, 0x0000000083e00000, 0x0000000083f00000|  0%| F|  |TAMS 0x0000000083e00000, 0x0000000083e00000| Untracked 
|  23|0x0000000083f00000, 0x0000000083f00000, 0x0000000084000000|  0%| F|  |TAMS 0x0000000083f00000, 0x0000000083f00000| Untracked 
|  24|0x0000000084000000, 0x0000000084000000, 0x0000000084100000|  0%| F|  |TAMS 0x0000000084000000, 0x0000000084000000| Untracked 
|  25|0x0000000084100000, 0x0000000084100000, 0x0000000084200000|  0%| F|  |TAMS 0x0000000084100000, 0x0000000084100000| Untracked 
|  26|0x0000000084200000, 0x0000000084200000, 0x0000000084300000|  0%| F|  |TAMS 0x0000000084200000, 0x0000000084200000| Untracked 
|  27|0x0000000084300000, 0x0000000084300000, 0x0000000084400000|  0%| F|  |TAMS 0x0000000084300000, 0x0000000084300000| Untracked 
|  28|0x0000000084400000, 0x0000000084400000, 0x0000000084500000|  0%| F|  |TAMS 0x0000000084400000, 0x0000000084400000| Untracked 
|  29|0x0000000084500000, 0x0000000084500000, 0x0000000084600000|  0%| F|  |TAMS 0x0000000084500000, 0x0000000084500000| Untracked 
|  30|0x0000000084600000, 0x0000000084600000, 0x0000000084700000|  0%| F|  |TAMS 0x0000000084600000, 0x0000000084600000| Untracked 
|  31|0x0000000084700000, 0x0000000084700000, 0x0000000084800000|  0%| F|  |TAMS 0x0000000084700000, 0x0000000084700000| Untracked 
|  32|0x0000000084800000, 0x0000000084800000, 0x0000000084900000|  0%| F|  |TAMS 0x0000000084800000, 0x0000000084800000| Untracked 
|  33|0x0000000084900000, 0x0000000084900000, 0x0000000084a00000|  0%| F|  |TAMS 0x0000000084900000, 0x0000000084900000| Untracked 
|  34|0x0000000084a00000, 0x0000000084a00000, 0x0000000084b00000|  0%| F|  |TAMS 0x0000000084a00000, 0x0000000084a00000| Untracked 
|  35|0x0000000084b00000, 0x0000000084b00000, 0x0000000084c00000|  0%| F|  |TAMS 0x0000000084b00000, 0x0000000084b00000| Untracked 
|  36|0x0000000084c00000, 0x0000000084c00000, 0x0000000084d00000|  0%| F|  |TAMS 0x0000000084c00000, 0x0000000084c00000| Untracked 
|  37|0x0000000084d00000, 0x0000000084d00000, 0x0000000084e00000|  0%| F|  |TAMS 0x0000000084d00000, 0x0000000084d00000| Untracked 
|  38|0x0000000084e00000, 0x0000000084e00000, 0x0000000084f00000|  0%| F|  |TAMS 0x0000000084e00000, 0x0000000084e00000| Untracked 
|  39|0x0000000084f00000, 0x0000000084f00000, 0x0000000085000000|  0%| F|  |TAMS 0x0000000084f00000, 0x0000000084f00000| Untracked 
|  40|0x0000000085000000, 0x0000000085000000, 0x0000000085100000|  0%| F|  |TAMS 0x0000000085000000, 0x0000000085000000| Untracked 
|  41|0x0000000085100000, 0x0000000085100000, 0x0000000085200000|  0%| F|  |TAMS 0x0000000085100000, 0x0000000085100000| Untracked 
|  42|0x0000000085200000, 0x0000000085200000, 0x0000000085300000|  0%| F|  |TAMS 0x0000000085200000, 0x0000000085200000| Untracked 
|  43|0x0000000085300000, 0x0000000085300000, 0x0000000085400000|  0%| F|  |TAMS 0x0000000085300000, 0x0000000085300000| Untracked 
|  44|0x0000000085400000, 0x0000000085400000, 0x0000000085500000|  0%| F|  |TAMS 0x0000000085400000, 0x0000000085400000| Untracked 
|  45|0x0000000085500000, 0x0000000085500000, 0x0000000085600000|  0%| F|  |TAMS 0x0000000085500000, 0x0000000085500000| Untracked 
|  46|0x0000000085600000, 0x0000000085600000, 0x0000000085700000|  0%| F|  |TAMS 0x0000000085600000, 0x0000000085600000| Untracked 
|  47|0x0000000085700000, 0x0000000085700000, 0x0000000085800000|  0%| F|  |TAMS 0x0000000085700000, 0x0000000085700000| Untracked 
|  48|0x0000000085800000, 0x0000000085800000, 0x0000000085900000|  0%| F|  |TAMS 0x0000000085800000, 0x0000000085800000| Untracked 
|  49|0x0000000085900000, 0x0000000085900000, 0x0000000085a00000|  0%| F|  |TAMS 0x0000000085900000, 0x0000000085900000| Untracked 
|  50|0x0000000085a00000, 0x0000000085a00000, 0x0000000085b00000|  0%| F|  |TAMS 0x0000000085a00000, 0x0000000085a00000| Untracked 
|  51|0x0000000085b00000, 0x0000000085b00000, 0x0000000085c00000|  0%| F|  |TAMS 0x0000000085b00000, 0x0000000085b00000| Untracked 
|  52|0x0000000085c00000, 0x0000000085c00000, 0x0000000085d00000|  0%| F|  |TAMS 0x0000000085c00000, 0x0000000085c00000| Untracked 
|  53|0x0000000085d00000, 0x0000000085d00000, 0x0000000085e00000|  0%| F|  |TAMS 0x0000000085d00000, 0x0000000085d00000| Untracked 
|  54|0x0000000085e00000, 0x0000000085e00000, 0x0000000085f00000|  0%| F|  |TAMS 0x0000000085e00000, 0x0000000085e00000| Untracked 
|  55|0x0000000085f00000, 0x0000000085f00000, 0x0000000086000000|  0%| F|  |TAMS 0x0000000085f00000, 0x0000000085f00000| Untracked 
|  56|0x0000000086000000, 0x0000000086000000, 0x0000000086100000|  0%| F|  |TAMS 0x0000000086000000, 0x0000000086000000| Untracked 
|  57|0x0000000086100000, 0x0000000086100000, 0x0000000086200000|  0%| F|  |TAMS 0x0000000086100000, 0x0000000086100000| Untracked 
|  58|0x0000000086200000, 0x0000000086200000, 0x0000000086300000|  0%| F|  |TAMS 0x0000000086200000, 0x0000000086200000| Untracked 
|  59|0x0000000086300000, 0x0000000086300000, 0x0000000086400000|  0%| F|  |TAMS 0x0000000086300000, 0x0000000086300000| Untracked 
|  60|0x0000000086400000, 0x0000000086400000, 0x0000000086500000|  0%| F|  |TAMS 0x0000000086400000, 0x0000000086400000| Untracked 
|  61|0x0000000086500000, 0x0000000086500000, 0x0000000086600000|  0%| F|  |TAMS 0x0000000086500000, 0x0000000086500000| Untracked 
|  62|0x0000000086600000, 0x0000000086600000, 0x0000000086700000|  0%| F|  |TAMS 0x0000000086600000, 0x0000000086600000| Untracked 
|  63|0x0000000086700000, 0x0000000086700000, 0x0000000086800000|  0%| F|  |TAMS 0x0000000086700000, 0x0000000086700000| Untracked 
|  64|0x0000000086800000, 0x0000000086800000, 0x0000000086900000|  0%| F|  |TAMS 0x0000000086800000, 0x0000000086800000| Untracked 
|  65|0x0000000086900000, 0x0000000086900000, 0x0000000086a00000|  0%| F|  |TAMS 0x0000000086900000, 0x0000000086900000| Untracked 
|  66|0x0000000086a00000, 0x0000000086a00000, 0x0000000086b00000|  0%| F|  |TAMS 0x0000000086a00000, 0x0000000086a00000| Untracked 
|  67|0x0000000086b00000, 0x0000000086b00000, 0x0000000086c00000|  0%| F|  |TAMS 0x0000000086b00000, 0x0000000086b00000| Untracked 
|  68|0x0000000086c00000, 0x0000000086c00000, 0x0000000086d00000|  0%| F|  |TAMS 0x0000000086c00000, 0x0000000086c00000| Untracked 
|  69|0x0000000086d00000, 0x0000000086d00000, 0x0000000086e00000|  0%| F|  |TAMS 0x0000000086d00000, 0x0000000086d00000| Untracked 
|  70|0x0000000086e00000, 0x0000000086e00000, 0x0000000086f00000|  0%| F|  |TAMS 0x0000000086e00000, 0x0000000086e00000| Untracked 
|  71|0x0000000086f00000, 0x0000000086f00000, 0x0000000087000000|  0%| F|  |TAMS 0x0000000086f00000, 0x0000000086f00000| Untracked 
|  72|0x0000000087000000, 0x0000000087000000, 0x0000000087100000|  0%| F|  |TAMS 0x0000000087000000, 0x0000000087000000| Untracked 
|  73|0x0000000087100000, 0x0000000087100000, 0x0000000087200000|  0%| F|  |TAMS 0x0000000087100000, 0x0000000087100000| Untracked 
|  74|0x0000000087200000, 0x0000000087200000, 0x0000000087300000|  0%| F|  |TAMS 0x0000000087200000, 0x0000000087200000| Untracked 
|  75|0x0000000087300000, 0x0000000087300000, 0x0000000087400000|  0%| F|  |TAMS 0x0000000087300000, 0x0000000087300000| Untracked 
|  76|0x0000000087400000, 0x0000000087400000, 0x0000000087500000|  0%| F|  |TAMS 0x0000000087400000, 0x0000000087400000| Untracked 
|  77|0x0000000087500000, 0x0000000087500000, 0x0000000087600000|  0%| F|  |TAMS 0x0000000087500000, 0x0000000087500000| Untracked 
|  78|0x0000000087600000, 0x0000000087600000, 0x0000000087700000|  0%| F|  |TAMS 0x0000000087600000, 0x0000000087600000| Untracked 
|  79|0x0000000087700000, 0x0000000087700000, 0x0000000087800000|  0%| F|  |TAMS 0x0000000087700000, 0x0000000087700000| Untracked 
|  80|0x0000000087800000, 0x0000000087800000, 0x0000000087900000|  0%| F|  |TAMS 0x0000000087800000, 0x0000000087800000| Untracked 
|  81|0x0000000087900000, 0x0000000087900000, 0x0000000087a00000|  0%| F|  |TAMS 0x0000000087900000, 0x0000000087900000| Untracked 
|  82|0x0000000087a00000, 0x0000000087a00000, 0x0000000087b00000|  0%| F|  |TAMS 0x0000000087a00000, 0x0000000087a00000| Untracked 
|  83|0x0000000087b00000, 0x0000000087b00000, 0x0000000087c00000|  0%| F|  |TAMS 0x0000000087b00000, 0x0000000087b00000| Untracked 
|  84|0x0000000087c00000, 0x0000000087c00000, 0x0000000087d00000|  0%| F|  |TAMS 0x0000000087c00000, 0x0000000087c00000| Untracked 
|  85|0x0000000087d00000, 0x0000000087d00000, 0x0000000087e00000|  0%| F|  |TAMS 0x0000000087d00000, 0x0000000087d00000| Untracked 
|  86|0x0000000087e00000, 0x0000000087e00000, 0x0000000087f00000|  0%| F|  |TAMS 0x0000000087e00000, 0x0000000087e00000| Untracked 
|  87|0x0000000087f00000, 0x0000000087f00000, 0x0000000088000000|  0%| F|  |TAMS 0x0000000087f00000, 0x0000000087f00000| Untracked 
|  88|0x0000000088000000, 0x0000000088000000, 0x0000000088100000|  0%| F|  |TAMS 0x0000000088000000, 0x0000000088000000| Untracked 
|  89|0x0000000088100000, 0x0000000088100000, 0x0000000088200000|  0%| F|  |TAMS 0x0000000088100000, 0x0000000088100000| Untracked 
|  90|0x0000000088200000, 0x0000000088200000, 0x0000000088300000|  0%| F|  |TAMS 0x0000000088200000, 0x0000000088200000| Untracked 
|  91|0x0000000088300000, 0x0000000088300000, 0x0000000088400000|  0%| F|  |TAMS 0x0000000088300000, 0x0000000088300000| Untracked 
|  92|0x0000000088400000, 0x0000000088400000, 0x0000000088500000|  0%| F|  |TAMS 0x0000000088400000, 0x0000000088400000| Untracked 
|  93|0x0000000088500000, 0x0000000088500000, 0x0000000088600000|  0%| F|  |TAMS 0x0000000088500000, 0x0000000088500000| Untracked 
|  94|0x0000000088600000, 0x0000000088600000, 0x0000000088700000|  0%| F|  |TAMS 0x0000000088600000, 0x0000000088600000| Untracked 
|  95|0x0000000088700000, 0x0000000088700000, 0x0000000088800000|  0%| F|  |TAMS 0x0000000088700000, 0x0000000088700000| Untracked 
|  96|0x0000000088800000, 0x0000000088800000, 0x0000000088900000|  0%| F|  |TAMS 0x0000000088800000, 0x0000000088800000| Untracked 
|  97|0x0000000088900000, 0x0000000088900000, 0x0000000088a00000|  0%| F|  |TAMS 0x0000000088900000, 0x0000000088900000| Untracked 
|  98|0x0000000088a00000, 0x0000000088a00000, 0x0000000088b00000|  0%| F|  |TAMS 0x0000000088a00000, 0x0000000088a00000| Untracked 
|  99|0x0000000088b00000, 0x0000000088b00000, 0x0000000088c00000|  0%| F|  |TAMS 0x0000000088b00000, 0x0000000088b00000| Untracked 
| 100|0x0000000088c00000, 0x0000000088c00000, 0x0000000088d00000|  0%| F|  |TAMS 0x0000000088c00000, 0x0000000088c00000| Untracked 
| 101|0x0000000088d00000, 0x0000000088d00000, 0x0000000088e00000|  0%| F|  |TAMS 0x0000000088d00000, 0x0000000088d00000| Untracked 
| 102|0x0000000088e00000, 0x0000000088e00000, 0x0000000088f00000|  0%| F|  |TAMS 0x0000000088e00000, 0x0000000088e00000| Untracked 
| 103|0x0000000088f00000, 0x0000000088f00000, 0x0000000089000000|  0%| F|  |TAMS 0x0000000088f00000, 0x0000000088f00000| Untracked 
| 104|0x0000000089000000, 0x0000000089000000, 0x0000000089100000|  0%| F|  |TAMS 0x0000000089000000, 0x0000000089000000| Untracked 
| 105|0x0000000089100000, 0x0000000089100000, 0x0000000089200000|  0%| F|  |TAMS 0x0000000089100000, 0x0000000089100000| Untracked 
| 106|0x0000000089200000, 0x0000000089200000, 0x0000000089300000|  0%| F|  |TAMS 0x0000000089200000, 0x0000000089200000| Untracked 
| 107|0x0000000089300000, 0x0000000089300000, 0x0000000089400000|  0%| F|  |TAMS 0x0000000089300000, 0x0000000089300000| Untracked 
| 108|0x0000000089400000, 0x0000000089400000, 0x0000000089500000|  0%| F|  |TAMS 0x0000000089400000, 0x0000000089400000| Untracked 
| 109|0x0000000089500000, 0x0000000089500000, 0x0000000089600000|  0%| F|  |TAMS 0x0000000089500000, 0x0000000089500000| Untracked 
| 110|0x0000000089600000, 0x0000000089600000, 0x0000000089700000|  0%| F|  |TAMS 0x0000000089600000, 0x0000000089600000| Untracked 
| 111|0x0000000089700000, 0x0000000089700000, 0x0000000089800000|  0%| F|  |TAMS 0x0000000089700000, 0x0000000089700000| Untracked 
| 112|0x0000000089800000, 0x0000000089800000, 0x0000000089900000|  0%| F|  |TAMS 0x0000000089800000, 0x0000000089800000| Untracked 
| 113|0x0000000089900000, 0x0000000089900000, 0x0000000089a00000|  0%| F|  |TAMS 0x0000000089900000, 0x0000000089900000| Untracked 
| 114|0x0000000089a00000, 0x0000000089a00000, 0x0000000089b00000|  0%| F|  |TAMS 0x0000000089a00000, 0x0000000089a00000| Untracked 
| 115|0x0000000089b00000, 0x0000000089b00000, 0x0000000089c00000|  0%| F|  |TAMS 0x0000000089b00000, 0x0000000089b00000| Untracked 
| 116|0x0000000089c00000, 0x0000000089c00000, 0x0000000089d00000|  0%| F|  |TAMS 0x0000000089c00000, 0x0000000089c00000| Untracked 
| 117|0x0000000089d00000, 0x0000000089d00000, 0x0000000089e00000|  0%| F|  |TAMS 0x0000000089d00000, 0x0000000089d00000| Untracked 
| 118|0x0000000089e00000, 0x0000000089e00000, 0x0000000089f00000|  0%| F|  |TAMS 0x0000000089e00000, 0x0000000089e00000| Untracked 
| 119|0x0000000089f00000, 0x000000008a000000, 0x000000008a000000|100%| E|  |TAMS 0x0000000089f00000, 0x0000000089f00000| Complete 
| 120|0x000000008a000000, 0x000000008a100000, 0x000000008a100000|100%| E|CS|TAMS 0x000000008a000000, 0x000000008a000000| Complete 
| 121|0x000000008a100000, 0x000000008a200000, 0x000000008a200000|100%| E|CS|TAMS 0x000000008a100000, 0x000000008a100000| Complete 
| 122|0x000000008a200000, 0x000000008a300000, 0x000000008a300000|100%| E|  |TAMS 0x000000008a200000, 0x000000008a200000| Complete 
| 123|0x000000008a300000, 0x000000008a400000, 0x000000008a400000|100%| E|CS|TAMS 0x000000008a300000, 0x000000008a300000| Complete 
| 124|0x000000008a400000, 0x000000008a500000, 0x000000008a500000|100%| E|CS|TAMS 0x000000008a400000, 0x000000008a400000| Complete 
| 125|0x000000008a500000, 0x000000008a600000, 0x000000008a600000|100%| E|CS|TAMS 0x000000008a500000, 0x000000008a500000| Complete 

Card table byte_map: [0x000002185b0c0000,0x000002185b4b0000] _byte_map_base: 0x000002185acac000

Marking Bits (Prev, Next): (CMBitMap*) 0x0000021842667a10, (CMBitMap*) 0x0000021842667a50
 Prev Bits: [0x000002185b8a0000, 0x000002185d800000)
 Next Bits: [0x000002185d800000, 0x000002185f760000)

Polling page: 0x0000021842400000

Metaspace:

Usage:
  Non-class:    996.76 KB used.
      Class:     74.30 KB used.
       Both:      1.05 MB used.

Virtual space:
  Non-class space:       64.00 MB reserved,       1.00 MB (  2%) committed,  1 nodes.
      Class space:        1.00 GB reserved,     128.00 KB ( <1%) committed,  1 nodes.
             Both:        1.06 GB reserved,       1.12 MB ( <1%) committed. 

Chunk freelists:
   Non-Class:  11.61 MB
       Class:  15.70 MB
        Both:  27.31 MB

MaxMetaspaceSize: unlimited
CompressedClassSpaceSize: 1.00 GB
Initial GC threshold: 21.00 MB
Current GC threshold: 21.00 MB
CDS: on
MetaspaceReclaimPolicy: balanced
 - commit_granule_bytes: 65536.
 - commit_granule_words: 8192.
 - virtual_space_node_default_size: 8388608.
 - enlarge_chunks_in_place: 1.
 - new_chunks_are_fully_committed: 0.
 - uncommit_free_chunks: 1.
 - use_allocation_guard: 0.
 - handle_deallocations: 1.


Internal statistics:

num_allocs_failed_limit: 0.
num_arena_births: 6.
num_arena_deaths: 0.
num_vsnodes_births: 2.
num_vsnodes_deaths: 0.
num_space_committed: 18.
num_space_uncommitted: 0.
num_chunks_returned_to_freelist: 0.
num_chunks_taken_from_freelist: 29.
num_chunk_merges: 0.
num_chunk_splits: 16.
num_chunks_enlarged: 11.
num_inconsistent_stats: 0.

CodeHeap 'non-profiled nmethods': size=120000Kb used=112Kb max_used=112Kb free=119887Kb
 bounds [0x0000021853180000, 0x00000218533f0000, 0x000002185a6b0000]
CodeHeap 'profiled nmethods': size=120000Kb used=553Kb max_used=553Kb free=119446Kb
 bounds [0x000002184b6b0000, 0x000002184b920000, 0x0000021852be0000]
CodeHeap 'non-nmethods': size=5760Kb used=1099Kb max_used=1113Kb free=4660Kb
 bounds [0x0000021852be0000, 0x0000021852e50000, 0x0000021853180000]
 total_blobs=737 nmethods=362 adapters=288
 compilation: enabled
              stopped_count=0, restarted_count=0
 full_count=0

Compilation events (20 events):
Event: 0.418 Thread 0x0000021861de8500  349       3       java.lang.StringLatin1::regionMatchesCI (98 bytes)
Event: 0.418 Thread 0x0000021861de8500 nmethod 349 0x000002184b72eb90 code [0x000002184b72edc0, 0x000002184b72f518]
Event: 0.418 Thread 0x0000021861de8500  350       1       sun.nio.fs.NativeBuffer::setOwner (6 bytes)
Event: 0.418 Thread 0x0000021861de8500 nmethod 350 0x000002185319b510 code [0x000002185319b6a0, 0x000002185319b7b8]
Event: 0.418 Thread 0x0000021861de8500  351       1       sun.nio.fs.NativeBuffer::size (5 bytes)
Event: 0.419 Thread 0x0000021861de8500 nmethod 351 0x000002185319b810 code [0x000002185319b9a0, 0x000002185319ba78]
Event: 0.420 Thread 0x0000021861de8500  352   !   3       java.lang.String::<init> (845 bytes)
Event: 0.420 Thread 0x0000021861d83cf0  353       4       java.lang.StringCoding::hasNegatives (25 bytes)
Event: 0.424 Thread 0x0000021861de8500 nmethod 352 0x000002184b72f890 code [0x000002184b72fda0, 0x000002184b732b68]
Event: 0.424 Thread 0x0000021861de8500  362   !   3       java.util.jar.JarFile::isMultiRelease (33 bytes)
Event: 0.424 Thread 0x0000021861d83cf0 nmethod 353 0x000002185319bb10 code [0x000002185319bc80, 0x000002185319be38]
Event: 0.424 Thread 0x0000021861d83cf0  360       4       java.util.concurrent.ConcurrentHashMap::casTabAt (21 bytes)
Event: 0.424 Thread 0x0000021861de8500 nmethod 362 0x000002184b733790 code [0x000002184b733940, 0x000002184b733b48]
Event: 0.424 Thread 0x0000021861de8500  357       3       java.util.jar.JarFile::getEntry (35 bytes)
Event: 0.424 Thread 0x0000021861de8500 nmethod 357 0x000002184b733c10 code [0x000002184b733e00, 0x000002184b734298]
Event: 0.424 Thread 0x0000021861de8500  358       3       java.util.jar.JarFile::getJarEntry (9 bytes)
Event: 0.424 Thread 0x0000021861de8500 nmethod 358 0x000002184b734410 code [0x000002184b7345c0, 0x000002184b734888]
Event: 0.424 Thread 0x0000021861de8500  356   !   3       jdk.internal.loader.URLClassPath$JarLoader::getResource (65 bytes)
Event: 0.425 Thread 0x0000021861de8500 nmethod 356 0x000002184b734990 code [0x000002184b734be0, 0x000002184b735628]
Event: 0.425 Thread 0x0000021861de8500  361   !   3       java.util.jar.JarFile::checkForSpecialAttributes (163 bytes)

GC Heap History (0 events):
No events

Deoptimization events (20 events):
Event: 0.225 Thread 0x000002184250afc0 DEOPT PACKING pc=0x000002184b6cf28c sp=0x0000005f7a3fd740
Event: 0.225 Thread 0x000002184250afc0 DEOPT UNPACKING pc=0x0000021852c32b43 sp=0x0000005f7a3fcbd0 mode 0
Event: 0.225 Thread 0x000002184250afc0 DEOPT PACKING pc=0x000002184b6cf28c sp=0x0000005f7a3fd740
Event: 0.225 Thread 0x000002184250afc0 DEOPT UNPACKING pc=0x0000021852c32b43 sp=0x0000005f7a3fcbd0 mode 0
Event: 0.225 Thread 0x000002184250afc0 DEOPT PACKING pc=0x000002184b6cf28c sp=0x0000005f7a3fd740
Event: 0.225 Thread 0x000002184250afc0 DEOPT UNPACKING pc=0x0000021852c32b43 sp=0x0000005f7a3fcbd0 mode 0
Event: 0.251 Thread 0x000002184250afc0 Uncommon trap: trap_request=0xffffff45 fr.pc=0x0000021853186174 relative=0x00000000000006b4
Event: 0.251 Thread 0x000002184250afc0 Uncommon trap: reason=unstable_if action=reinterpret pc=0x0000021853186174 method=java.util.zip.ZipFile$Source.checkAndAddEntry(II)I @ 50 c2
Event: 0.251 Thread 0x000002184250afc0 DEOPT PACKING pc=0x0000021853186174 sp=0x0000005f7a3fd870
Event: 0.251 Thread 0x000002184250afc0 DEOPT UNPACKING pc=0x0000021852c323a3 sp=0x0000005f7a3fd7e0 mode 2
Event: 0.277 Thread 0x000002184250afc0 DEOPT PACKING pc=0x000002184b6b93e7 sp=0x0000005f7a3fde30
Event: 0.277 Thread 0x000002184250afc0 DEOPT UNPACKING pc=0x0000021852c32b43 sp=0x0000005f7a3fd250 mode 0
Event: 0.418 Thread 0x000002184250afc0 Uncommon trap: trap_request=0xffffff45 fr.pc=0x000002185318c5e4 relative=0x0000000000000064
Event: 0.418 Thread 0x000002184250afc0 Uncommon trap: reason=unstable_if action=reinterpret pc=0x000002185318c5e4 method=java.io.WinNTFileSystem.isSlash(C)Z @ 9 c2
Event: 0.418 Thread 0x000002184250afc0 DEOPT PACKING pc=0x000002185318c5e4 sp=0x0000005f7a3fd9f0
Event: 0.418 Thread 0x000002184250afc0 DEOPT UNPACKING pc=0x0000021852c323a3 sp=0x0000005f7a3fd978 mode 2
Event: 0.420 Thread 0x000002184250afc0 DEOPT PACKING pc=0x000002184b6f328c sp=0x0000005f7a3fce40
Event: 0.420 Thread 0x000002184250afc0 DEOPT UNPACKING pc=0x0000021852c32b43 sp=0x0000005f7a3fc2f0 mode 0
Event: 0.422 Thread 0x000002184250afc0 DEOPT PACKING pc=0x000002184b6d8e56 sp=0x0000005f7a3f96b0
Event: 0.422 Thread 0x000002184250afc0 DEOPT UNPACKING pc=0x0000021852c32b43 sp=0x0000005f7a3f8b50 mode 0

Classes unloaded (0 events):
No events

Classes redefined (0 events):
No events

Internal exceptions (0 events):
No events

VM Operations (6 events):
Event: 0.218 Executing VM operation: HandshakeAllThreads
Event: 0.218 Executing VM operation: HandshakeAllThreads done
Event: 0.406 Executing VM operation: HandshakeAllThreads
Event: 0.407 Executing VM operation: HandshakeAllThreads done
Event: 0.418 Executing VM operation: HandshakeAllThreads
Event: 0.418 Executing VM operation: HandshakeAllThreads done

Events (20 events):
Event: 0.416 loading class sun/net/www/protocol/jar/JarFileFactory
Event: 0.416 loading class sun/net/www/protocol/jar/URLJarFile$URLJarFileCloseController
Event: 0.416 loading class sun/net/www/protocol/jar/URLJarFile$URLJarFileCloseController done
Event: 0.416 loading class sun/net/www/protocol/jar/JarFileFactory done
Event: 0.417 loading class sun/net/www/protocol/file/FileURLConnection
Event: 0.417 loading class sun/net/www/URLConnection
Event: 0.417 loading class sun/net/www/URLConnection done
Event: 0.417 loading class sun/net/www/protocol/file/FileURLConnection done
Event: 0.417 loading class sun/net/www/MessageHeader
Event: 0.417 loading class sun/net/www/MessageHeader done
Event: 0.417 loading class sun/net/www/protocol/jar/URLJarFile
Event: 0.417 loading class sun/net/www/protocol/jar/URLJarFile done
Event: 0.418 loading class sun/net/www/protocol/jar/URLJarFile$URLJarFileEntry
Event: 0.419 loading class sun/net/www/protocol/jar/URLJarFile$URLJarFileEntry done
Event: 0.419 loading class sun/net/www/protocol/jar/JarURLConnection$JarURLInputStream
Event: 0.419 loading class sun/net/www/protocol/jar/JarURLConnection$JarURLInputStream done
Event: 0.419 loading class java/util/LinkedHashMap$LinkedKeySet
Event: 0.419 loading class java/util/LinkedHashMap$LinkedKeySet done
Event: 0.419 loading class java/util/LinkedHashMap$LinkedKeyIterator
Event: 0.419 loading class java/util/LinkedHashMap$LinkedKeyIterator done


Dynamic libraries:
0x00007ff70fc50000 - 0x00007ff70fc60000 	C:\Program Files\Java\jdk-17\bin\javaw.exe
0x00007ffb97370000 - 0x00007ffb97568000 	C:\Windows\SYSTEM32\ntdll.dll
0x00007ffb969b0000 - 0x00007ffb96a6d000 	C:\Windows\System32\KERNEL32.DLL
0x00007ffb94d90000 - 0x00007ffb95086000 	C:\Windows\System32\KERNELBASE.dll
0x00007ffb94c90000 - 0x00007ffb94d90000 	C:\Windows\System32\ucrtbase.dll
0x00007ffb899d0000 - 0x00007ffb899eb000 	C:\Program Files\Java\jdk-17\bin\VCRUNTIME140.dll
0x00007ffb87bf0000 - 0x00007ffb87c09000 	C:\Program Files\Java\jdk-17\bin\jli.dll
0x00007ffb96af0000 - 0x00007ffb96ba0000 	C:\Windows\System32\ADVAPI32.dll
0x00007ffb967a0000 - 0x00007ffb9683e000 	C:\Windows\System32\msvcrt.dll
0x00007ffb95440000 - 0x00007ffb954e0000 	C:\Windows\System32\sechost.dll
0x00007ffb96dd0000 - 0x00007ffb96ef3000 	C:\Windows\System32\RPCRT4.dll
0x00007ffb95130000 - 0x00007ffb95157000 	C:\Windows\System32\bcrypt.dll
0x00007ffb95bc0000 - 0x00007ffb95d5f000 	C:\Windows\System32\USER32.dll
0x00007ffb94a70000 - 0x00007ffb94a92000 	C:\Windows\System32\win32u.dll
0x00007ffb96840000 - 0x00007ffb9686b000 	C:\Windows\System32\GDI32.dll
0x00007ffb95160000 - 0x00007ffb95277000 	C:\Windows\System32\gdi32full.dll
0x00007ffb95090000 - 0x00007ffb9512d000 	C:\Windows\System32\msvcp_win.dll
0x00007ffb74ef0000 - 0x00007ffb7518a000 	C:\Windows\WinSxS\amd64_microsoft.windows.common-controls_6595b64144ccf1df_6.0.19041.4355_none_60b8b9eb71f62e16\COMCTL32.dll
0x00007ffb8b6c0000 - 0x00007ffb8b6ca000 	C:\Windows\SYSTEM32\VERSION.dll
0x00007ffb953a0000 - 0x00007ffb953d2000 	C:\Windows\System32\IMM32.DLL
0x00007ffb899c0000 - 0x00007ffb899cc000 	C:\Program Files\Java\jdk-17\bin\vcruntime140_1.dll
0x00007ffb61150000 - 0x00007ffb611de000 	C:\Program Files\Java\jdk-17\bin\msvcp140.dll
0x00007ffb49080000 - 0x00007ffb49c61000 	C:\Program Files\Java\jdk-17\bin\server\jvm.dll
0x00007ffb964d0000 - 0x00007ffb964d8000 	C:\Windows\System32\PSAPI.DLL
0x00007ffb79090000 - 0x00007ffb79099000 	C:\Windows\SYSTEM32\WSOCK32.dll
0x00007ffb96730000 - 0x00007ffb9679b000 	C:\Windows\System32\WS2_32.dll
0x00007ffb6bf10000 - 0x00007ffb6bf37000 	C:\Windows\SYSTEM32\WINMM.dll
0x00007ffb92860000 - 0x00007ffb92872000 	C:\Windows\SYSTEM32\kernel.appcore.dll
0x00007ffb87ce0000 - 0x00007ffb87cea000 	C:\Program Files\Java\jdk-17\bin\jimage.dll
0x00007ffb8d200000 - 0x00007ffb8d3e4000 	C:\Windows\SYSTEM32\DBGHELP.DLL
0x00007ffb78bf0000 - 0x00007ffb78c24000 	C:\Windows\SYSTEM32\dbgcore.DLL
0x00007ffb94aa0000 - 0x00007ffb94b22000 	C:\Windows\System32\bcryptPrimitives.dll
0x00007ffb87b80000 - 0x00007ffb87ba5000 	C:\Program Files\Java\jdk-17\bin\java.dll
0x00007ffb51840000 - 0x00007ffb51917000 	C:\Program Files\Java\jdk-17\bin\jsvml.dll
0x00007ffb95d60000 - 0x00007ffb964cb000 	C:\Windows\System32\SHELL32.dll
0x00007ffb92a60000 - 0x00007ffb931fd000 	C:\Windows\SYSTEM32\windows.storage.dll
0x00007ffb96fd0000 - 0x00007ffb97323000 	C:\Windows\System32\combase.dll
0x00007ffb943d0000 - 0x00007ffb943fe000 	C:\Windows\SYSTEM32\Wldp.dll
0x00007ffb96f00000 - 0x00007ffb96fcd000 	C:\Windows\System32\OLEAUT32.dll
0x00007ffb965d0000 - 0x00007ffb9667d000 	C:\Windows\System32\SHCORE.dll
0x00007ffb954e0000 - 0x00007ffb95535000 	C:\Windows\System32\shlwapi.dll
0x00007ffb94950000 - 0x00007ffb94974000 	C:\Windows\SYSTEM32\profapi.dll
0x00007ffb83c30000 - 0x00007ffb83c49000 	C:\Program Files\Java\jdk-17\bin\net.dll
0x00007ffb8a700000 - 0x00007ffb8a80a000 	C:\Windows\SYSTEM32\WINHTTP.dll
0x00007ffb940b0000 - 0x00007ffb9411a000 	C:\Windows\system32\mswsock.dll
0x00007ffb78190000 - 0x00007ffb781a6000 	C:\Program Files\Java\jdk-17\bin\nio.dll
0x00007ffb77e80000 - 0x00007ffb77e98000 	C:\Program Files\Java\jdk-17\bin\zip.dll

dbghelp: loaded successfully - version: 4.0.5 - missing functions: none
symbol engine: initialized successfully - sym options: 0x614 - pdb path: .;C:\Program Files\Java\jdk-17\bin;C:\Windows\SYSTEM32;C:\Windows\WinSxS\amd64_microsoft.windows.common-controls_6595b64144ccf1df_6.0.19041.4355_none_60b8b9eb71f62e16;C:\Program Files\Java\jdk-17\bin\server

VM Arguments:
jvm_args: -Dfile.encoding=UTF-8 -Dstdout.encoding=UTF-8 -Dstderr.encoding=UTF-8 -XX:+ShowCodeDetailsInExceptionMessages 
java_command: com.Hospital.Management.System.HospitalManagementSystemApplication
java_class_path (initial): C:\Users\gaurav\Desktop\Hospital Management\Hospital-Management-System\target\classes;C:\Users\gaurav\.m2\repository\org\springframework\boot\spring-boot-starter-data-jpa\3.2.7\spring-boot-starter-data-jpa-3.2.7.jar;C:\Users\gaurav\.m2\repository\org\springframework\boot\spring-boot-starter-aop\3.2.7\spring-boot-starter-aop-3.2.7.jar;C:\Users\gaurav\.m2\repository\org\springframework\spring-aop\6.1.10\spring-aop-6.1.10.jar;C:\Users\gaurav\.m2\repository\org\aspectj\aspectjweaver\1.9.22\aspectjweaver-1.9.22.jar;C:\Users\gaurav\.m2\repository\org\springframework\boot\spring-boot-starter-jdbc\3.2.7\spring-boot-starter-jdbc-3.2.7.jar;C:\Users\gaurav\.m2\repository\com\zaxxer\HikariCP\5.0.1\HikariCP-5.0.1.jar;C:\Users\gaurav\.m2\repository\org\springframework\spring-jdbc\6.1.10\spring-jdbc-6.1.10.jar;C:\Users\gaurav\.m2\repository\org\hibernate\orm\hibernate-core\6.4.9.Final\hibernate-core-6.4.9.Final.jar;C:\Users\gaurav\.m2\repository\jakarta\persistence\jakarta.persistence-api\3.1.0\jakarta.persistence-api-3.1.0.jar;C:\Users\gaurav\.m2\repository\jakarta\transaction\jakarta.transaction-api\2.0.1\jakarta.transaction-api-2.0.1.jar;C:\Users\gaurav\.m2\repository\org\jboss\logging\jboss-logging\3.5.3.Final\jboss-logging-3.5.3.Final.jar;C:\Users\gaurav\.m2\repository\org\hibernate\common\hibernate-commons-annotations\6.0.6.Final\hibernate-commons-annotations-6.0.6.Final.jar;C:\Users\gaurav\.m2\repository\io\smallrye\jandex\3.1.2\jandex-3.1.2.jar;C:\Users\gaurav\.m2\repository\com\fasterxml\classmate\1.6.0\classmate-1.6.0.jar;C:\Users\gaurav\.m2\repository\net\bytebuddy\byte-buddy\1.14.17\byte-buddy-1.14.17.jar;C:\Users\gaurav\.m2\repository\org\glassfish\jaxb\jaxb-runtime\4.0.5\jaxb-runtime-4.0.5.jar;C:\Users\gaurav\.m2\repository\org\glassfish\jaxb\jaxb-core\4.0.5\jaxb-core-4.0.5.jar;C:\Users\gaurav\.m2\repository\org\eclipse\angus\angus-activation\2.0.2\angus-activation-2.0.2.jar;C:\Users\gaurav\.m2\repository\org\glassfish\jaxb\txw2\4.0.5\txw
Launcher Type: SUN_STANDARD

[Global flags]
     intx CICompilerCount                          = 3                                         {product} {ergonomic}
     uint ConcGCThreads                            = 1                                         {product} {ergonomic}
     uint G1ConcRefinementThreads                  = 4                                         {product} {ergonomic}
   size_t G1HeapRegionSize                         = 1048576                                   {product} {ergonomic}
    uintx GCDrainStackTargetSize                   = 64                                        {product} {ergonomic}
   size_t InitialHeapSize                          = 132120576                                 {product} {ergonomic}
   size_t MarkStackSize                            = 4194304                                   {product} {ergonomic}
   size_t MaxHeapSize                              = 2105540608                                {product} {ergonomic}
   size_t MaxNewSize                               = 1262485504                                {product} {ergonomic}
   size_t MinHeapDeltaBytes                        = 1048576                                   {product} {ergonomic}
   size_t MinHeapSize                              = 8388608                                   {product} {ergonomic}
    uintx NonNMethodCodeHeapSize                   = 5832780                                {pd product} {ergonomic}
    uintx NonProfiledCodeHeapSize                  = 122912730                              {pd product} {ergonomic}
    uintx ProfiledCodeHeapSize                     = 122912730                              {pd product} {ergonomic}
    uintx ReservedCodeCacheSize                    = 251658240                              {pd product} {ergonomic}
     bool SegmentedCodeCache                       = true                                      {product} {ergonomic}
     bool ShowCodeDetailsInExceptionMessages       = true                                   {manageable} {command line}
   size_t SoftMaxHeapSize                          = 2105540608                             {manageable} {ergonomic}
     bool UseCompressedClassPointers               = true                           {product lp64_product} {ergonomic}
     bool UseCompressedOops                        = true                           {product lp64_product} {ergonomic}
     bool UseG1GC                                  = true                                      {product} {ergonomic}
     bool UseLargePagesIndividualAllocation        = false                                  {pd product} {ergonomic}

Logging:
Log output configuration:
 #0: stdout all=warning uptime,level,tags
 #1: stderr all=off uptime,level,tags

Environment Variables:
PATH=C:\Program Files (x86)\VMware\VMware Player\bin\;C:\Program Files\Common Files\Oracle\Java\javapath;C:\Windows\system32;C:\Windows;C:\Windows\System32\Wbem;C:\Windows\System32\WindowsPowerShell\v1.0\;C:\Windows\System32\OpenSSH\;E:\Program Files\Git\cmd;E:\nodejs\;C:\Program Files\dotnet\;C:\Users\gaurav\AppData\Local\Programs\Python\Python310\Scripts\;C:\Users\gaurav\AppData\Local\Programs\Python\Python310\;C:\Users\gaurav\AppData\Local\Microsoft\WindowsApps;C:\Users\gaurav\AppData\Roaming\npm;C:\Users\gaurav\AppData\Local\Programs\Microsoft VS Code\bin;C:\MinGW\bin;
USERNAME=gaurav
OS=Windows_NT
PROCESSOR_IDENTIFIER=Intel64 Family 6 Model 142 Stepping 12, GenuineIntel



---------------  S Y S T E M  ---------------

OS:
 Windows 10 , 64 bit Build 19041 (10.0.19041.3636)
OS uptime: 2 days 13:30 hours
Hyper-V role detected

CPU: total 4 (initial active 4) (2 cores per cpu, 2 threads per core) family 6 model 142 stepping 12 microcode 0xde, cx8, cmov, fxsr, ht, mmx, 3dnowpref, sse, sse2, sse3, ssse3, sse4.1, sse4.2, popcnt, lzcnt, tsc, tscinvbit, avx, avx2, aes, erms, clmul, bmi1, bmi2, adx, fma, vzeroupper, clflush, clflushopt, hv

Memory: 4k page, system-wide physical 8025M (1554M free)
TotalPageFile size 8025M (AvailPageFile size 4M)
current process WorkingSet (physical memory assigned to process): 45M, peak: 45M
current process commit charge ("private bytes"): 204M, peak: 204M

vm_info: Java HotSpot(TM) 64-Bit Server VM (17.0.9+11-LTS-201) for windows-amd64 JRE (17.0.9+11-LTS-201), built on Oct 10 2023 23:16:06 by "mach5one" with MS VC++ 17.1 (VS2022)

END.
