#
# There is insufficient memory for the Java Runtime Environment to continue.
# Native memory allocation (malloc) failed to allocate 1931856 bytes for Chunk::new
# Possible reasons:
#   The system is out of physical RAM or swap space
#   The process is running with CompressedOops enabled, and the Java Heap may be blocking the growth of the native heap
# Possible solutions:
#   Reduce memory load on the system
#   Increase physical memory or swap space
#   Check if swap backing store is full
#   Decrease Java heap size (-Xmx/-Xms)
#   Decrease number of Java threads
#   Decrease Java thread stack sizes (-Xss)
#   Set larger code cache with -XX:ReservedCodeCacheSize=
#   JVM is running with Unscaled Compressed Oops mode in which the Java heap is
#     placed in the first 4GB address space. The Java Heap base address is the
#     maximum limit for the native heap growth. Please use -XX:HeapBaseMinAddress
#     to set the Java Heap base and to place the Java Heap above 4GB virtual address.
# This output file may be truncated or incomplete.
#
#  Out of Memory Error (arena.cpp:189), pid=11404, tid=9940
#
# JRE version: Java(TM) SE Runtime Environment (17.0.9+11) (build 17.0.9+11-LTS-201)
# Java VM: Java HotSpot(TM) 64-Bit Server VM (17.0.9+11-LTS-201, mixed mode, sharing, tiered, compressed oops, compressed class ptrs, g1 gc, windows-amd64)
# No core dump will be written. Minidumps are not enabled by default on client versions of Windows
#

---------------  S U M M A R Y ------------

Command Line: -Dfile.encoding=UTF-8 -Dstdout.encoding=UTF-8 -Dstderr.encoding=UTF-8 -XX:+ShowCodeDetailsInExceptionMessages com.Hospital.Management.System.HospitalManagementSystemApplication

Host: Intel(R) Core(TM) i3-10110U CPU @ 2.10GHz, 4 cores, 7G,  Windows 10 , 64 bit Build 19041 (10.0.19041.3636)
Time: Sat Jul 13 17:08:45 2024 India Standard Time elapsed time: 7.733965 seconds (0d 0h 0m 7s)

---------------  T H R E A D  ---------------

Current thread (0x00000244ad0294a0):  JavaThread "C2 CompilerThread0" daemon [_thread_in_native, id=9940, stack(0x0000006a2da00000,0x0000006a2db00000)]


Current CompileTask:
C2:   7734 2549       4       java.lang.invoke.MethodType::makeImpl (109 bytes)

Stack: [0x0000006a2da00000,0x0000006a2db00000]
Native frames: (J=compiled Java code, j=interpreted, Vv=VM code, C=native code)
V  [jvm.dll+0x678a4a]
V  [jvm.dll+0x7d9cfd]
V  [jvm.dll+0x7db60e]
V  [jvm.dll+0x7dbc73]
V  [jvm.dll+0x245e1f]
V  [jvm.dll+0xaaafb]
V  [jvm.dll+0xab09c]
V  [jvm.dll+0x36232f]
V  [jvm.dll+0x32ca01]
V  [jvm.dll+0x32be9a]
V  [jvm.dll+0x21812f]
V  [jvm.dll+0x217561]
V  [jvm.dll+0x1a3bc0]
V  [jvm.dll+0x2272de]
V  [jvm.dll+0x22548b]
V  [jvm.dll+0x78f58c]
V  [jvm.dll+0x78998a]
V  [jvm.dll+0x677875]
C  [ucrtbase.dll+0x21bb2]
C  [KERNEL32.DLL+0x17344]
C  [ntdll.dll+0x526b1]


---------------  P R O C E S S  ---------------

Threads class SMR info:
_java_thread_list=0x00000244f386bba0, length=15, elements={
0x000002448f84deb0, 0x00000244ad013a10, 0x00000244ad014a20, 0x00000244ad024720,
0x00000244ad0251f0, 0x00000244ad027fd0, 0x00000244ad0288a0, 0x00000244ad0294a0,
0x00000244ad0946a0, 0x00000244ad1b2090, 0x00000244ad2621e0, 0x00000244ad27ecb0,
0x00000244adb32510, 0x00000244f30a7ad0, 0x00000244f3682050
}

Java Threads: ( => current thread )
  0x000002448f84deb0 JavaThread "main" [_thread_blocked, id=9616, stack(0x0000006a2cd00000,0x0000006a2ce00000)]
  0x00000244ad013a10 JavaThread "Reference Handler" daemon [_thread_blocked, id=1872, stack(0x0000006a2d400000,0x0000006a2d500000)]
  0x00000244ad014a20 JavaThread "Finalizer" daemon [_thread_blocked, id=8656, stack(0x0000006a2d500000,0x0000006a2d600000)]
  0x00000244ad024720 JavaThread "Signal Dispatcher" daemon [_thread_blocked, id=9452, stack(0x0000006a2d600000,0x0000006a2d700000)]
  0x00000244ad0251f0 JavaThread "Attach Listener" daemon [_thread_blocked, id=7756, stack(0x0000006a2d700000,0x0000006a2d800000)]
  0x00000244ad027fd0 JavaThread "Service Thread" daemon [_thread_blocked, id=12088, stack(0x0000006a2d800000,0x0000006a2d900000)]
  0x00000244ad0288a0 JavaThread "Monitor Deflation Thread" daemon [_thread_blocked, id=3496, stack(0x0000006a2d900000,0x0000006a2da00000)]
=>0x00000244ad0294a0 JavaThread "C2 CompilerThread0" daemon [_thread_in_native, id=9940, stack(0x0000006a2da00000,0x0000006a2db00000)]
  0x00000244ad0946a0 JavaThread "C1 CompilerThread0" daemon [_thread_blocked, id=2588, stack(0x0000006a2db00000,0x0000006a2dc00000)]
  0x00000244ad1b2090 JavaThread "Sweeper thread" daemon [_thread_blocked, id=11268, stack(0x0000006a2dc00000,0x0000006a2dd00000)]
  0x00000244ad2621e0 JavaThread "Notification Thread" daemon [_thread_blocked, id=10024, stack(0x0000006a2dd00000,0x0000006a2de00000)]
  0x00000244ad27ecb0 JavaThread "Common-Cleaner" daemon [_thread_blocked, id=6508, stack(0x0000006a2df00000,0x0000006a2e000000)]
  0x00000244adb32510 JavaThread "Thread-0" [_thread_blocked, id=12308, stack(0x0000006a2e000000,0x0000006a2e100000)]
  0x00000244f30a7ad0 JavaThread "restartedMain" [_thread_in_Java, id=10388, stack(0x0000006a2e400000,0x0000006a2e500000)]
  0x00000244f3682050 JavaThread "C2 CompilerThread1" daemon [_thread_in_native, id=10528, stack(0x0000006a2e600000,0x0000006a2e700000)]

Other Threads:
  0x00000244ad00eef0 VMThread "VM Thread" [stack: 0x0000006a2d300000,0x0000006a2d400000] [id=11648]
  0x000002448f8c6c20 WatcherThread [stack: 0x0000006a2de00000,0x0000006a2df00000] [id=11852]
  0x000002448f8a6100 GCTaskThread "GC Thread#0" [stack: 0x0000006a2ce00000,0x0000006a2cf00000] [id=8628]
  0x00000244adc2c330 GCTaskThread "GC Thread#1" [stack: 0x0000006a2e100000,0x0000006a2e200000] [id=9280]
  0x00000244adc2c5f0 GCTaskThread "GC Thread#2" [stack: 0x0000006a2e200000,0x0000006a2e300000] [id=3116]
  0x00000244ad7e2730 GCTaskThread "GC Thread#3" [stack: 0x0000006a2e300000,0x0000006a2e400000] [id=5076]
  0x000002448f8b9e30 ConcurrentGCThread "G1 Main Marker" [stack: 0x0000006a2cf00000,0x0000006a2d000000] [id=10296]
  0x000002448f8bb760 ConcurrentGCThread "G1 Conc#0" [stack: 0x0000006a2d000000,0x0000006a2d100000] [id=12652]
  0x000002448f9161a0 ConcurrentGCThread "G1 Refine#0" [stack: 0x0000006a2d100000,0x0000006a2d200000] [id=12064]
  0x000002448f916ae0 ConcurrentGCThread "G1 Service" [stack: 0x0000006a2d200000,0x0000006a2d300000] [id=7888]

Threads with active compile tasks:
C2 CompilerThread0     7775 2549       4       java.lang.invoke.MethodType::makeImpl (109 bytes)
C1 CompilerThread0     7775 2713       3       org.springframework.core.type.AnnotationMetadata$$Lambda$356/0x00000244af212e50::apply (8 bytes)
C2 CompilerThread1     7775 2697       4       org.springframework.util.ConcurrentReferenceHashMap$Segment::getReference (55 bytes)

VM state: not at safepoint (normal execution)

VM Mutex/Monitor currently owned by a thread:  ([mutex/lock_event])
[0x000002448f848720] CodeCache_lock - owner thread: 0x00000244ad0946a0
[0x000002448f84a150] Compile_lock - owner thread: 0x0000000000000000

Heap address: 0x0000000082800000, size: 2008 MB, Compressed Oops mode: 32-bit

CDS archive(s) mapped at: [0x00000244ae000000-0x00000244aebd0000-0x00000244aebd0000), size 12386304, SharedBaseAddress: 0x00000244ae000000, ArchiveRelocationMode: 1.
Compressed class space mapped at: 0x00000244af000000-0x00000244ef000000, reserved size: 1073741824
Narrow klass base: 0x00000244ae000000, Narrow klass shift: 0, Narrow klass range: 0x100000000

GC Precious Log:
 CPUs: 4 total, 4 available
 Memory: 8025M
 Large Page Support: Disabled
 NUMA Support: Disabled
 Compressed Oops: Enabled (32-bit)
 Heap Region Size: 1M
 Heap Min Capacity: 8M
 Heap Initial Capacity: 126M
 Heap Max Capacity: 2008M
 Pre-touch: Disabled
 Parallel Workers: 4
 Concurrent Workers: 1
 Concurrent Refinement Workers: 4
 Periodic GC: Disabled

Heap:
 garbage-first heap   total 129024K, used 42101K [0x0000000082800000, 0x0000000100000000)
  region size 1024K, 38 young (38912K), 4 survivors (4096K)
 Metaspace       used 18635K, committed 18816K, reserved 1114112K
  class space    used 2265K, committed 2368K, reserved 1048576K

Heap Regions: E=young(eden), S=young(survivor), O=old, HS=humongous(starts), HC=humongous(continues), CS=collection set, F=free, OA=open archive, CA=closed archive, TAMS=top-at-mark-start (previous, next)
|   0|0x0000000082800000, 0x0000000082900000, 0x0000000082900000|100%|HS|  |TAMS 0x0000000082800000, 0x0000000082800000| Complete 
|   1|0x0000000082900000, 0x0000000082a00000, 0x0000000082a00000|100%| O|  |TAMS 0x0000000082900000, 0x0000000082900000| Untracked 
|   2|0x0000000082a00000, 0x0000000082b00000, 0x0000000082b00000|100%| O|  |TAMS 0x0000000082a00000, 0x0000000082a00000| Untracked 
|   3|0x0000000082b00000, 0x0000000082c00000, 0x0000000082c00000|100%| O|  |TAMS 0x0000000082b00000, 0x0000000082b00000| Untracked 
|   4|0x0000000082c00000, 0x0000000082d00000, 0x0000000082d00000|100%| O|  |TAMS 0x0000000082c00000, 0x0000000082c00000| Untracked 
|   5|0x0000000082d00000, 0x0000000082e00000, 0x0000000082e00000|100%| O|  |TAMS 0x0000000082d00000, 0x0000000082d00000| Untracked 
|   6|0x0000000082e00000, 0x0000000082e0c200, 0x0000000082f00000|  4%| O|  |TAMS 0x0000000082e00000, 0x0000000082e00000| Untracked 
|   7|0x0000000082f00000, 0x0000000082f00000, 0x0000000083000000|  0%| F|  |TAMS 0x0000000082f00000, 0x0000000082f00000| Untracked 
|   8|0x0000000083000000, 0x0000000083000000, 0x0000000083100000|  0%| F|  |TAMS 0x0000000083000000, 0x0000000083000000| Untracked 
|   9|0x0000000083100000, 0x0000000083100000, 0x0000000083200000|  0%| F|  |TAMS 0x0000000083100000, 0x0000000083100000| Untracked 
|  10|0x0000000083200000, 0x0000000083200000, 0x0000000083300000|  0%| F|  |TAMS 0x0000000083200000, 0x0000000083200000| Untracked 
|  11|0x0000000083300000, 0x0000000083300000, 0x0000000083400000|  0%| F|  |TAMS 0x0000000083300000, 0x0000000083300000| Untracked 
|  12|0x0000000083400000, 0x0000000083400000, 0x0000000083500000|  0%| F|  |TAMS 0x0000000083400000, 0x0000000083400000| Untracked 
|  13|0x0000000083500000, 0x0000000083500000, 0x0000000083600000|  0%| F|  |TAMS 0x0000000083500000, 0x0000000083500000| Untracked 
|  14|0x0000000083600000, 0x0000000083600000, 0x0000000083700000|  0%| F|  |TAMS 0x0000000083600000, 0x0000000083600000| Untracked 
|  15|0x0000000083700000, 0x0000000083700000, 0x0000000083800000|  0%| F|  |TAMS 0x0000000083700000, 0x0000000083700000| Untracked 
|  16|0x0000000083800000, 0x0000000083800000, 0x0000000083900000|  0%| F|  |TAMS 0x0000000083800000, 0x0000000083800000| Untracked 
|  17|0x0000000083900000, 0x0000000083900000, 0x0000000083a00000|  0%| F|  |TAMS 0x0000000083900000, 0x0000000083900000| Untracked 
|  18|0x0000000083a00000, 0x0000000083a00000, 0x0000000083b00000|  0%| F|  |TAMS 0x0000000083a00000, 0x0000000083a00000| Untracked 
|  19|0x0000000083b00000, 0x0000000083b00000, 0x0000000083c00000|  0%| F|  |TAMS 0x0000000083b00000, 0x0000000083b00000| Untracked 
|  20|0x0000000083c00000, 0x0000000083c00000, 0x0000000083d00000|  0%| F|  |TAMS 0x0000000083c00000, 0x0000000083c00000| Untracked 
|  21|0x0000000083d00000, 0x0000000083d00000, 0x0000000083e00000|  0%| F|  |TAMS 0x0000000083d00000, 0x0000000083d00000| Untracked 
|  22|0x0000000083e00000, 0x0000000083e00000, 0x0000000083f00000|  0%| F|  |TAMS 0x0000000083e00000, 0x0000000083e00000| Untracked 
|  23|0x0000000083f00000, 0x0000000083f00000, 0x0000000084000000|  0%| F|  |TAMS 0x0000000083f00000, 0x0000000083f00000| Untracked 
|  24|0x0000000084000000, 0x0000000084000000, 0x0000000084100000|  0%| F|  |TAMS 0x0000000084000000, 0x0000000084000000| Untracked 
|  25|0x0000000084100000, 0x0000000084100000, 0x0000000084200000|  0%| F|  |TAMS 0x0000000084100000, 0x0000000084100000| Untracked 
|  26|0x0000000084200000, 0x0000000084200000, 0x0000000084300000|  0%| F|  |TAMS 0x0000000084200000, 0x0000000084200000| Untracked 
|  27|0x0000000084300000, 0x0000000084300000, 0x0000000084400000|  0%| F|  |TAMS 0x0000000084300000, 0x0000000084300000| Untracked 
|  28|0x0000000084400000, 0x0000000084400000, 0x0000000084500000|  0%| F|  |TAMS 0x0000000084400000, 0x0000000084400000| Untracked 
|  29|0x0000000084500000, 0x0000000084500000, 0x0000000084600000|  0%| F|  |TAMS 0x0000000084500000, 0x0000000084500000| Untracked 
|  30|0x0000000084600000, 0x0000000084600000, 0x0000000084700000|  0%| F|  |TAMS 0x0000000084600000, 0x0000000084600000| Untracked 
|  31|0x0000000084700000, 0x0000000084700000, 0x0000000084800000|  0%| F|  |TAMS 0x0000000084700000, 0x0000000084700000| Untracked 
|  32|0x0000000084800000, 0x0000000084800000, 0x0000000084900000|  0%| F|  |TAMS 0x0000000084800000, 0x0000000084800000| Untracked 
|  33|0x0000000084900000, 0x0000000084900000, 0x0000000084a00000|  0%| F|  |TAMS 0x0000000084900000, 0x0000000084900000| Untracked 
|  34|0x0000000084a00000, 0x0000000084a00000, 0x0000000084b00000|  0%| F|  |TAMS 0x0000000084a00000, 0x0000000084a00000| Untracked 
|  35|0x0000000084b00000, 0x0000000084b00000, 0x0000000084c00000|  0%| F|  |TAMS 0x0000000084b00000, 0x0000000084b00000| Untracked 
|  36|0x0000000084c00000, 0x0000000084c00000, 0x0000000084d00000|  0%| F|  |TAMS 0x0000000084c00000, 0x0000000084c00000| Untracked 
|  37|0x0000000084d00000, 0x0000000084d00000, 0x0000000084e00000|  0%| F|  |TAMS 0x0000000084d00000, 0x0000000084d00000| Untracked 
|  38|0x0000000084e00000, 0x0000000084e00000, 0x0000000084f00000|  0%| F|  |TAMS 0x0000000084e00000, 0x0000000084e00000| Untracked 
|  39|0x0000000084f00000, 0x0000000084f00000, 0x0000000085000000|  0%| F|  |TAMS 0x0000000084f00000, 0x0000000084f00000| Untracked 
|  40|0x0000000085000000, 0x0000000085000000, 0x0000000085100000|  0%| F|  |TAMS 0x0000000085000000, 0x0000000085000000| Untracked 
|  41|0x0000000085100000, 0x0000000085100000, 0x0000000085200000|  0%| F|  |TAMS 0x0000000085100000, 0x0000000085100000| Untracked 
|  42|0x0000000085200000, 0x0000000085200000, 0x0000000085300000|  0%| F|  |TAMS 0x0000000085200000, 0x0000000085200000| Untracked 
|  43|0x0000000085300000, 0x0000000085300000, 0x0000000085400000|  0%| F|  |TAMS 0x0000000085300000, 0x0000000085300000| Untracked 
|  44|0x0000000085400000, 0x0000000085400000, 0x0000000085500000|  0%| F|  |TAMS 0x0000000085400000, 0x0000000085400000| Untracked 
|  45|0x0000000085500000, 0x0000000085500000, 0x0000000085600000|  0%| F|  |TAMS 0x0000000085500000, 0x0000000085500000| Untracked 
|  46|0x0000000085600000, 0x0000000085600000, 0x0000000085700000|  0%| F|  |TAMS 0x0000000085600000, 0x0000000085600000| Untracked 
|  47|0x0000000085700000, 0x0000000085700000, 0x0000000085800000|  0%| F|  |TAMS 0x0000000085700000, 0x0000000085700000| Untracked 
|  48|0x0000000085800000, 0x0000000085800000, 0x0000000085900000|  0%| F|  |TAMS 0x0000000085800000, 0x0000000085800000| Untracked 
|  49|0x0000000085900000, 0x0000000085900000, 0x0000000085a00000|  0%| F|  |TAMS 0x0000000085900000, 0x0000000085900000| Untracked 
|  50|0x0000000085a00000, 0x0000000085a00000, 0x0000000085b00000|  0%| F|  |TAMS 0x0000000085a00000, 0x0000000085a00000| Untracked 
|  51|0x0000000085b00000, 0x0000000085b00000, 0x0000000085c00000|  0%| F|  |TAMS 0x0000000085b00000, 0x0000000085b00000| Untracked 
|  52|0x0000000085c00000, 0x0000000085c00000, 0x0000000085d00000|  0%| F|  |TAMS 0x0000000085c00000, 0x0000000085c00000| Untracked 
|  53|0x0000000085d00000, 0x0000000085d00000, 0x0000000085e00000|  0%| F|  |TAMS 0x0000000085d00000, 0x0000000085d00000| Untracked 
|  54|0x0000000085e00000, 0x0000000085e00000, 0x0000000085f00000|  0%| F|  |TAMS 0x0000000085e00000, 0x0000000085e00000| Untracked 
|  55|0x0000000085f00000, 0x0000000085f00000, 0x0000000086000000|  0%| F|  |TAMS 0x0000000085f00000, 0x0000000085f00000| Untracked 
|  56|0x0000000086000000, 0x0000000086000000, 0x0000000086100000|  0%| F|  |TAMS 0x0000000086000000, 0x0000000086000000| Untracked 
|  57|0x0000000086100000, 0x0000000086100000, 0x0000000086200000|  0%| F|  |TAMS 0x0000000086100000, 0x0000000086100000| Untracked 
|  58|0x0000000086200000, 0x0000000086200000, 0x0000000086300000|  0%| F|  |TAMS 0x0000000086200000, 0x0000000086200000| Untracked 
|  59|0x0000000086300000, 0x0000000086300000, 0x0000000086400000|  0%| F|  |TAMS 0x0000000086300000, 0x0000000086300000| Untracked 
|  60|0x0000000086400000, 0x0000000086400000, 0x0000000086500000|  0%| F|  |TAMS 0x0000000086400000, 0x0000000086400000| Untracked 
|  61|0x0000000086500000, 0x0000000086500000, 0x0000000086600000|  0%| F|  |TAMS 0x0000000086500000, 0x0000000086500000| Untracked 
|  62|0x0000000086600000, 0x0000000086600000, 0x0000000086700000|  0%| F|  |TAMS 0x0000000086600000, 0x0000000086600000| Untracked 
|  63|0x0000000086700000, 0x0000000086700000, 0x0000000086800000|  0%| F|  |TAMS 0x0000000086700000, 0x0000000086700000| Untracked 
|  64|0x0000000086800000, 0x0000000086800000, 0x0000000086900000|  0%| F|  |TAMS 0x0000000086800000, 0x0000000086800000| Untracked 
|  65|0x0000000086900000, 0x0000000086900000, 0x0000000086a00000|  0%| F|  |TAMS 0x0000000086900000, 0x0000000086900000| Untracked 
|  66|0x0000000086a00000, 0x0000000086a00000, 0x0000000086b00000|  0%| F|  |TAMS 0x0000000086a00000, 0x0000000086a00000| Untracked 
|  67|0x0000000086b00000, 0x0000000086b00000, 0x0000000086c00000|  0%| F|  |TAMS 0x0000000086b00000, 0x0000000086b00000| Untracked 
|  68|0x0000000086c00000, 0x0000000086c00000, 0x0000000086d00000|  0%| F|  |TAMS 0x0000000086c00000, 0x0000000086c00000| Untracked 
|  69|0x0000000086d00000, 0x0000000086d00000, 0x0000000086e00000|  0%| F|  |TAMS 0x0000000086d00000, 0x0000000086d00000| Untracked 
|  70|0x0000000086e00000, 0x0000000086e00000, 0x0000000086f00000|  0%| F|  |TAMS 0x0000000086e00000, 0x0000000086e00000| Untracked 
|  71|0x0000000086f00000, 0x0000000086f00000, 0x0000000087000000|  0%| F|  |TAMS 0x0000000086f00000, 0x0000000086f00000| Untracked 
|  72|0x0000000087000000, 0x0000000087000000, 0x0000000087100000|  0%| F|  |TAMS 0x0000000087000000, 0x0000000087000000| Untracked 
|  73|0x0000000087100000, 0x0000000087100000, 0x0000000087200000|  0%| F|  |TAMS 0x0000000087100000, 0x0000000087100000| Untracked 
|  74|0x0000000087200000, 0x0000000087200000, 0x0000000087300000|  0%| F|  |TAMS 0x0000000087200000, 0x0000000087200000| Untracked 
|  75|0x0000000087300000, 0x0000000087300000, 0x0000000087400000|  0%| F|  |TAMS 0x0000000087300000, 0x0000000087300000| Untracked 
|  76|0x0000000087400000, 0x0000000087400000, 0x0000000087500000|  0%| F|  |TAMS 0x0000000087400000, 0x0000000087400000| Untracked 
|  77|0x0000000087500000, 0x0000000087500000, 0x0000000087600000|  0%| F|  |TAMS 0x0000000087500000, 0x0000000087500000| Untracked 
|  78|0x0000000087600000, 0x0000000087600000, 0x0000000087700000|  0%| F|  |TAMS 0x0000000087600000, 0x0000000087600000| Untracked 
|  79|0x0000000087700000, 0x0000000087700000, 0x0000000087800000|  0%| F|  |TAMS 0x0000000087700000, 0x0000000087700000| Untracked 
|  80|0x0000000087800000, 0x0000000087800000, 0x0000000087900000|  0%| F|  |TAMS 0x0000000087800000, 0x0000000087800000| Untracked 
|  81|0x0000000087900000, 0x0000000087900000, 0x0000000087a00000|  0%| F|  |TAMS 0x0000000087900000, 0x0000000087900000| Untracked 
|  82|0x0000000087a00000, 0x0000000087a00000, 0x0000000087b00000|  0%| F|  |TAMS 0x0000000087a00000, 0x0000000087a00000| Untracked 
|  83|0x0000000087b00000, 0x0000000087b00000, 0x0000000087c00000|  0%| F|  |TAMS 0x0000000087b00000, 0x0000000087b00000| Untracked 
|  84|0x0000000087c00000, 0x0000000087c00000, 0x0000000087d00000|  0%| F|  |TAMS 0x0000000087c00000, 0x0000000087c00000| Untracked 
|  85|0x0000000087d00000, 0x0000000087d00000, 0x0000000087e00000|  0%| F|  |TAMS 0x0000000087d00000, 0x0000000087d00000| Untracked 
|  86|0x0000000087e00000, 0x0000000087e00000, 0x0000000087f00000|  0%| F|  |TAMS 0x0000000087e00000, 0x0000000087e00000| Untracked 
|  87|0x0000000087f00000, 0x0000000087f00000, 0x0000000088000000|  0%| F|  |TAMS 0x0000000087f00000, 0x0000000087f00000| Untracked 
|  88|0x0000000088000000, 0x0000000088100000, 0x0000000088100000|100%| E|  |TAMS 0x0000000088000000, 0x0000000088000000| Complete 
|  89|0x0000000088100000, 0x0000000088200000, 0x0000000088200000|100%| E|CS|TAMS 0x0000000088100000, 0x0000000088100000| Complete 
|  90|0x0000000088200000, 0x0000000088300000, 0x0000000088300000|100%| E|CS|TAMS 0x0000000088200000, 0x0000000088200000| Complete 
|  91|0x0000000088300000, 0x0000000088400000, 0x0000000088400000|100%| E|CS|TAMS 0x0000000088300000, 0x0000000088300000| Complete 
|  92|0x0000000088400000, 0x0000000088500000, 0x0000000088500000|100%| E|CS|TAMS 0x0000000088400000, 0x0000000088400000| Complete 
|  93|0x0000000088500000, 0x0000000088511440, 0x0000000088600000|  6%| S|CS|TAMS 0x0000000088500000, 0x0000000088500000| Complete 
|  94|0x0000000088600000, 0x0000000088700000, 0x0000000088700000|100%| S|CS|TAMS 0x0000000088600000, 0x0000000088600000| Complete 
|  95|0x0000000088700000, 0x0000000088800000, 0x0000000088800000|100%| S|CS|TAMS 0x0000000088700000, 0x0000000088700000| Complete 
|  96|0x0000000088800000, 0x0000000088900000, 0x0000000088900000|100%| S|CS|TAMS 0x0000000088800000, 0x0000000088800000| Complete 
|  97|0x0000000088900000, 0x0000000088a00000, 0x0000000088a00000|100%| E|CS|TAMS 0x0000000088900000, 0x0000000088900000| Complete 
|  98|0x0000000088a00000, 0x0000000088b00000, 0x0000000088b00000|100%| E|CS|TAMS 0x0000000088a00000, 0x0000000088a00000| Complete 
|  99|0x0000000088b00000, 0x0000000088c00000, 0x0000000088c00000|100%| E|CS|TAMS 0x0000000088b00000, 0x0000000088b00000| Complete 
| 100|0x0000000088c00000, 0x0000000088d00000, 0x0000000088d00000|100%| E|CS|TAMS 0x0000000088c00000, 0x0000000088c00000| Complete 
| 101|0x0000000088d00000, 0x0000000088e00000, 0x0000000088e00000|100%| E|CS|TAMS 0x0000000088d00000, 0x0000000088d00000| Complete 
| 102|0x0000000088e00000, 0x0000000088f00000, 0x0000000088f00000|100%| E|CS|TAMS 0x0000000088e00000, 0x0000000088e00000| Complete 
| 103|0x0000000088f00000, 0x0000000089000000, 0x0000000089000000|100%| E|CS|TAMS 0x0000000088f00000, 0x0000000088f00000| Complete 
| 104|0x0000000089000000, 0x0000000089100000, 0x0000000089100000|100%| E|CS|TAMS 0x0000000089000000, 0x0000000089000000| Complete 
| 105|0x0000000089100000, 0x0000000089200000, 0x0000000089200000|100%| E|CS|TAMS 0x0000000089100000, 0x0000000089100000| Complete 
| 106|0x0000000089200000, 0x0000000089300000, 0x0000000089300000|100%| E|CS|TAMS 0x0000000089200000, 0x0000000089200000| Complete 
| 107|0x0000000089300000, 0x0000000089400000, 0x0000000089400000|100%| E|CS|TAMS 0x0000000089300000, 0x0000000089300000| Complete 
| 108|0x0000000089400000, 0x0000000089500000, 0x0000000089500000|100%| E|CS|TAMS 0x0000000089400000, 0x0000000089400000| Complete 
| 109|0x0000000089500000, 0x0000000089600000, 0x0000000089600000|100%| E|CS|TAMS 0x0000000089500000, 0x0000000089500000| Complete 
| 110|0x0000000089600000, 0x0000000089700000, 0x0000000089700000|100%| E|CS|TAMS 0x0000000089600000, 0x0000000089600000| Complete 
| 111|0x0000000089700000, 0x0000000089800000, 0x0000000089800000|100%| E|CS|TAMS 0x0000000089700000, 0x0000000089700000| Complete 
| 112|0x0000000089800000, 0x0000000089900000, 0x0000000089900000|100%| E|CS|TAMS 0x0000000089800000, 0x0000000089800000| Complete 
| 113|0x0000000089900000, 0x0000000089a00000, 0x0000000089a00000|100%| E|CS|TAMS 0x0000000089900000, 0x0000000089900000| Complete 
| 114|0x0000000089a00000, 0x0000000089b00000, 0x0000000089b00000|100%| E|CS|TAMS 0x0000000089a00000, 0x0000000089a00000| Complete 
| 115|0x0000000089b00000, 0x0000000089c00000, 0x0000000089c00000|100%| E|CS|TAMS 0x0000000089b00000, 0x0000000089b00000| Complete 
| 116|0x0000000089c00000, 0x0000000089d00000, 0x0000000089d00000|100%| E|CS|TAMS 0x0000000089c00000, 0x0000000089c00000| Complete 
| 117|0x0000000089d00000, 0x0000000089e00000, 0x0000000089e00000|100%| E|CS|TAMS 0x0000000089d00000, 0x0000000089d00000| Complete 
| 118|0x0000000089e00000, 0x0000000089f00000, 0x0000000089f00000|100%| E|CS|TAMS 0x0000000089e00000, 0x0000000089e00000| Complete 
| 119|0x0000000089f00000, 0x000000008a000000, 0x000000008a000000|100%| E|CS|TAMS 0x0000000089f00000, 0x0000000089f00000| Complete 
| 120|0x000000008a000000, 0x000000008a100000, 0x000000008a100000|100%| E|CS|TAMS 0x000000008a000000, 0x000000008a000000| Complete 
| 121|0x000000008a100000, 0x000000008a200000, 0x000000008a200000|100%| E|  |TAMS 0x000000008a100000, 0x000000008a100000| Complete 
| 122|0x000000008a200000, 0x000000008a300000, 0x000000008a300000|100%| E|CS|TAMS 0x000000008a200000, 0x000000008a200000| Complete 
| 123|0x000000008a300000, 0x000000008a400000, 0x000000008a400000|100%| E|CS|TAMS 0x000000008a300000, 0x000000008a300000| Complete 
| 124|0x000000008a400000, 0x000000008a500000, 0x000000008a500000|100%| E|CS|TAMS 0x000000008a400000, 0x000000008a400000| Complete 
| 125|0x000000008a500000, 0x000000008a600000, 0x000000008a600000|100%| E|CS|TAMS 0x000000008a500000, 0x000000008a500000| Complete 

Card table byte_map: [0x00000244a64e0000,0x00000244a68d0000] _byte_map_base: 0x00000244a60cc000

Marking Bits (Prev, Next): (CMBitMap*) 0x000002448f8a8a50, (CMBitMap*) 0x000002448f8a8a90
 Prev Bits: [0x00000244a6cc0000, 0x00000244a8c20000)
 Next Bits: [0x00000244a8c20000, 0x00000244aab80000)

Polling page: 0x000002448f020000

Metaspace:

Usage:
  Non-class:     16.00 MB used.
      Class:      2.22 MB used.
       Both:     18.21 MB used.

Virtual space:
  Non-class space:       64.00 MB reserved,      16.12 MB ( 25%) committed,  1 nodes.
      Class space:        1.00 GB reserved,       2.31 MB ( <1%) committed,  1 nodes.
             Both:        1.06 GB reserved,      18.44 MB (  2%) committed. 

Chunk freelists:
   Non-Class:  15.11 MB
       Class:  13.69 MB
        Both:  28.80 MB

MaxMetaspaceSize: unlimited
CompressedClassSpaceSize: 1.00 GB
Initial GC threshold: 21.00 MB
Current GC threshold: 21.00 MB
CDS: on
MetaspaceReclaimPolicy: balanced
 - commit_granule_bytes: 65536.
 - commit_granule_words: 8192.
 - virtual_space_node_default_size: 8388608.
 - enlarge_chunks_in_place: 1.
 - new_chunks_are_fully_committed: 0.
 - uncommit_free_chunks: 1.
 - use_allocation_guard: 0.
 - handle_deallocations: 1.


Internal statistics:

num_allocs_failed_limit: 0.
num_arena_births: 228.
num_arena_deaths: 0.
num_vsnodes_births: 2.
num_vsnodes_deaths: 0.
num_space_committed: 295.
num_space_uncommitted: 0.
num_chunks_returned_to_freelist: 0.
num_chunks_taken_from_freelist: 850.
num_chunk_merges: 0.
num_chunk_splits: 573.
num_chunks_enlarged: 447.
num_inconsistent_stats: 0.

CodeHeap 'non-profiled nmethods': size=120000Kb used=1196Kb max_used=1196Kb free=118803Kb
 bounds [0x000002449ebc0000, 0x000002449ee30000, 0x00000244a60f0000]
CodeHeap 'profiled nmethods': size=120000Kb used=5736Kb max_used=5736Kb free=114263Kb
 bounds [0x00000244970f0000, 0x0000024497690000, 0x000002449e620000]
CodeHeap 'non-nmethods': size=5760Kb used=1201Kb max_used=1248Kb free=4558Kb
 bounds [0x000002449e620000, 0x000002449e890000, 0x000002449ebc0000]
 total_blobs=3210 nmethods=2713 adapters=409
 compilation: enabled
              stopped_count=0, restarted_count=0
 full_count=0

Compilation events (20 events):
Event: 7.708 Thread 0x00000244f3682050 2680       4       java.lang.StringLatin1::compareTo (52 bytes)
Event: 7.713 Thread 0x00000244f3682050 nmethod 2680 0x000002449ece7f10 code [0x000002449ece8080, 0x000002449ece8258]
Event: 7.713 Thread 0x00000244f3682050 2681       4       java.lang.invoke.Invokers$Holder::linkToTargetMethod (9 bytes)
Event: 7.714 Thread 0x00000244f3682050 nmethod 2681 0x000002449ece8310 code [0x000002449ece84a0, 0x000002449ece8578]
Event: 7.714 Thread 0x00000244f3682050 2672       4       java.lang.String::equalsIgnoreCase (45 bytes)
Event: 7.715 Thread 0x00000244ad0946a0 2683  s!   3       sun.net.www.protocol.file.Handler::openConnection (271 bytes)
Event: 7.718 Thread 0x00000244ad0946a0 nmethod 2683 0x000002449766ca90 code [0x000002449766d000, 0x000002449766f5d8]
Event: 7.718 Thread 0x00000244ad0946a0 2684       3       sun.net.www.protocol.file.FileURLConnection::<init> (38 bytes)
Event: 7.719 Thread 0x00000244ad0946a0 nmethod 2684 0x0000024497670590 code [0x0000024497670760, 0x0000024497670b58]
Event: 7.719 Thread 0x00000244ad0946a0 2685       3       sun.net.www.MessageHeader::grow (92 bytes)
Event: 7.719 Thread 0x00000244ad0946a0 nmethod 2685 0x0000024497670d10 code [0x0000024497670ee0, 0x0000024497671478]
Event: 7.726 Thread 0x00000244ad0946a0 2686   !   3       org.springframework.core.type.filter.AssignableTypeFilter::matchTargetType (72 bytes)
Event: 7.727 Thread 0x00000244ad0946a0 nmethod 2686 0x0000024497671590 code [0x00000244976718c0, 0x00000244976729c8]
Event: 7.728 Thread 0x00000244f3682050 nmethod 2672 0x000002449ece8690 code [0x000002449ece8840, 0x000002449ece8ff8]
Event: 7.728 Thread 0x00000244ad0946a0 2687   !   3       org.springframework.core.type.filter.AbstractTypeHierarchyTraversingFilter::match (245 bytes)
Event: 7.728 Thread 0x00000244f3682050 2688       4       org.springframework.util.StringUtils::deleteAny (90 bytes)
Event: 7.729 Thread 0x00000244ad0946a0 nmethod 2687 0x0000024497673090 code [0x00000244976733e0, 0x0000024497674aa8]
Event: 7.729 Thread 0x00000244ad0946a0 2689       3       org.springframework.core.type.classreading.SimpleMethodMetadataReadingVisitor$$Lambda$351/0x00000244af20b068::accept (14 bytes)
Event: 7.730 Thread 0x00000244ad0946a0 nmethod 2689 0x0000024497675190 code [0x0000024497675340, 0x0000024497675628]
Event: 7.730 Thread 0x00000244f3682050 nmethod 2688 0x000002449ece9490 code [0x000002449ece9600, 0x000002449ece96b8]

GC Heap History (6 events):
Event: 0.963 GC heap before
{Heap before GC invocations=0 (full 0):
 garbage-first heap   total 129024K, used 13312K [0x0000000082800000, 0x0000000100000000)
  region size 1024K, 13 young (13312K), 0 survivors (0K)
 Metaspace       used 3460K, committed 3648K, reserved 1114112K
  class space    used 367K, committed 448K, reserved 1048576K
}
Event: 0.972 GC heap after
{Heap after GC invocations=1 (full 0):
 garbage-first heap   total 129024K, used 6001K [0x0000000082800000, 0x0000000100000000)
  region size 1024K, 2 young (2048K), 2 survivors (2048K)
 Metaspace       used 3460K, committed 3648K, reserved 1114112K
  class space    used 367K, committed 448K, reserved 1048576K
}
Event: 1.826 GC heap before
{Heap before GC invocations=1 (full 0):
 garbage-first heap   total 129024K, used 16241K [0x0000000082800000, 0x0000000100000000)
  region size 1024K, 13 young (13312K), 2 survivors (2048K)
 Metaspace       used 6139K, committed 6336K, reserved 1114112K
  class space    used 718K, committed 832K, reserved 1048576K
}
Event: 1.834 GC heap after
{Heap after GC invocations=2 (full 0):
 garbage-first heap   total 129024K, used 6975K [0x0000000082800000, 0x0000000100000000)
  region size 1024K, 1 young (1024K), 1 survivors (1024K)
 Metaspace       used 6139K, committed 6336K, reserved 1114112K
  class space    used 718K, committed 832K, reserved 1048576K
}
Event: 6.150 GC heap before
{Heap before GC invocations=2 (full 0):
 garbage-first heap   total 129024K, used 34623K [0x0000000082800000, 0x0000000100000000)
  region size 1024K, 29 young (29696K), 1 survivors (1024K)
 Metaspace       used 13247K, committed 13504K, reserved 1114112K
  class space    used 1597K, committed 1728K, reserved 1048576K
}
Event: 6.158 GC heap after
{Heap after GC invocations=3 (full 0):
 garbage-first heap   total 129024K, used 9333K [0x0000000082800000, 0x0000000100000000)
  region size 1024K, 4 young (4096K), 4 survivors (4096K)
 Metaspace       used 13247K, committed 13504K, reserved 1114112K
  class space    used 1597K, committed 1728K, reserved 1048576K
}

Deoptimization events (20 events):
Event: 7.221 Thread 0x00000244f30a7ad0 Uncommon trap: trap_request=0xffffffc6 fr.pc=0x000002449ec7e6b0 relative=0x0000000000001b10
Event: 7.221 Thread 0x00000244f30a7ad0 Uncommon trap: reason=bimorphic_or_optimized_type_check action=maybe_recompile pc=0x000002449ec7e6b0 method=java.util.HashMap.putVal(ILjava/lang/Object;Ljava/lang/Object;ZZ)Ljava/lang/Object; @ 91 c2
Event: 7.221 Thread 0x00000244f30a7ad0 DEOPT PACKING pc=0x000002449ec7e6b0 sp=0x0000006a2e4fd9e0
Event: 7.221 Thread 0x00000244f30a7ad0 DEOPT UNPACKING pc=0x000002449e6723a3 sp=0x0000006a2e4fd898 mode 2
Event: 7.250 Thread 0x00000244f30a7ad0 Uncommon trap: trap_request=0xffffffde fr.pc=0x000002449ec7e6cc relative=0x0000000000001b2c
Event: 7.250 Thread 0x00000244f30a7ad0 Uncommon trap: reason=class_check action=maybe_recompile pc=0x000002449ec7e6cc method=java.util.HashMap.putVal(ILjava/lang/Object;Ljava/lang/Object;ZZ)Ljava/lang/Object; @ 203 c2
Event: 7.250 Thread 0x00000244f30a7ad0 DEOPT PACKING pc=0x000002449ec7e6cc sp=0x0000006a2e4fd910
Event: 7.250 Thread 0x00000244f30a7ad0 DEOPT UNPACKING pc=0x000002449e6723a3 sp=0x0000006a2e4fd7d8 mode 2
Event: 7.267 Thread 0x00000244f30a7ad0 Uncommon trap: trap_request=0xffffff45 fr.pc=0x000002449ecb4aa4 relative=0x00000000000025c4
Event: 7.267 Thread 0x00000244f30a7ad0 Uncommon trap: reason=unstable_if action=reinterpret pc=0x000002449ecb4aa4 method=jdk.internal.org.objectweb.asm.ByteVector.enlarge(I)V @ 17 c2
Event: 7.268 Thread 0x00000244f30a7ad0 DEOPT PACKING pc=0x000002449ecb4aa4 sp=0x0000006a2e4fc1a0
Event: 7.268 Thread 0x00000244f30a7ad0 DEOPT UNPACKING pc=0x000002449e6723a3 sp=0x0000006a2e4fc018 mode 2
Event: 7.390 Thread 0x00000244f30a7ad0 Uncommon trap: trap_request=0xffffff45 fr.pc=0x000002449ecc6164 relative=0x0000000000001a44
Event: 7.390 Thread 0x00000244f30a7ad0 Uncommon trap: reason=unstable_if action=reinterpret pc=0x000002449ecc6164 method=jdk.internal.jimage.ImageLocation.verifyName(Ljava/lang/String;Ljava/lang/String;IIIIIILjdk/internal/jimage/ImageStrings;)Z @ 27 c2
Event: 7.390 Thread 0x00000244f30a7ad0 DEOPT PACKING pc=0x000002449ecc6164 sp=0x0000006a2e4fcf80
Event: 7.390 Thread 0x00000244f30a7ad0 DEOPT UNPACKING pc=0x000002449e6723a3 sp=0x0000006a2e4fce78 mode 2
Event: 7.580 Thread 0x00000244f30a7ad0 Uncommon trap: trap_request=0xffffff45 fr.pc=0x000002449eccd768 relative=0x00000000000019e8
Event: 7.580 Thread 0x00000244f30a7ad0 Uncommon trap: reason=unstable_if action=reinterpret pc=0x000002449eccd768 method=jdk.internal.jimage.ImageStringsReader.stringFromByteBufferMatches(Ljava/nio/ByteBuffer;ILjava/lang/String;I)I @ 48 c2
Event: 7.580 Thread 0x00000244f30a7ad0 DEOPT PACKING pc=0x000002449eccd768 sp=0x0000006a2e4fccd0
Event: 7.580 Thread 0x00000244f30a7ad0 DEOPT UNPACKING pc=0x000002449e6723a3 sp=0x0000006a2e4fc858 mode 2

Classes unloaded (0 events):
No events

Classes redefined (0 events):
No events

Internal exceptions (20 events):
Event: 2.428 Thread 0x00000244f30a7ad0 Exception <a 'java/lang/NoSuchMethodError'{0x0000000089e37fb8}: 'java.lang.Object java.lang.invoke.DirectMethodHandle$Holder.invokeVirtual(java.lang.Object, java.lang.Object, java.lang.Object)'> (0x0000000089e37fb8) 
thrown [s\open\src\hotspot\share\interpreter\linkResolver.cpp, line 759]
Event: 2.435 Thread 0x00000244f30a7ad0 Exception <a 'java/lang/NoSuchMethodError'{0x0000000089e5a1a0}: 'java.lang.Object java.lang.invoke.DirectMethodHandle$Holder.invokeStatic(java.lang.Object, java.lang.Object, long, java.lang.Object)'> (0x0000000089e5a1a0) 
thrown [s\open\src\hotspot\share\interpreter\linkResolver.cpp, line 759]
Event: 2.436 Thread 0x00000244f30a7ad0 Exception <a 'java/lang/NoSuchMethodError'{0x0000000089e5dc38}: 'java.lang.Object java.lang.invoke.DirectMethodHandle$Holder.invokeStaticInit(java.lang.Object, java.lang.Object, long, java.lang.Object)'> (0x0000000089e5dc38) 
thrown [s\open\src\hotspot\share\interpreter\linkResolver.cpp, line 759]
Event: 2.436 Thread 0x00000244f30a7ad0 Exception <a 'java/lang/NoSuchMethodError'{0x0000000089e64380}: 'java.lang.Object java.lang.invoke.DirectMethodHandle$Holder.newInvokeSpecial(java.lang.Object, java.lang.Object, long)'> (0x0000000089e64380) 
thrown [s\open\src\hotspot\share\interpreter\linkResolver.cpp, line 759]
Event: 2.437 Thread 0x00000244f30a7ad0 Exception <a 'java/lang/NoSuchMethodError'{0x0000000089e67ef0}: 'java.lang.Object java.lang.invoke.Invokers$Holder.linkToTargetMethod(java.lang.Object, long, java.lang.Object)'> (0x0000000089e67ef0) 
thrown [s\open\src\hotspot\share\interpreter\linkResolver.cpp, line 759]
Event: 2.476 Thread 0x00000244f30a7ad0 Exception <a 'java/lang/NoSuchMethodError'{0x0000000089ebfed8}: 'void java.lang.invoke.DirectMethodHandle$Holder.invokeSpecial(java.lang.Object, java.lang.Object, java.lang.Object, java.lang.Object, java.lang.Object)'> (0x0000000089ebfed8) 
thrown [s\open\src\hotspot\share\interpreter\linkResolver.cpp, line 759]
Event: 2.486 Thread 0x00000244f30a7ad0 Exception <a 'java/lang/NoSuchMethodError'{0x0000000089ec8468}: 'void java.lang.invoke.DirectMethodHandle$Holder.invokeVirtual(java.lang.Object, java.lang.Object, java.lang.Object, java.lang.Object)'> (0x0000000089ec8468) 
thrown [s\open\src\hotspot\share\interpreter\linkResolver.cpp, line 759]
Event: 2.625 Thread 0x00000244f30a7ad0 Exception <a 'java/lang/NoSuchMethodError'{0x0000000089c38b50}: 'void java.lang.invoke.DirectMethodHandle$Holder.invokeSpecial(java.lang.Object, java.lang.Object, java.lang.Object)'> (0x0000000089c38b50) 
thrown [s\open\src\hotspot\share\interpreter\linkResolver.cpp, line 759]
Event: 2.634 Thread 0x00000244f358d080 Exception <a 'java/lang/NoClassDefFoundError'{0x0000000089cab870}: jakarta/validation/Validation> (0x0000000089cab870) 
thrown [s\open\src\hotspot\share\classfile\systemDictionary.cpp, line 245]
Event: 2.639 Thread 0x00000244f30a7ad0 Exception <a 'java/lang/IncompatibleClassChangeError'{0x0000000089c6b2b0}: Found class java.lang.Object, but interface was expected> (0x0000000089c6b2b0) 
thrown [s\open\src\hotspot\share\interpreter\linkResolver.cpp, line 826]
Event: 6.398 Thread 0x00000244f358d080 Exception <a 'java/lang/NoSuchMethodError'{0x0000000089fc3478}: 'long java.lang.invoke.DirectMethodHandle$Holder.invokeSpecial(java.lang.Object, java.lang.Object)'> (0x0000000089fc3478) 
thrown [s\open\src\hotspot\share\interpreter\linkResolver.cpp, line 759]
Event: 6.409 Thread 0x00000244f358d080 Exception <a 'java/lang/NoSuchMethodError'{0x0000000089fce6a0}: 'long java.lang.invoke.DirectMethodHandle$Holder.invokeStatic(java.lang.Object, java.lang.Object)'> (0x0000000089fce6a0) 
thrown [s\open\src\hotspot\share\interpreter\linkResolver.cpp, line 759]
Event: 6.409 Thread 0x00000244f358d080 Exception <a 'java/lang/NoSuchMethodError'{0x0000000089fd1ca0}: 'long java.lang.invoke.DirectMethodHandle$Holder.invokeStaticInit(java.lang.Object, java.lang.Object)'> (0x0000000089fd1ca0) 
thrown [s\open\src\hotspot\share\interpreter\linkResolver.cpp, line 759]
Event: 6.412 Thread 0x00000244f358d080 Exception <a 'java/lang/NoSuchMethodError'{0x0000000089fdf848}: 'long java.lang.invoke.DirectMethodHandle$Holder.invokeInterface(java.lang.Object, java.lang.Object)'> (0x0000000089fdf848) 
thrown [s\open\src\hotspot\share\interpreter\linkResolver.cpp, line 759]
Event: 6.412 Thread 0x00000244f358d080 Exception <a 'java/lang/IncompatibleClassChangeError'{0x0000000089fe2dd8}: Found class java.lang.Object, but interface was expected> (0x0000000089fe2dd8) 
thrown [s\open\src\hotspot\share\interpreter\linkResolver.cpp, line 826]
Event: 6.435 Thread 0x00000244f358d080 Exception <a 'java/lang/NoSuchMethodError'{0x0000000089ed9ad0}: 'java.lang.Object java.lang.invoke.DirectMethodHandle$Holder.invokeVirtual(java.lang.Object, java.lang.Object, java.lang.Object, java.lang.Object)'> (0x0000000089ed9ad0) 
thrown [s\open\src\hotspot\share\interpreter\linkResolver.cpp, line 759]
Event: 6.463 Thread 0x00000244f30a7ad0 Exception <a 'sun/nio/fs/WindowsException'{0x0000000089d4c3f0}> (0x0000000089d4c3f0) 
thrown [s\open\src\hotspot\share\prims\jni.cpp, line 516]
Event: 6.468 Thread 0x00000244f30a7ad0 Exception <a 'java/lang/NoSuchMethodError'{0x0000000089d4de40}: 'int java.lang.invoke.DirectMethodHandle$Holder.invokeSpecial(java.lang.Object, java.lang.Object, java.lang.Object, java.lang.Object, java.lang.Object)'> (0x0000000089d4de40) 
thrown [s\open\src\hotspot\share\interpreter\linkResolver.cpp, line 759]
Event: 6.471 Thread 0x00000244f30a7ad0 Exception <a 'java/lang/NoSuchMethodError'{0x0000000089d56d48}: 'void java.lang.invoke.DirectMethodHandle$Holder.invokeVirtual(java.lang.Object, java.lang.Object)'> (0x0000000089d56d48) 
thrown [s\open\src\hotspot\share\interpreter\linkResolver.cpp, line 759]
Event: 7.022 Thread 0x00000244f30a7ad0 Exception <a 'java/lang/IncompatibleClassChangeError'{0x0000000089293308}: Found class java.lang.Object, but interface was expected> (0x0000000089293308) 
thrown [s\open\src\hotspot\share\interpreter\linkResolver.cpp, line 826]

VM Operations (20 events):
Event: 2.885 Executing VM operation: ICBufferFull
Event: 2.885 Executing VM operation: ICBufferFull done
Event: 3.907 Executing VM operation: Cleanup
Event: 3.935 Executing VM operation: Cleanup done
Event: 4.362 Executing VM operation: HandshakeAllThreads
Event: 4.362 Executing VM operation: HandshakeAllThreads done
Event: 5.376 Executing VM operation: Cleanup
Event: 5.381 Executing VM operation: Cleanup done
Event: 6.150 Executing VM operation: G1CollectForAllocation
Event: 6.159 Executing VM operation: G1CollectForAllocation done
Event: 6.218 Executing VM operation: HandshakeAllThreads
Event: 6.219 Executing VM operation: HandshakeAllThreads done
Event: 6.395 Executing VM operation: HandshakeAllThreads
Event: 6.395 Executing VM operation: HandshakeAllThreads done
Event: 6.533 Executing VM operation: HandshakeAllThreads
Event: 6.533 Executing VM operation: HandshakeAllThreads done
Event: 6.634 Executing VM operation: HandshakeAllThreads
Event: 6.634 Executing VM operation: HandshakeAllThreads done
Event: 7.143 Executing VM operation: ICBufferFull
Event: 7.143 Executing VM operation: ICBufferFull done

Events (20 events):
Event: 6.700 loading class javax/security/auth/Subject done
Event: 6.703 loading class com/sun/security/sasl/Provider
Event: 6.703 loading class com/sun/security/sasl/Provider done
Event: 6.703 loading class com/sun/security/sasl/Provider$1
Event: 6.703 loading class com/sun/security/sasl/Provider$1 done
Event: 6.703 loading class com/sun/security/sasl/Provider$ProviderService
Event: 6.703 loading class com/sun/security/sasl/Provider$ProviderService done
Event: 6.703 loading class sun/security/provider/certpath/ldap/JdkLDAP
Event: 6.703 loading class sun/security/provider/certpath/ldap/JdkLDAP done
Event: 6.705 loading class sun/security/provider/certpath/ldap/JdkLDAP$ProviderService
Event: 6.705 loading class sun/security/provider/certpath/ldap/JdkLDAP$ProviderService done
Event: 6.713 Thread 0x00000244f358d080 Thread exited: 0x00000244f358d080
Event: 6.881 Thread 0x00000244f38e3060 Thread added: 0x00000244f38e3060
Event: 6.948 loading class javax/naming/ldap/LdapContext
Event: 6.949 loading class javax/naming/directory/DirContext
Event: 6.949 loading class javax/naming/directory/DirContext done
Event: 6.949 loading class javax/naming/ldap/LdapContext done
Event: 7.001 Thread 0x00000244f38e3060 Thread exited: 0x00000244f38e3060
Event: 7.538 loading class java/beans/PropertyVetoException
Event: 7.538 loading class java/beans/PropertyVetoException done


Dynamic libraries:
0x00007ff702d70000 - 0x00007ff702d80000 	C:\Program Files\Java\jdk-17\bin\javaw.exe
0x00007ffe6ebf0000 - 0x00007ffe6ede8000 	C:\Windows\SYSTEM32\ntdll.dll
0x00007ffe6d210000 - 0x00007ffe6d2cd000 	C:\Windows\System32\KERNEL32.DLL
0x00007ffe6c700000 - 0x00007ffe6c9f6000 	C:\Windows\System32\KERNELBASE.dll
0x00007ffe6ca70000 - 0x00007ffe6cb70000 	C:\Windows\System32\ucrtbase.dll
0x00007ffe53af0000 - 0x00007ffe53b09000 	C:\Program Files\Java\jdk-17\bin\jli.dll
0x00007ffe5f730000 - 0x00007ffe5f74b000 	C:\Program Files\Java\jdk-17\bin\VCRUNTIME140.dll
0x00007ffe6d160000 - 0x00007ffe6d210000 	C:\Windows\System32\ADVAPI32.dll
0x00007ffe6d4e0000 - 0x00007ffe6d57e000 	C:\Windows\System32\msvcrt.dll
0x00007ffe6dab0000 - 0x00007ffe6db50000 	C:\Windows\System32\sechost.dll
0x00007ffe6d910000 - 0x00007ffe6da33000 	C:\Windows\System32\RPCRT4.dll
0x00007ffe6c550000 - 0x00007ffe6c577000 	C:\Windows\System32\bcrypt.dll
0x00007ffe6ccd0000 - 0x00007ffe6ce6f000 	C:\Windows\System32\USER32.dll
0x00007ffe6c3c0000 - 0x00007ffe6c3e2000 	C:\Windows\System32\win32u.dll
0x00007ffe6d580000 - 0x00007ffe6d5ab000 	C:\Windows\System32\GDI32.dll
0x00007ffe6c2a0000 - 0x00007ffe6c3b7000 	C:\Windows\System32\gdi32full.dll
0x00007ffe6c610000 - 0x00007ffe6c6ad000 	C:\Windows\System32\msvcp_win.dll
0x00007ffe4e9e0000 - 0x00007ffe4ec7a000 	C:\Windows\WinSxS\amd64_microsoft.windows.common-controls_6595b64144ccf1df_6.0.19041.4355_none_60b8b9eb71f62e16\COMCTL32.dll
0x00007ffe62690000 - 0x00007ffe6269a000 	C:\Windows\SYSTEM32\VERSION.dll
0x00007ffe6e030000 - 0x00007ffe6e062000 	C:\Windows\System32\IMM32.DLL
0x00007ffe64450000 - 0x00007ffe6445c000 	C:\Program Files\Java\jdk-17\bin\vcruntime140_1.dll
0x00007ffe38050000 - 0x00007ffe380de000 	C:\Program Files\Java\jdk-17\bin\msvcp140.dll
0x00007ffe01b30000 - 0x00007ffe02711000 	C:\Program Files\Java\jdk-17\bin\server\jvm.dll
0x00007ffe6e020000 - 0x00007ffe6e028000 	C:\Windows\System32\PSAPI.DLL
0x00007ffe55b50000 - 0x00007ffe55b59000 	C:\Windows\SYSTEM32\WSOCK32.dll
0x00007ffe4fa40000 - 0x00007ffe4fa67000 	C:\Windows\SYSTEM32\WINMM.dll
0x00007ffe6da40000 - 0x00007ffe6daab000 	C:\Windows\System32\WS2_32.dll
0x00007ffe6aa70000 - 0x00007ffe6aa82000 	C:\Windows\SYSTEM32\kernel.appcore.dll
0x00007ffe63fd0000 - 0x00007ffe63fda000 	C:\Program Files\Java\jdk-17\bin\jimage.dll
0x00007ffe66e40000 - 0x00007ffe67024000 	C:\Windows\SYSTEM32\DBGHELP.DLL
0x00007ffe513e0000 - 0x00007ffe51414000 	C:\Windows\SYSTEM32\dbgcore.DLL
0x00007ffe6c580000 - 0x00007ffe6c602000 	C:\Windows\System32\bcryptPrimitives.dll
0x00007ffe4a790000 - 0x00007ffe4a7b5000 	C:\Program Files\Java\jdk-17\bin\java.dll
0x00007ffe37f70000 - 0x00007ffe38047000 	C:\Program Files\Java\jdk-17\bin\jsvml.dll
0x00007ffe6e1a0000 - 0x00007ffe6e90b000 	C:\Windows\System32\SHELL32.dll
0x00007ffe6a290000 - 0x00007ffe6aa2d000 	C:\Windows\SYSTEM32\windows.storage.dll
0x00007ffe6d5b0000 - 0x00007ffe6d903000 	C:\Windows\System32\combase.dll
0x00007ffe6bbf0000 - 0x00007ffe6bc1e000 	C:\Windows\SYSTEM32\Wldp.dll
0x00007ffe6e0d0000 - 0x00007ffe6e19d000 	C:\Windows\System32\OLEAUT32.dll
0x00007ffe6cc20000 - 0x00007ffe6cccd000 	C:\Windows\System32\SHCORE.dll
0x00007ffe6e910000 - 0x00007ffe6e965000 	C:\Windows\System32\shlwapi.dll
0x00007ffe6c1d0000 - 0x00007ffe6c1f4000 	C:\Windows\SYSTEM32\profapi.dll
0x00007ffe49a80000 - 0x00007ffe49a99000 	C:\Program Files\Java\jdk-17\bin\net.dll
0x00007ffe65f40000 - 0x00007ffe6604a000 	C:\Windows\SYSTEM32\WINHTTP.dll
0x00007ffe6b910000 - 0x00007ffe6b97a000 	C:\Windows\system32\mswsock.dll
0x00007ffe46d90000 - 0x00007ffe46da6000 	C:\Program Files\Java\jdk-17\bin\nio.dll
0x00007ffe432c0000 - 0x00007ffe432d8000 	C:\Program Files\Java\jdk-17\bin\zip.dll
0x00007ffe5fd10000 - 0x00007ffe5fd1a000 	C:\Program Files\Java\jdk-17\bin\management.dll
0x00007ffe5f7d0000 - 0x00007ffe5f7db000 	C:\Program Files\Java\jdk-17\bin\management_ext.dll
0x00007ffe60c10000 - 0x00007ffe60c1e000 	C:\Program Files\Java\jdk-17\bin\sunmscapi.dll
0x00007ffe6c3f0000 - 0x00007ffe6c54e000 	C:\Windows\System32\CRYPT32.dll
0x00007ffe6bc60000 - 0x00007ffe6bc89000 	C:\Windows\SYSTEM32\ncrypt.dll
0x00007ffe6bc20000 - 0x00007ffe6bc5b000 	C:\Windows\SYSTEM32\NTASN1.dll

dbghelp: loaded successfully - version: 4.0.5 - missing functions: none
symbol engine: initialized successfully - sym options: 0x614 - pdb path: .;C:\Program Files\Java\jdk-17\bin;C:\Windows\SYSTEM32;C:\Windows\WinSxS\amd64_microsoft.windows.common-controls_6595b64144ccf1df_6.0.19041.4355_none_60b8b9eb71f62e16;C:\Program Files\Java\jdk-17\bin\server

VM Arguments:
jvm_args: -Dfile.encoding=UTF-8 -Dstdout.encoding=UTF-8 -Dstderr.encoding=UTF-8 -XX:+ShowCodeDetailsInExceptionMessages 
java_command: com.Hospital.Management.System.HospitalManagementSystemApplication
java_class_path (initial): C:\Users\gaurav\Desktop\Hospital Management\Hospital-Management-System\target\classes;C:\Users\gaurav\.m2\repository\org\springframework\boot\spring-boot-starter-data-jpa\3.2.7\spring-boot-starter-data-jpa-3.2.7.jar;C:\Users\gaurav\.m2\repository\org\springframework\boot\spring-boot-starter-aop\3.2.7\spring-boot-starter-aop-3.2.7.jar;C:\Users\gaurav\.m2\repository\org\springframework\spring-aop\6.1.10\spring-aop-6.1.10.jar;C:\Users\gaurav\.m2\repository\org\aspectj\aspectjweaver\1.9.22\aspectjweaver-1.9.22.jar;C:\Users\gaurav\.m2\repository\org\springframework\boot\spring-boot-starter-jdbc\3.2.7\spring-boot-starter-jdbc-3.2.7.jar;C:\Users\gaurav\.m2\repository\com\zaxxer\HikariCP\5.0.1\HikariCP-5.0.1.jar;C:\Users\gaurav\.m2\repository\org\springframework\spring-jdbc\6.1.10\spring-jdbc-6.1.10.jar;C:\Users\gaurav\.m2\repository\org\hibernate\orm\hibernate-core\6.4.9.Final\hibernate-core-6.4.9.Final.jar;C:\Users\gaurav\.m2\repository\jakarta\persistence\jakarta.persistence-api\3.1.0\jakarta.persistence-api-3.1.0.jar;C:\Users\gaurav\.m2\repository\jakarta\transaction\jakarta.transaction-api\2.0.1\jakarta.transaction-api-2.0.1.jar;C:\Users\gaurav\.m2\repository\org\jboss\logging\jboss-logging\3.5.3.Final\jboss-logging-3.5.3.Final.jar;C:\Users\gaurav\.m2\repository\org\hibernate\common\hibernate-commons-annotations\6.0.6.Final\hibernate-commons-annotations-6.0.6.Final.jar;C:\Users\gaurav\.m2\repository\io\smallrye\jandex\3.1.2\jandex-3.1.2.jar;C:\Users\gaurav\.m2\repository\com\fasterxml\classmate\1.6.0\classmate-1.6.0.jar;C:\Users\gaurav\.m2\repository\net\bytebuddy\byte-buddy\1.14.17\byte-buddy-1.14.17.jar;C:\Users\gaurav\.m2\repository\org\glassfish\jaxb\jaxb-runtime\4.0.5\jaxb-runtime-4.0.5.jar;C:\Users\gaurav\.m2\repository\org\glassfish\jaxb\jaxb-core\4.0.5\jaxb-core-4.0.5.jar;C:\Users\gaurav\.m2\repository\org\eclipse\angus\angus-activation\2.0.2\angus-activation-2.0.2.jar;C:\Users\gaurav\.m2\repository\org\glassfish\jaxb\txw2\4.0.5\txw
Launcher Type: SUN_STANDARD

[Global flags]
     intx CICompilerCount                          = 3                                         {product} {ergonomic}
     uint ConcGCThreads                            = 1                                         {product} {ergonomic}
     uint G1ConcRefinementThreads                  = 4                                         {product} {ergonomic}
   size_t G1HeapRegionSize                         = 1048576                                   {product} {ergonomic}
    uintx GCDrainStackTargetSize                   = 64                                        {product} {ergonomic}
   size_t InitialHeapSize                          = 132120576                                 {product} {ergonomic}
   size_t MarkStackSize                            = 4194304                                   {product} {ergonomic}
   size_t MaxHeapSize                              = 2105540608                                {product} {ergonomic}
   size_t MaxNewSize                               = 1262485504                                {product} {ergonomic}
   size_t MinHeapDeltaBytes                        = 1048576                                   {product} {ergonomic}
   size_t MinHeapSize                              = 8388608                                   {product} {ergonomic}
    uintx NonNMethodCodeHeapSize                   = 5832780                                {pd product} {ergonomic}
    uintx NonProfiledCodeHeapSize                  = 122912730                              {pd product} {ergonomic}
    uintx ProfiledCodeHeapSize                     = 122912730                              {pd product} {ergonomic}
    uintx ReservedCodeCacheSize                    = 251658240                              {pd product} {ergonomic}
     bool SegmentedCodeCache                       = true                                      {product} {ergonomic}
     bool ShowCodeDetailsInExceptionMessages       = true                                   {manageable} {command line}
   size_t SoftMaxHeapSize                          = 2105540608                             {manageable} {ergonomic}
     bool UseCompressedClassPointers               = true                           {product lp64_product} {ergonomic}
     bool UseCompressedOops                        = true                           {product lp64_product} {ergonomic}
     bool UseG1GC                                  = true                                      {product} {ergonomic}
     bool UseLargePagesIndividualAllocation        = false                                  {pd product} {ergonomic}

Logging:
Log output configuration:
 #0: stdout all=warning uptime,level,tags
 #1: stderr all=off uptime,level,tags

Environment Variables:
PATH=C:\Program Files (x86)\VMware\VMware Player\bin\;C:\Program Files\Common Files\Oracle\Java\javapath;C:\Windows\system32;C:\Windows;C:\Windows\System32\Wbem;C:\Windows\System32\WindowsPowerShell\v1.0\;C:\Windows\System32\OpenSSH\;E:\Program Files\Git\cmd;E:\nodejs\;C:\Program Files\dotnet\;C:\Users\gaurav\AppData\Local\Programs\Python\Python310\Scripts\;C:\Users\gaurav\AppData\Local\Programs\Python\Python310\;C:\Users\gaurav\AppData\Local\Microsoft\WindowsApps;C:\Users\gaurav\AppData\Roaming\npm;C:\Users\gaurav\AppData\Local\Programs\Microsoft VS Code\bin;C:\MinGW\bin;
USERNAME=gaurav
OS=Windows_NT
PROCESSOR_IDENTIFIER=Intel64 Family 6 Model 142 Stepping 12, GenuineIntel



---------------  S Y S T E M  ---------------

OS:
 Windows 10 , 64 bit Build 19041 (10.0.19041.3636)
OS uptime: 0 days 9:13 hours
Hyper-V role detected

CPU: total 4 (initial active 4) (2 cores per cpu, 2 threads per core) family 6 model 142 stepping 12 microcode 0xde, cx8, cmov, fxsr, ht, mmx, 3dnowpref, sse, sse2, sse3, ssse3, sse4.1, sse4.2, popcnt, lzcnt, tsc, tscinvbit, avx, avx2, aes, erms, clmul, bmi1, bmi2, adx, fma, vzeroupper, clflush, clflushopt, hv

Memory: 4k page, system-wide physical 8025M (1669M free)
TotalPageFile size 8025M (AvailPageFile size 5M)
current process WorkingSet (physical memory assigned to process): 132M, peak: 132M
current process commit charge ("private bytes"): 250M, peak: 252M

vm_info: Java HotSpot(TM) 64-Bit Server VM (17.0.9+11-LTS-201) for windows-amd64 JRE (17.0.9+11-LTS-201), built on Oct 10 2023 23:16:06 by "mach5one" with MS VC++ 17.1 (VS2022)

END.
