#
# There is insufficient memory for the Java Runtime Environment to continue.
# Native memory allocation (malloc) failed to allocate 32744 bytes for ChunkPool::allocate
# Possible reasons:
#   The system is out of physical RAM or swap space
#   The process is running with CompressedOops enabled, and the Java Heap may be blocking the growth of the native heap
# Possible solutions:
#   Reduce memory load on the system
#   Increase physical memory or swap space
#   Check if swap backing store is full
#   Decrease Java heap size (-Xmx/-Xms)
#   Decrease number of Java threads
#   Decrease Java thread stack sizes (-Xss)
#   Set larger code cache with -XX:ReservedCodeCacheSize=
#   JVM is running with Unscaled Compressed Oops mode in which the Java heap is
#     placed in the first 4GB address space. The Java Heap base address is the
#     maximum limit for the native heap growth. Please use -XX:HeapBaseMinAddress
#     to set the Java Heap base and to place the Java Heap above 4GB virtual address.
# This output file may be truncated or incomplete.
#
#  Out of Memory Error (arena.cpp:78), pid=9800, tid=792
#
# JRE version: Java(TM) SE Runtime Environment (17.0.9+11) (build 17.0.9+11-LTS-201)
# Java VM: Java HotSpot(TM) 64-Bit Server VM (17.0.9+11-LTS-201, mixed mode, sharing, tiered, compressed oops, compressed class ptrs, g1 gc, windows-amd64)
# No core dump will be written. Minidumps are not enabled by default on client versions of Windows
#

---------------  S U M M A R Y ------------

Command Line: -Dfile.encoding=UTF-8 -Dstdout.encoding=UTF-8 -Dstderr.encoding=UTF-8 -XX:+ShowCodeDetailsInExceptionMessages com.Hospital.Management.System.HospitalManagementSystemApplication

Host: Intel(R) Core(TM) i3-10110U CPU @ 2.10GHz, 4 cores, 7G,  Windows 10 , 64 bit Build 19041 (10.0.19041.4597)
Time: Sat Aug 10 18:54:09 2024 India Standard Time elapsed time: 147.099876 seconds (0d 0h 2m 27s)

---------------  T H R E A D  ---------------

Current thread (0x00000142cb395ee0):  JavaThread "C2 CompilerThread0" daemon [_thread_in_native, id=792, stack(0x0000002011e00000,0x0000002011f00000)]


Current CompileTask:
C2: 147101 8054   !   4       java.util.concurrent.ConcurrentHashMap::putVal (432 bytes)

Stack: [0x0000002011e00000,0x0000002011f00000]
Native frames: (J=compiled Java code, j=interpreted, Vv=VM code, C=native code)
V  [jvm.dll+0x678a4a]
V  [jvm.dll+0x7d9cfd]
V  [jvm.dll+0x7db60e]
V  [jvm.dll+0x7dbc73]
V  [jvm.dll+0x245e1f]
V  [jvm.dll+0xaad50]
V  [jvm.dll+0xab09c]
V  [jvm.dll+0x11d4f5]
V  [jvm.dll+0x6a24c7]
V  [jvm.dll+0x1bbc07]
V  [jvm.dll+0x218287]
V  [jvm.dll+0x217561]
V  [jvm.dll+0x1a3bc0]
V  [jvm.dll+0x2272de]
V  [jvm.dll+0x22548b]
V  [jvm.dll+0x78f58c]
V  [jvm.dll+0x78998a]
V  [jvm.dll+0x677875]
C  [ucrtbase.dll+0x21bb2]
C  [KERNEL32.DLL+0x17374]
C  [ntdll.dll+0x4cc91]


---------------  P R O C E S S  ---------------

Threads class SMR info:
_java_thread_list=0x00000143131e6c30, length=31, elements={
0x00000142cb37ea60, 0x00000142cb3800d0, 0x00000142cb391770, 0x00000142cb392140,
0x00000142cb3931b0, 0x00000142cb395230, 0x00000142cb395ee0, 0x00000142cb3a4c60,
0x00000142cb3e0910, 0x00000142cb5e8880, 0x00000142cb603450, 0x0000014312bb6070,
0x00000143141b5500, 0x00000143141b1330, 0x00000143141ae5a0, 0x00000143141b36a0,
0x00000143141b0e20, 0x00000143141b3bb0, 0x00000143141b45d0, 0x00000143141b2770,
0x00000143141b1840, 0x00000143141b2260, 0x00000143141aeab0, 0x00000143141b4ae0,
0x00000143141af9e0, 0x00000143141b4ff0, 0x00000143141b5a10, 0x00000143141aefc0,
0x00000143141afef0, 0x0000014312bb79c0, 0x0000014312bb6580
}

Java Threads: ( => current thread )
  0x00000142cb37ea60 JavaThread "Reference Handler" daemon [_thread_blocked, id=2180, stack(0x0000002011800000,0x0000002011900000)]
  0x00000142cb3800d0 JavaThread "Finalizer" daemon [_thread_blocked, id=7356, stack(0x0000002011900000,0x0000002011a00000)]
  0x00000142cb391770 JavaThread "Signal Dispatcher" daemon [_thread_blocked, id=12372, stack(0x0000002011a00000,0x0000002011b00000)]
  0x00000142cb392140 JavaThread "Attach Listener" daemon [_thread_blocked, id=13184, stack(0x0000002011b00000,0x0000002011c00000)]
  0x00000142cb3931b0 JavaThread "Service Thread" daemon [_thread_blocked, id=10320, stack(0x0000002011c00000,0x0000002011d00000)]
  0x00000142cb395230 JavaThread "Monitor Deflation Thread" daemon [_thread_blocked, id=1876, stack(0x0000002011d00000,0x0000002011e00000)]
=>0x00000142cb395ee0 JavaThread "C2 CompilerThread0" daemon [_thread_in_native, id=792, stack(0x0000002011e00000,0x0000002011f00000)]
  0x00000142cb3a4c60 JavaThread "C1 CompilerThread0" daemon [_thread_blocked, id=8240, stack(0x0000002011f00000,0x0000002012000000)]
  0x00000142cb3e0910 JavaThread "Sweeper thread" daemon [_thread_blocked, id=2976, stack(0x0000002012000000,0x0000002012100000)]
  0x00000142cb5e8880 JavaThread "Notification Thread" daemon [_thread_blocked, id=9768, stack(0x0000002012100000,0x0000002012200000)]
  0x00000142cb603450 JavaThread "Common-Cleaner" daemon [_thread_blocked, id=12964, stack(0x0000002012300000,0x0000002012400000)]
  0x0000014312bb6070 JavaThread "mysql-cj-abandoned-connection-cleanup" daemon [_thread_blocked, id=7112, stack(0x0000002012d00000,0x0000002012e00000)]
  0x00000143141b5500 JavaThread "Live Reload Server" daemon [_thread_in_native, id=12200, stack(0x0000002013300000,0x0000002013400000)]
  0x00000143141b1330 JavaThread "DestroyJavaVM" [_thread_blocked, id=12384, stack(0x0000002011100000,0x0000002011200000)]
  0x00000143141ae5a0 JavaThread "Catalina-utility-1" [_thread_blocked, id=1072, stack(0x0000002010f00000,0x0000002011000000)]
  0x00000143141b36a0 JavaThread "Catalina-utility-2" [_thread_blocked, id=5040, stack(0x0000002012900000,0x0000002012a00000)]
  0x00000143141b0e20 JavaThread "container-0" [_thread_blocked, id=4872, stack(0x0000002012b00000,0x0000002012c00000)]
  0x00000143141b3bb0 JavaThread "HikariPool-3 housekeeper" daemon [_thread_blocked, id=5652, stack(0x0000002012c00000,0x0000002012d00000)]
  0x00000143141b45d0 JavaThread "File Watcher" daemon [_thread_blocked, id=11768, stack(0x0000002013000000,0x0000002013100000)]
  0x00000143141b2770 JavaThread "http-nio-8080-exec-1" daemon [_thread_blocked, id=1192, stack(0x0000002013100000,0x0000002013200000)]
  0x00000143141b1840 JavaThread "http-nio-8080-exec-2" daemon [_thread_blocked, id=7144, stack(0x0000002013200000,0x0000002013300000)]
  0x00000143141b2260 JavaThread "http-nio-8080-exec-3" daemon [_thread_in_vm, id=9664, stack(0x0000002013400000,0x0000002013500000)]
  0x00000143141aeab0 JavaThread "http-nio-8080-exec-4" daemon [_thread_blocked, id=10884, stack(0x0000002013500000,0x0000002013600000)]
  0x00000143141b4ae0 JavaThread "http-nio-8080-exec-5" daemon [_thread_blocked, id=7084, stack(0x0000002013600000,0x0000002013700000)]
  0x00000143141af9e0 JavaThread "http-nio-8080-exec-6" daemon [_thread_blocked, id=7568, stack(0x0000002013700000,0x0000002013800000)]
  0x00000143141b4ff0 JavaThread "http-nio-8080-exec-7" daemon [_thread_blocked, id=6352, stack(0x0000002013800000,0x0000002013900000)]
  0x00000143141b5a10 JavaThread "http-nio-8080-exec-8" daemon [_thread_blocked, id=3708, stack(0x0000002013900000,0x0000002013a00000)]
  0x00000143141aefc0 JavaThread "http-nio-8080-exec-9" daemon [_thread_blocked, id=8784, stack(0x0000002013a00000,0x0000002013b00000)]
  0x00000143141afef0 JavaThread "http-nio-8080-exec-10" daemon [_thread_blocked, id=12228, stack(0x0000002013b00000,0x0000002013c00000)]
  0x0000014312bb79c0 JavaThread "http-nio-8080-Poller" daemon [_thread_in_native, id=7088, stack(0x0000002013c00000,0x0000002013d00000)]
  0x0000014312bb6580 JavaThread "http-nio-8080-Acceptor" daemon [_thread_in_native, id=7092, stack(0x0000002013d00000,0x0000002013e00000)]

Other Threads:
  0x00000142cb378ee0 VMThread "VM Thread" [stack: 0x0000002011700000,0x0000002011800000] [id=8232]
  0x00000142cb5f3bb0 WatcherThread [stack: 0x0000002012200000,0x0000002012300000] [id=7976]
  0x00000142adc16da0 GCTaskThread "GC Thread#0" [stack: 0x0000002011200000,0x0000002011300000] [id=12788]
  0x0000014311839610 GCTaskThread "GC Thread#1" [stack: 0x0000002012500000,0x0000002012600000] [id=11572]
  0x00000143113edbb0 GCTaskThread "GC Thread#2" [stack: 0x0000002012600000,0x0000002012700000] [id=12836]
  0x000001431162c630 GCTaskThread "GC Thread#3" [stack: 0x0000002012700000,0x0000002012800000] [id=9868]
  0x00000142adc29b20 ConcurrentGCThread "G1 Main Marker" [stack: 0x0000002011300000,0x0000002011400000] [id=12208]
  0x00000142adc2ad20 ConcurrentGCThread "G1 Conc#0" [stack: 0x0000002011400000,0x0000002011500000] [id=11148]
  0x00000142adc8df70 ConcurrentGCThread "G1 Refine#0" [stack: 0x0000002011500000,0x0000002011600000] [id=11236]
  0x00000142adc8e9f0 ConcurrentGCThread "G1 Service" [stack: 0x0000002011600000,0x0000002011700000] [id=9096]

Threads with active compile tasks:
C2 CompilerThread0   147142 8054   !   4       java.util.concurrent.ConcurrentHashMap::putVal (432 bytes)

VM state: not at safepoint (normal execution)

VM Mutex/Monitor currently owned by a thread:  ([mutex/lock_event])
[0x00000142adbbd0a0] Metaspace_lock - owner thread: 0x00000143141b2260

Heap address: 0x0000000082800000, size: 2008 MB, Compressed Oops mode: 32-bit

CDS archive(s) mapped at: [0x00000142cc000000-0x00000142ccbd0000-0x00000142ccbd0000), size 12386304, SharedBaseAddress: 0x00000142cc000000, ArchiveRelocationMode: 1.
Compressed class space mapped at: 0x00000142cd000000-0x000001430d000000, reserved size: 1073741824
Narrow klass base: 0x00000142cc000000, Narrow klass shift: 0, Narrow klass range: 0x100000000

GC Precious Log:
 CPUs: 4 total, 4 available
 Memory: 8025M
 Large Page Support: Disabled
 NUMA Support: Disabled
 Compressed Oops: Enabled (32-bit)
 Heap Region Size: 1M
 Heap Min Capacity: 8M
 Heap Initial Capacity: 126M
 Heap Max Capacity: 2008M
 Pre-touch: Disabled
 Parallel Workers: 4
 Concurrent Workers: 1
 Concurrent Refinement Workers: 4
 Periodic GC: Disabled

Heap:
 garbage-first heap   total 61440K, used 37668K [0x0000000082800000, 0x0000000100000000)
  region size 1024K, 13 young (13312K), 3 survivors (3072K)
 Metaspace       used 66701K, committed 67264K, reserved 1114112K
  class space    used 8742K, committed 9024K, reserved 1048576K

Heap Regions: E=young(eden), S=young(survivor), O=old, HS=humongous(starts), HC=humongous(continues), CS=collection set, F=free, OA=open archive, CA=closed archive, TAMS=top-at-mark-start (previous, next)
|   0|0x0000000082800000, 0x0000000082900000, 0x0000000082900000|100%|HS|  |TAMS 0x0000000082900000, 0x0000000082800000| Untracked 
|   1|0x0000000082900000, 0x00000000829f64a0, 0x0000000082a00000| 96%| O|  |TAMS 0x00000000829f64a0, 0x0000000082900000| Untracked 
|   2|0x0000000082a00000, 0x0000000082b00000, 0x0000000082b00000|100%| O|  |TAMS 0x0000000082b00000, 0x0000000082a00000| Untracked 
|   3|0x0000000082b00000, 0x0000000082c00000, 0x0000000082c00000|100%| O|  |TAMS 0x0000000082c00000, 0x0000000082b00000| Untracked 
|   4|0x0000000082c00000, 0x0000000082d00000, 0x0000000082d00000|100%| O|  |TAMS 0x0000000082d00000, 0x0000000082c00000| Untracked 
|   5|0x0000000082d00000, 0x0000000082e00000, 0x0000000082e00000|100%| O|  |TAMS 0x0000000082d00000, 0x0000000082d00000| Untracked 
|   6|0x0000000082e00000, 0x0000000082effff8, 0x0000000082f00000| 99%| O|  |TAMS 0x0000000082e00000, 0x0000000082e00000| Untracked 
|   7|0x0000000082f00000, 0x0000000083000000, 0x0000000083000000|100%| O|  |TAMS 0x0000000082f00000, 0x0000000082f00000| Untracked 
|   8|0x0000000083000000, 0x0000000083100000, 0x0000000083100000|100%| O|  |TAMS 0x0000000083000000, 0x0000000083000000| Untracked 
|   9|0x0000000083100000, 0x0000000083200000, 0x0000000083200000|100%| O|  |TAMS 0x0000000083100000, 0x0000000083100000| Untracked 
|  10|0x0000000083200000, 0x0000000083300000, 0x0000000083300000|100%| O|  |TAMS 0x0000000083200000, 0x0000000083200000| Untracked 
|  11|0x0000000083300000, 0x00000000833ffff0, 0x0000000083400000| 99%| O|  |TAMS 0x0000000083300000, 0x0000000083300000| Untracked 
|  12|0x0000000083400000, 0x00000000834fffb8, 0x0000000083500000| 99%| O|  |TAMS 0x0000000083400000, 0x0000000083400000| Untracked 
|  13|0x0000000083500000, 0x00000000835ffff0, 0x0000000083600000| 99%| O|  |TAMS 0x0000000083500000, 0x0000000083500000| Untracked 
|  14|0x0000000083600000, 0x00000000836ffff8, 0x0000000083700000| 99%| O|  |TAMS 0x0000000083600000, 0x0000000083600000| Untracked 
|  15|0x0000000083700000, 0x00000000837ffff8, 0x0000000083800000| 99%| O|  |TAMS 0x0000000083700000, 0x0000000083700000| Untracked 
|  16|0x0000000083800000, 0x00000000838ffff8, 0x0000000083900000| 99%| O|  |TAMS 0x0000000083800000, 0x0000000083800000| Untracked 
|  17|0x0000000083900000, 0x00000000839ffff8, 0x0000000083a00000| 99%| O|  |TAMS 0x0000000083900000, 0x0000000083900000| Untracked 
|  18|0x0000000083a00000, 0x0000000083affff0, 0x0000000083b00000| 99%| O|  |TAMS 0x0000000083a00000, 0x0000000083a00000| Untracked 
|  19|0x0000000083b00000, 0x0000000083bfffe0, 0x0000000083c00000| 99%| O|  |TAMS 0x0000000083b00000, 0x0000000083b00000| Untracked 
|  20|0x0000000083c00000, 0x0000000083cfff50, 0x0000000083d00000| 99%| O|  |TAMS 0x0000000083c00000, 0x0000000083c00000| Untracked 
|  21|0x0000000083d00000, 0x0000000083dfffc8, 0x0000000083e00000| 99%| O|  |TAMS 0x0000000083d00000, 0x0000000083d00000| Untracked 
|  22|0x0000000083e00000, 0x0000000083ef2060, 0x0000000083f00000| 94%| O|  |TAMS 0x0000000083e00000, 0x0000000083e00000| Untracked 
|  23|0x0000000083f00000, 0x0000000084000000, 0x0000000084000000|100%| O|  |TAMS 0x0000000083f00000, 0x0000000083f00000| Untracked 
|  24|0x0000000084000000, 0x00000000840a1a38, 0x0000000084100000| 63%| O|  |TAMS 0x0000000084000000, 0x0000000084000000| Untracked 
|  25|0x0000000084100000, 0x000000008411cbc0, 0x0000000084200000| 11%| O|  |TAMS 0x0000000084100000, 0x0000000084100000| Untracked 
|  26|0x0000000084200000, 0x0000000084300000, 0x0000000084300000|100%| O|  |TAMS 0x0000000084200000, 0x0000000084200000| Untracked 
|  27|0x0000000084300000, 0x0000000084322a00, 0x0000000084400000| 13%| O|  |TAMS 0x0000000084300000, 0x0000000084300000| Untracked 
|  28|0x0000000084400000, 0x0000000084400000, 0x0000000084500000|  0%| F|  |TAMS 0x0000000084400000, 0x0000000084400000| Untracked 
|  29|0x0000000084500000, 0x0000000084500000, 0x0000000084600000|  0%| F|  |TAMS 0x0000000084500000, 0x0000000084500000| Untracked 
|  30|0x0000000084600000, 0x0000000084600000, 0x0000000084700000|  0%| F|  |TAMS 0x0000000084600000, 0x0000000084600000| Untracked 
|  31|0x0000000084700000, 0x0000000084700000, 0x0000000084800000|  0%| F|  |TAMS 0x0000000084700000, 0x0000000084700000| Untracked 
|  32|0x0000000084800000, 0x0000000084800000, 0x0000000084900000|  0%| F|  |TAMS 0x0000000084800000, 0x0000000084800000| Untracked 
|  33|0x0000000084900000, 0x0000000084900000, 0x0000000084a00000|  0%| F|  |TAMS 0x0000000084900000, 0x0000000084900000| Untracked 
|  34|0x0000000084a00000, 0x0000000084a00000, 0x0000000084b00000|  0%| F|  |TAMS 0x0000000084a00000, 0x0000000084a00000| Untracked 
|  35|0x0000000084b00000, 0x0000000084b00000, 0x0000000084c00000|  0%| F|  |TAMS 0x0000000084b00000, 0x0000000084b00000| Untracked 
|  36|0x0000000084c00000, 0x0000000084d00000, 0x0000000084d00000|100%| S|CS|TAMS 0x0000000084c00000, 0x0000000084c00000| Complete 
|  37|0x0000000084d00000, 0x0000000084e00000, 0x0000000084e00000|100%| S|CS|TAMS 0x0000000084d00000, 0x0000000084d00000| Complete 
|  38|0x0000000084e00000, 0x0000000084e00000, 0x0000000084f00000|  0%| F|  |TAMS 0x0000000084e00000, 0x0000000084e00000| Untracked 
|  39|0x0000000084f00000, 0x0000000085000000, 0x0000000085000000|100%| S|CS|TAMS 0x0000000084f00000, 0x0000000084f00000| Complete 
|  40|0x0000000085000000, 0x0000000085000000, 0x0000000085100000|  0%| F|  |TAMS 0x0000000085000000, 0x0000000085000000| Untracked 
|  41|0x0000000085100000, 0x0000000085100000, 0x0000000085200000|  0%| F|  |TAMS 0x0000000085100000, 0x0000000085100000| Untracked 
|  42|0x0000000085200000, 0x0000000085200000, 0x0000000085300000|  0%| F|  |TAMS 0x0000000085200000, 0x0000000085200000| Untracked 
|  43|0x0000000085300000, 0x0000000085300000, 0x0000000085400000|  0%| F|  |TAMS 0x0000000085300000, 0x0000000085300000| Untracked 
|  44|0x0000000085400000, 0x0000000085400000, 0x0000000085500000|  0%| F|  |TAMS 0x0000000085400000, 0x0000000085400000| Untracked 
|  45|0x0000000085500000, 0x0000000085500000, 0x0000000085600000|  0%| F|  |TAMS 0x0000000085500000, 0x0000000085500000| Untracked 
|  46|0x0000000085600000, 0x0000000085600000, 0x0000000085700000|  0%| F|  |TAMS 0x0000000085600000, 0x0000000085600000| Untracked 
|  47|0x0000000085700000, 0x0000000085700000, 0x0000000085800000|  0%| F|  |TAMS 0x0000000085700000, 0x0000000085700000| Untracked 
|  48|0x0000000085800000, 0x0000000085800000, 0x0000000085900000|  0%| F|  |TAMS 0x0000000085800000, 0x0000000085800000| Untracked 
|  49|0x0000000085900000, 0x0000000085900000, 0x0000000085a00000|  0%| F|  |TAMS 0x0000000085900000, 0x0000000085900000| Untracked 
|  50|0x0000000085a00000, 0x0000000085ab22e0, 0x0000000085b00000| 69%| E|  |TAMS 0x0000000085a00000, 0x0000000085a00000| Complete 
|  62|0x0000000086600000, 0x0000000086700000, 0x0000000086700000|100%| E|  |TAMS 0x0000000086600000, 0x0000000086600000| Complete 
|  63|0x0000000086700000, 0x0000000086800000, 0x0000000086800000|100%| E|CS|TAMS 0x0000000086700000, 0x0000000086700000| Complete 
|  64|0x0000000086800000, 0x0000000086900000, 0x0000000086900000|100%| E|CS|TAMS 0x0000000086800000, 0x0000000086800000| Complete 
|  65|0x0000000086900000, 0x0000000086a00000, 0x0000000086a00000|100%| E|CS|TAMS 0x0000000086900000, 0x0000000086900000| Complete 
|  66|0x0000000086a00000, 0x0000000086b00000, 0x0000000086b00000|100%| E|CS|TAMS 0x0000000086a00000, 0x0000000086a00000| Complete 
|  67|0x0000000086b00000, 0x0000000086c00000, 0x0000000086c00000|100%| E|CS|TAMS 0x0000000086b00000, 0x0000000086b00000| Complete 
|  68|0x0000000086c00000, 0x0000000086d00000, 0x0000000086d00000|100%| E|CS|TAMS 0x0000000086c00000, 0x0000000086c00000| Complete 
|  69|0x0000000086d00000, 0x0000000086e00000, 0x0000000086e00000|100%| E|CS|TAMS 0x0000000086d00000, 0x0000000086d00000| Complete 
| 125|0x000000008a500000, 0x000000008a600000, 0x000000008a600000|100%| E|CS|TAMS 0x000000008a500000, 0x000000008a500000| Complete 

Card table byte_map: [0x00000142c4850000,0x00000142c4c40000] _byte_map_base: 0x00000142c443c000

Marking Bits (Prev, Next): (CMBitMap*) 0x00000142adc19730, (CMBitMap*) 0x00000142adc196f0
 Prev Bits: [0x00000142c6f90000, 0x00000142c8ef0000)
 Next Bits: [0x00000142c5030000, 0x00000142c6f90000)

Polling page: 0x00000142abb20000

Metaspace:

Usage:
  Non-class:     56.60 MB used.
      Class:      8.54 MB used.
       Both:     65.14 MB used.

Virtual space:
  Non-class space:       64.00 MB reserved,      56.88 MB ( 89%) committed,  1 nodes.
      Class space:        1.00 GB reserved,       8.81 MB ( <1%) committed,  1 nodes.
             Both:        1.06 GB reserved,      65.69 MB (  6%) committed. 

Chunk freelists:
   Non-Class:  6.86 MB
       Class:  7.05 MB
        Both:  13.91 MB

MaxMetaspaceSize: unlimited
CompressedClassSpaceSize: 1.00 GB
Initial GC threshold: 21.00 MB
Current GC threshold: 106.56 MB
CDS: on
MetaspaceReclaimPolicy: balanced
 - commit_granule_bytes: 65536.
 - commit_granule_words: 8192.
 - virtual_space_node_default_size: 8388608.
 - enlarge_chunks_in_place: 1.
 - new_chunks_are_fully_committed: 0.
 - uncommit_free_chunks: 1.
 - use_allocation_guard: 0.
 - handle_deallocations: 1.


Internal statistics:

num_allocs_failed_limit: 9.
num_arena_births: 766.
num_arena_deaths: 2.
num_vsnodes_births: 2.
num_vsnodes_deaths: 0.
num_space_committed: 1051.
num_space_uncommitted: 0.
num_chunks_returned_to_freelist: 11.
num_chunks_taken_from_freelist: 3147.
num_chunk_merges: 9.
num_chunk_splits: 2241.
num_chunks_enlarged: 1709.
num_inconsistent_stats: 0.

CodeHeap 'non-profiled nmethods': size=120000Kb used=4555Kb max_used=4555Kb free=115445Kb
 bounds [0x00000142bcf30000, 0x00000142bd3b0000, 0x00000142c4460000]
CodeHeap 'profiled nmethods': size=120000Kb used=13912Kb max_used=13912Kb free=106087Kb
 bounds [0x00000142b5460000, 0x00000142b6200000, 0x00000142bc990000]
CodeHeap 'non-nmethods': size=5760Kb used=1354Kb max_used=1445Kb free=4405Kb
 bounds [0x00000142bc990000, 0x00000142bcc00000, 0x00000142bcf30000]
 total_blobs=7920 nmethods=7237 adapters=594
 compilation: enabled
              stopped_count=0, restarted_count=0
 full_count=0

Compilation events (20 events):
Event: 146.919 Thread 0x00000142cb3a4c60 nmethod 8044 0x00000142bd3a1010 code [0x00000142bd3a11a0, 0x00000142bd3a1278]
Event: 146.921 Thread 0x00000142cb3a4c60 8045       1       org.apache.tomcat.util.buf.CharChunk::getBuffer (5 bytes)
Event: 146.921 Thread 0x00000142cb3a4c60 nmethod 8045 0x00000142bd3a1310 code [0x00000142bd3a14a0, 0x00000142bd3a1578]
Event: 146.943 Thread 0x00000142cb3a4c60 8046       3       org.springframework.web.util.pattern.LiteralPathElement::matches (190 bytes)
Event: 146.946 Thread 0x00000142cb3a4c60 nmethod 8046 0x00000142b61f1210 code [0x00000142b61f14c0, 0x00000142b61f2548]
Event: 146.946 Thread 0x00000142cb395ee0 8047       4       java.lang.ClassLoader::createOrGetClassLoaderValueMap (37 bytes)
Event: 146.947 Thread 0x00000142cb3a4c60 8049       3       java.util.Collections$UnmodifiableCollection::toArray (10 bytes)
Event: 146.948 Thread 0x00000142cb3a4c60 nmethod 8049 0x00000142b61f2910 code [0x00000142b61f2ac0, 0x00000142b61f2c88]
Event: 146.950 Thread 0x00000142cb395ee0 nmethod 8047 0x00000142bd3a1610 code [0x00000142bd3a17a0, 0x00000142bd3a18e8]
Event: 146.951 Thread 0x00000142cb395ee0 8048       4       java.util.ArrayList::contains (14 bytes)
Event: 146.966 Thread 0x00000142cb395ee0 nmethod 8048 0x00000142bd3a1a10 code [0x00000142bd3a1ba0, 0x00000142bd3a1e18]
Event: 146.967 Thread 0x00000142cb395ee0 8050       4       org.springframework.core.annotation.AttributeMethods::indexOf (37 bytes)
Event: 146.971 Thread 0x00000142cb3a4c60 8052       3       java.lang.invoke.LambdaFormEditor::getInCache (165 bytes)
Event: 146.973 Thread 0x00000142cb3a4c60 nmethod 8052 0x00000142b61f2d90 code [0x00000142b61f3000, 0x00000142b61f3f78]
Event: 146.986 Thread 0x00000142cb3a4c60 8053   !   3       sun.security.ssl.SSLSocketInputRecord::bytesInCompletePacket (286 bytes)
Event: 146.990 Thread 0x00000142cb3a4c60 nmethod 8053 0x00000142b61f4310 code [0x00000142b61f46c0, 0x00000142b61f5ad8]
Event: 146.992 Thread 0x00000142cb395ee0 nmethod 8050 0x00000142bd3a1f90 code [0x00000142bd3a2120, 0x00000142bd3a2678]
Event: 146.993 Thread 0x00000142cb395ee0 8051       4       java.lang.StringLatin1::indexOfNonWhitespace (49 bytes)
Event: 146.996 Thread 0x00000142cb395ee0 nmethod 8051 0x00000142bd3a2890 code [0x00000142bd3a2a00, 0x00000142bd3a2ad8]
Event: 147.024 Thread 0x00000142cb395ee0 8054   !   4       java.util.concurrent.ConcurrentHashMap::putVal (432 bytes)

GC Heap History (20 events):
Event: 10.981 GC heap before
{Heap before GC invocations=15 (full 0):
 garbage-first heap   total 51200K, used 40145K [0x0000000082800000, 0x0000000100000000)
  region size 1024K, 19 young (19456K), 3 survivors (3072K)
 Metaspace       used 59413K, committed 59968K, reserved 1114112K
  class space    used 7960K, committed 8192K, reserved 1048576K
}
Event: 10.988 GC heap after
{Heap after GC invocations=16 (full 0):
 garbage-first heap   total 61440K, used 25400K [0x0000000082800000, 0x0000000100000000)
  region size 1024K, 3 young (3072K), 3 survivors (3072K)
 Metaspace       used 59413K, committed 59968K, reserved 1114112K
  class space    used 7960K, committed 8192K, reserved 1048576K
}
Event: 42.625 GC heap before
{Heap before GC invocations=16 (full 0):
 garbage-first heap   total 61440K, used 48952K [0x0000000082800000, 0x0000000100000000)
  region size 1024K, 26 young (26624K), 3 survivors (3072K)
 Metaspace       used 62429K, committed 63040K, reserved 1114112K
  class space    used 8355K, committed 8640K, reserved 1048576K
}
Event: 42.638 GC heap after
{Heap after GC invocations=17 (full 0):
 garbage-first heap   total 61440K, used 27495K [0x0000000082800000, 0x0000000100000000)
  region size 1024K, 4 young (4096K), 4 survivors (4096K)
 Metaspace       used 62429K, committed 63040K, reserved 1114112K
  class space    used 8355K, committed 8640K, reserved 1048576K
}
Event: 80.650 GC heap before
{Heap before GC invocations=17 (full 0):
 garbage-first heap   total 61440K, used 35687K [0x0000000082800000, 0x0000000100000000)
  region size 1024K, 14 young (14336K), 4 survivors (4096K)
 Metaspace       used 64028K, committed 64576K, reserved 1114112K
  class space    used 8577K, committed 8832K, reserved 1048576K
}
Event: 80.725 GC heap after
{Heap after GC invocations=18 (full 1):
 garbage-first heap   total 61440K, used 23752K [0x0000000082800000, 0x0000000100000000)
  region size 1024K, 0 young (0K), 0 survivors (0K)
 Metaspace       used 64028K, committed 64576K, reserved 1114112K
  class space    used 8577K, committed 8832K, reserved 1048576K
}
Event: 81.346 GC heap before
{Heap before GC invocations=18 (full 1):
 garbage-first heap   total 61440K, used 46280K [0x0000000082800000, 0x0000000100000000)
  region size 1024K, 23 young (23552K), 0 survivors (0K)
 Metaspace       used 64134K, committed 64640K, reserved 1114112K
  class space    used 8585K, committed 8832K, reserved 1048576K
}
Event: 81.352 GC heap after
{Heap after GC invocations=19 (full 1):
 garbage-first heap   total 61440K, used 25800K [0x0000000082800000, 0x0000000100000000)
  region size 1024K, 2 young (2048K), 2 survivors (2048K)
 Metaspace       used 64134K, committed 64640K, reserved 1114112K
  class space    used 8585K, committed 8832K, reserved 1048576K
}
Event: 81.833 GC heap before
{Heap before GC invocations=19 (full 1):
 garbage-first heap   total 61440K, used 46280K [0x0000000082800000, 0x0000000100000000)
  region size 1024K, 23 young (23552K), 2 survivors (2048K)
 Metaspace       used 64376K, committed 64896K, reserved 1114112K
  class space    used 8599K, committed 8832K, reserved 1048576K
}
Event: 81.839 GC heap after
{Heap after GC invocations=20 (full 1):
 garbage-first heap   total 61440K, used 27395K [0x0000000082800000, 0x0000000100000000)
  region size 1024K, 2 young (2048K), 2 survivors (2048K)
 Metaspace       used 64376K, committed 64896K, reserved 1114112K
  class space    used 8599K, committed 8832K, reserved 1048576K
}
Event: 82.281 GC heap before
{Heap before GC invocations=20 (full 1):
 garbage-first heap   total 61440K, used 47875K [0x0000000082800000, 0x0000000100000000)
  region size 1024K, 22 young (22528K), 2 survivors (2048K)
 Metaspace       used 64862K, committed 65408K, reserved 1114112K
  class space    used 8617K, committed 8896K, reserved 1048576K
}
Event: 82.286 GC heap after
{Heap after GC invocations=21 (full 1):
 garbage-first heap   total 61440K, used 29378K [0x0000000082800000, 0x0000000100000000)
  region size 1024K, 3 young (3072K), 3 survivors (3072K)
 Metaspace       used 64862K, committed 65408K, reserved 1114112K
  class space    used 8617K, committed 8896K, reserved 1048576K
}
Event: 106.839 GC heap before
{Heap before GC invocations=21 (full 1):
 garbage-first heap   total 61440K, used 34498K [0x0000000082800000, 0x0000000100000000)
  region size 1024K, 9 young (9216K), 3 survivors (3072K)
 Metaspace       used 64924K, committed 65472K, reserved 1114112K
  class space    used 8619K, committed 8896K, reserved 1048576K
}
Event: 106.915 GC heap after
{Heap after GC invocations=22 (full 2):
 garbage-first heap   total 61440K, used 24218K [0x0000000082800000, 0x0000000100000000)
  region size 1024K, 0 young (0K), 0 survivors (0K)
 Metaspace       used 64921K, committed 65472K, reserved 1114112K
  class space    used 8618K, committed 8896K, reserved 1048576K
}
Event: 107.443 GC heap before
{Heap before GC invocations=22 (full 2):
 garbage-first heap   total 61440K, used 45722K [0x0000000082800000, 0x0000000100000000)
  region size 1024K, 22 young (22528K), 0 survivors (0K)
 Metaspace       used 65108K, committed 65664K, reserved 1114112K
  class space    used 8625K, committed 8896K, reserved 1048576K
}
Event: 107.446 GC heap after
{Heap after GC invocations=23 (full 2):
 garbage-first heap   total 61440K, used 26258K [0x0000000082800000, 0x0000000100000000)
  region size 1024K, 2 young (2048K), 2 survivors (2048K)
 Metaspace       used 65108K, committed 65664K, reserved 1114112K
  class space    used 8625K, committed 8896K, reserved 1048576K
}
Event: 107.908 GC heap before
{Heap before GC invocations=23 (full 2):
 garbage-first heap   total 61440K, used 46738K [0x0000000082800000, 0x0000000100000000)
  region size 1024K, 23 young (23552K), 2 survivors (2048K)
 Metaspace       used 65387K, committed 65920K, reserved 1114112K
  class space    used 8633K, committed 8896K, reserved 1048576K
}
Event: 107.917 GC heap after
{Heap after GC invocations=24 (full 2):
 garbage-first heap   total 61440K, used 27591K [0x0000000082800000, 0x0000000100000000)
  region size 1024K, 2 young (2048K), 2 survivors (2048K)
 Metaspace       used 65387K, committed 65920K, reserved 1114112K
  class space    used 8633K, committed 8896K, reserved 1048576K
}
Event: 108.373 GC heap before
{Heap before GC invocations=24 (full 2):
 garbage-first heap   total 61440K, used 48071K [0x0000000082800000, 0x0000000100000000)
  region size 1024K, 22 young (22528K), 2 survivors (2048K)
 Metaspace       used 65752K, committed 66304K, reserved 1114112K
  class space    used 8646K, committed 8896K, reserved 1048576K
}
Event: 108.382 GC heap after
{Heap after GC invocations=25 (full 2):
 garbage-first heap   total 61440K, used 29476K [0x0000000082800000, 0x0000000100000000)
  region size 1024K, 3 young (3072K), 3 survivors (3072K)
 Metaspace       used 65752K, committed 66304K, reserved 1114112K
  class space    used 8646K, committed 8896K, reserved 1048576K
}

Deoptimization events (20 events):
Event: 108.481 Thread 0x00000143141b0400 Uncommon trap: trap_request=0xffffffde fr.pc=0x00000142bd2fbb00 relative=0x00000000000006e0
Event: 108.481 Thread 0x00000143141b0400 Uncommon trap: reason=class_check action=maybe_recompile pc=0x00000142bd2fbb00 method=org.springframework.core.ResolvableType.resolveType()Lorg/springframework/core/ResolvableType; @ 44 c2
Event: 108.481 Thread 0x00000143141b0400 DEOPT PACKING pc=0x00000142bd2fbb00 sp=0x0000002012afdc50
Event: 108.481 Thread 0x00000143141b0400 DEOPT UNPACKING pc=0x00000142bc9e23a3 sp=0x0000002012afdc08 mode 2
Event: 108.481 Thread 0x00000143141b0400 Uncommon trap: trap_request=0xffffffde fr.pc=0x00000142bd2fbb00 relative=0x00000000000006e0
Event: 108.481 Thread 0x00000143141b0400 Uncommon trap: reason=class_check action=maybe_recompile pc=0x00000142bd2fbb00 method=org.springframework.core.ResolvableType.resolveType()Lorg/springframework/core/ResolvableType; @ 44 c2
Event: 108.481 Thread 0x00000143141b0400 DEOPT PACKING pc=0x00000142bd2fbb00 sp=0x0000002012afdb70
Event: 108.481 Thread 0x00000143141b0400 DEOPT UNPACKING pc=0x00000142bc9e23a3 sp=0x0000002012afdb28 mode 2
Event: 108.481 Thread 0x00000143141b0400 Uncommon trap: trap_request=0xffffffde fr.pc=0x00000142bd2fbb00 relative=0x00000000000006e0
Event: 108.481 Thread 0x00000143141b0400 Uncommon trap: reason=class_check action=maybe_recompile pc=0x00000142bd2fbb00 method=org.springframework.core.ResolvableType.resolveType()Lorg/springframework/core/ResolvableType; @ 44 c2
Event: 108.481 Thread 0x00000143141b0400 DEOPT PACKING pc=0x00000142bd2fbb00 sp=0x0000002012afdcc0
Event: 108.481 Thread 0x00000143141b0400 DEOPT UNPACKING pc=0x00000142bc9e23a3 sp=0x0000002012afdc78 mode 2
Event: 146.955 Thread 0x00000143141b2260 Uncommon trap: trap_request=0xffffff45 fr.pc=0x00000142bd1cc5d8 relative=0x00000000000002f8
Event: 146.955 Thread 0x00000143141b2260 Uncommon trap: reason=unstable_if action=reinterpret pc=0x00000142bd1cc5d8 method=java.util.HashMap.getNode(Ljava/lang/Object;)Ljava/util/HashMap$Node; @ 66 c2
Event: 146.955 Thread 0x00000143141b2260 DEOPT PACKING pc=0x00000142bd1cc5d8 sp=0x00000020134fca00
Event: 146.956 Thread 0x00000143141b2260 DEOPT UNPACKING pc=0x00000142bc9e23a3 sp=0x00000020134fc8b0 mode 2
Event: 146.968 Thread 0x00000143141b2260 Uncommon trap: trap_request=0xffffffbe fr.pc=0x00000142bd3811d8 relative=0x0000000000004038
Event: 146.968 Thread 0x00000143141b2260 Uncommon trap: reason=profile_predicate action=maybe_recompile pc=0x00000142bd3811d8 method=org.springframework.core.annotation.TypeMappedAnnotation.asMap(Ljava/util/function/Function;[Lorg/springframework/core/annotation/MergedAnnotation$Adapt;)Ljava/uti
Event: 146.968 Thread 0x00000143141b2260 DEOPT PACKING pc=0x00000142bd3811d8 sp=0x00000020134fc510
Event: 146.968 Thread 0x00000143141b2260 DEOPT UNPACKING pc=0x00000142bc9e23a3 sp=0x00000020134fc2c0 mode 2

Classes unloaded (1 events):
Event: 106.867 Thread 0x00000142cb378ee0 Unloading class 0x00000142cd8c1c00 'org/apache/catalina/loader/JdbcLeakPrevention'

Classes redefined (0 events):
No events

Internal exceptions (20 events):
Event: 106.832 Thread 0x00000143141b2770 Exception <a 'java/io/IOException'{0x00000000869a0cb0}> (0x00000000869a0cb0) 
thrown [s\open\src\hotspot\share\prims\jni.cpp, line 516]
Event: 106.832 Thread 0x00000143141b2770 Exception <a 'java/io/IOException'{0x00000000869a17f0}> (0x00000000869a17f0) 
thrown [s\open\src\hotspot\share\prims\jni.cpp, line 516]
Event: 106.839 Thread 0x00000143141b3bb0 Exception <a 'java/lang/InterruptedException'{0x00000000869b6270}: sleep interrupted> (0x00000000869b6270) 
thrown [s\open\src\hotspot\share\prims\jvm.cpp, line 3064]
Event: 106.937 Thread 0x00000143141b0400 Exception <a 'sun/nio/fs/WindowsException'{0x000000008a591ef0}> (0x000000008a591ef0) 
thrown [s\open\src\hotspot\share\prims\jni.cpp, line 516]
Event: 107.018 Thread 0x00000143141b0400 Exception <a 'sun/nio/fs/WindowsException'{0x0000000086ce0ef0}> (0x0000000086ce0ef0) 
thrown [s\open\src\hotspot\share\prims\jni.cpp, line 516]
Event: 107.374 Thread 0x00000143141b0400 Exception <a 'sun/nio/fs/WindowsException'{0x0000000084f155c8}> (0x0000000084f155c8) 
thrown [s\open\src\hotspot\share\prims\jni.cpp, line 516]
Event: 107.394 Thread 0x00000143141b0400 Exception <a 'sun/nio/fs/WindowsException'{0x0000000084f8f518}> (0x0000000084f8f518) 
thrown [s\open\src\hotspot\share\prims\jni.cpp, line 516]
Event: 107.497 Thread 0x00000143141b0400 Exception <a 'java/lang/NoClassDefFoundError'{0x0000000086ddd238}: org/flywaydb/core/Flyway> (0x0000000086ddd238) 
thrown [s\open\src\hotspot\share\oops\constantPool.cpp, line 835]
Event: 107.498 Thread 0x00000143141b0400 Exception <a 'java/lang/NoClassDefFoundError'{0x0000000086ddd888}: liquibase/integration/spring/SpringLiquibase> (0x0000000086ddd888) 
thrown [s\open\src\hotspot\share\oops\constantPool.cpp, line 835]
Event: 107.505 Thread 0x00000143141b0400 Exception <a 'java/lang/NoClassDefFoundError'{0x0000000086c2dee8}: org/jooq/DSLContext> (0x0000000086c2dee8) 
thrown [s\open\src\hotspot\share\oops\constantPool.cpp, line 835]
Event: 107.506 Thread 0x00000143141b0400 Exception <a 'java/lang/NoClassDefFoundError'{0x0000000086c36198}: org/springframework/batch/core/repository/JobRepository> (0x0000000086c36198) 
thrown [s\open\src\hotspot\share\oops\constantPool.cpp, line 835]
Event: 107.506 Thread 0x00000143141b0400 Exception <a 'java/lang/NoClassDefFoundError'{0x0000000086c367e0}: org/quartz/Scheduler> (0x0000000086c367e0) 
thrown [s\open\src\hotspot\share\oops\constantPool.cpp, line 835]
Event: 107.506 Thread 0x00000143141b0400 Exception <a 'java/lang/NoClassDefFoundError'{0x0000000086c36e50}: org/springframework/session/jdbc/JdbcIndexedSessionRepository> (0x0000000086c36e50) 
thrown [s\open\src\hotspot\share\oops\constantPool.cpp, line 835]
Event: 107.604 Thread 0x00000143141b0400 Exception <a 'sun/nio/fs/WindowsException'{0x00000000867e0968}> (0x00000000867e0968) 
thrown [s\open\src\hotspot\share\prims\jni.cpp, line 516]
Event: 107.604 Thread 0x00000143141b0400 Exception <a 'sun/nio/fs/WindowsException'{0x00000000867e1058}> (0x00000000867e1058) 
thrown [s\open\src\hotspot\share\prims\jni.cpp, line 516]
Event: 107.605 Thread 0x00000143141b0400 Exception <a 'sun/nio/fs/WindowsException'{0x00000000867e1738}> (0x00000000867e1738) 
thrown [s\open\src\hotspot\share\prims\jni.cpp, line 516]
Event: 107.627 Thread 0x00000143141b0400 Exception <a 'java/io/FileNotFoundException'{0x000000008661a1f0}> (0x000000008661a1f0) 
thrown [s\open\src\hotspot\share\prims\jni.cpp, line 516]
Event: 107.667 Thread 0x00000143141b0400 Exception <a 'java/io/FileNotFoundException'{0x0000000085ab20f0}> (0x0000000085ab20f0) 
thrown [s\open\src\hotspot\share\prims\jni.cpp, line 516]
Event: 107.710 Thread 0x00000143141b0400 Exception <a 'sun/nio/fs/WindowsException'{0x0000000085634198}> (0x0000000085634198) 
thrown [s\open\src\hotspot\share\prims\jni.cpp, line 516]
Event: 108.299 Thread 0x00000143141b0400 Exception <a 'sun/nio/fs/WindowsException'{0x000000008541e7c0}> (0x000000008541e7c0) 
thrown [s\open\src\hotspot\share\prims\jni.cpp, line 516]

VM Operations (20 events):
Event: 87.319 Executing VM operation: Cleanup
Event: 87.320 Executing VM operation: Cleanup done
Event: 88.332 Executing VM operation: Cleanup
Event: 88.332 Executing VM operation: Cleanup done
Event: 106.480 Executing VM operation: Cleanup
Event: 106.480 Executing VM operation: Cleanup done
Event: 106.839 Executing VM operation: G1CollectFull
Event: 106.916 Executing VM operation: G1CollectFull done
Event: 107.443 Executing VM operation: G1CollectForAllocation
Event: 107.446 Executing VM operation: G1CollectForAllocation done
Event: 107.841 Executing VM operation: HandshakeAllThreads
Event: 107.841 Executing VM operation: HandshakeAllThreads done
Event: 107.908 Executing VM operation: G1CollectForAllocation
Event: 107.917 Executing VM operation: G1CollectForAllocation done
Event: 108.373 Executing VM operation: G1CollectForAllocation
Event: 108.383 Executing VM operation: G1CollectForAllocation done
Event: 109.386 Executing VM operation: Cleanup
Event: 109.386 Executing VM operation: Cleanup done
Event: 110.392 Executing VM operation: Cleanup
Event: 110.392 Executing VM operation: Cleanup done

Events (20 events):
Event: 107.845 Thread 0x00000142cb3e0910 flushing nmethod 0x00000142b55e5590
Event: 107.847 Thread 0x00000142cb3e0910 flushing nmethod 0x00000142b5849c90
Event: 107.920 Thread 0x00000143141b2c80 Thread added: 0x00000143141b2c80
Event: 108.442 Thread 0x00000143141b45d0 Thread added: 0x00000143141b45d0
Event: 108.455 Thread 0x00000143141b2770 Thread added: 0x00000143141b2770
Event: 108.455 Thread 0x00000143141b1840 Thread added: 0x00000143141b1840
Event: 108.455 Thread 0x00000143141b2260 Thread added: 0x00000143141b2260
Event: 108.455 Thread 0x00000143141aeab0 Thread added: 0x00000143141aeab0
Event: 108.455 Thread 0x00000143141b4ae0 Thread added: 0x00000143141b4ae0
Event: 108.456 Thread 0x00000143141af9e0 Thread added: 0x00000143141af9e0
Event: 108.456 Thread 0x00000143141b4ff0 Thread added: 0x00000143141b4ff0
Event: 108.456 Thread 0x00000143141b5a10 Thread added: 0x00000143141b5a10
Event: 108.456 Thread 0x00000143141aefc0 Thread added: 0x00000143141aefc0
Event: 108.456 Thread 0x00000143141afef0 Thread added: 0x00000143141afef0
Event: 108.459 Thread 0x0000014312bb79c0 Thread added: 0x0000014312bb79c0
Event: 108.459 Thread 0x0000014312bb6580 Thread added: 0x0000014312bb6580
Event: 108.485 Thread 0x00000143141b1d50 Thread exited: 0x00000143141b1d50
Event: 108.485 Thread 0x00000143141b0400 Thread exited: 0x00000143141b0400
Event: 109.464 Thread 0x0000014312efd7c0 Thread exited: 0x0000014312efd7c0
Event: 113.368 Thread 0x00000143141b2c80 Thread exited: 0x00000143141b2c80


Dynamic libraries:
0x00007ff79e130000 - 0x00007ff79e140000 	C:\Program Files\Java\jdk-17\bin\javaw.exe
0x00007ffc10c50000 - 0x00007ffc10e48000 	C:\Windows\SYSTEM32\ntdll.dll
0x00007ffc0ef50000 - 0x00007ffc0f011000 	C:\Windows\System32\KERNEL32.DLL
0x00007ffc0e4b0000 - 0x00007ffc0e7a6000 	C:\Windows\System32\KERNELBASE.dll
0x00007ffc0e860000 - 0x00007ffc0e960000 	C:\Windows\System32\ucrtbase.dll
0x00007ffc04f00000 - 0x00007ffc04f1b000 	C:\Program Files\Java\jdk-17\bin\VCRUNTIME140.dll
0x00007ffc04ec0000 - 0x00007ffc04ed9000 	C:\Program Files\Java\jdk-17\bin\jli.dll
0x00007ffc0f020000 - 0x00007ffc0f0d0000 	C:\Windows\System32\ADVAPI32.dll
0x00007ffc101a0000 - 0x00007ffc1023e000 	C:\Windows\System32\msvcrt.dll
0x00007ffc0f3f0000 - 0x00007ffc0f490000 	C:\Windows\System32\sechost.dll
0x00007ffc0ee20000 - 0x00007ffc0ef43000 	C:\Windows\System32\RPCRT4.dll
0x00007ffc0e300000 - 0x00007ffc0e327000 	C:\Windows\System32\bcrypt.dll
0x00007ffc10000000 - 0x00007ffc1019f000 	C:\Windows\System32\USER32.dll
0x00007ffc0e330000 - 0x00007ffc0e352000 	C:\Windows\System32\win32u.dll
0x00007ffc0ed90000 - 0x00007ffc0edbb000 	C:\Windows\System32\GDI32.dll
0x00007ffc0e960000 - 0x00007ffc0ea77000 	C:\Windows\System32\gdi32full.dll
0x00007ffc0ea80000 - 0x00007ffc0eb1d000 	C:\Windows\System32\msvcp_win.dll
0x00007ffbee900000 - 0x00007ffbeeb9a000 	C:\Windows\WinSxS\amd64_microsoft.windows.common-controls_6595b64144ccf1df_6.0.19041.4355_none_60b8b9eb71f62e16\COMCTL32.dll
0x00007ffc04340000 - 0x00007ffc0434a000 	C:\Windows\SYSTEM32\VERSION.dll
0x00007ffc0feb0000 - 0x00007ffc0fedf000 	C:\Windows\System32\IMM32.DLL
0x00007ffc06890000 - 0x00007ffc0689c000 	C:\Program Files\Java\jdk-17\bin\vcruntime140_1.dll
0x00007ffbe3d60000 - 0x00007ffbe3dee000 	C:\Program Files\Java\jdk-17\bin\msvcp140.dll
0x00007ffbb2c30000 - 0x00007ffbb3811000 	C:\Program Files\Java\jdk-17\bin\server\jvm.dll
0x00007ffc0f260000 - 0x00007ffc0f268000 	C:\Windows\System32\PSAPI.DLL
0x00007ffbf0480000 - 0x00007ffbf0489000 	C:\Windows\SYSTEM32\WSOCK32.dll
0x00007ffc10a90000 - 0x00007ffc10afb000 	C:\Windows\System32\WS2_32.dll
0x00007ffc0c2b0000 - 0x00007ffc0c2d7000 	C:\Windows\SYSTEM32\WINMM.dll
0x00007ffc0cad0000 - 0x00007ffc0cae2000 	C:\Windows\SYSTEM32\kernel.appcore.dll
0x00007ffc05740000 - 0x00007ffc0574a000 	C:\Program Files\Java\jdk-17\bin\jimage.dll
0x00007ffc0bd00000 - 0x00007ffc0bee4000 	C:\Windows\SYSTEM32\DBGHELP.DLL
0x00007ffbf1dd0000 - 0x00007ffbf1e04000 	C:\Windows\SYSTEM32\dbgcore.DLL
0x00007ffc0e420000 - 0x00007ffc0e4a2000 	C:\Windows\System32\bcryptPrimitives.dll
0x00007ffc03de0000 - 0x00007ffc03e05000 	C:\Program Files\Java\jdk-17\bin\java.dll
0x00007ffbe1880000 - 0x00007ffbe1957000 	C:\Program Files\Java\jdk-17\bin\jsvml.dll
0x00007ffc10240000 - 0x00007ffc109ac000 	C:\Windows\System32\SHELL32.dll
0x00007ffc0c320000 - 0x00007ffc0cabe000 	C:\Windows\SYSTEM32\windows.storage.dll
0x00007ffc0f510000 - 0x00007ffc0f863000 	C:\Windows\System32\combase.dll
0x00007ffc0dc50000 - 0x00007ffc0dc7e000 	C:\Windows\SYSTEM32\Wldp.dll
0x00007ffc109b0000 - 0x00007ffc10a7d000 	C:\Windows\System32\OLEAUT32.dll
0x00007ffc10b60000 - 0x00007ffc10c0d000 	C:\Windows\System32\SHCORE.dll
0x00007ffc0edc0000 - 0x00007ffc0ee15000 	C:\Windows\System32\shlwapi.dll
0x00007ffc0e230000 - 0x00007ffc0e254000 	C:\Windows\SYSTEM32\profapi.dll
0x00007ffc04d30000 - 0x00007ffc04d49000 	C:\Program Files\Java\jdk-17\bin\net.dll
0x00007ffc00da0000 - 0x00007ffc00eaa000 	C:\Windows\SYSTEM32\WINHTTP.dll
0x00007ffc0d9b0000 - 0x00007ffc0da1a000 	C:\Windows\system32\mswsock.dll
0x00007ffc03f40000 - 0x00007ffc03f56000 	C:\Program Files\Java\jdk-17\bin\nio.dll
0x00007ffc03ac0000 - 0x00007ffc03ad8000 	C:\Program Files\Java\jdk-17\bin\zip.dll
0x00007ffc03890000 - 0x00007ffc0389a000 	C:\Program Files\Java\jdk-17\bin\management.dll
0x00007ffbf3a60000 - 0x00007ffbf3a6b000 	C:\Program Files\Java\jdk-17\bin\management_ext.dll
0x00007ffc04880000 - 0x00007ffc0488e000 	C:\Program Files\Java\jdk-17\bin\sunmscapi.dll
0x00007ffc0eb20000 - 0x00007ffc0ec7e000 	C:\Windows\System32\CRYPT32.dll
0x00007ffc0dd20000 - 0x00007ffc0dd49000 	C:\Windows\SYSTEM32\ncrypt.dll
0x00007ffc0dce0000 - 0x00007ffc0dd1b000 	C:\Windows\SYSTEM32\NTASN1.dll
0x00007ffc0dbb0000 - 0x00007ffc0dbc8000 	C:\Windows\SYSTEM32\CRYPTSP.dll
0x00007ffc0d290000 - 0x00007ffc0d2c4000 	C:\Windows\system32\rsaenh.dll
0x00007ffc0e1e0000 - 0x00007ffc0e20e000 	C:\Windows\SYSTEM32\USERENV.dll
0x00007ffc0dba0000 - 0x00007ffc0dbac000 	C:\Windows\SYSTEM32\CRYPTBASE.dll
0x00007ffc0d670000 - 0x00007ffc0d6ab000 	C:\Windows\SYSTEM32\IPHLPAPI.DLL
0x00007ffc10a80000 - 0x00007ffc10a88000 	C:\Windows\System32\NSI.dll
0x00007ffc01ea0000 - 0x00007ffc01eb7000 	C:\Windows\SYSTEM32\dhcpcsvc6.DLL
0x00007ffc01be0000 - 0x00007ffc01bfd000 	C:\Windows\SYSTEM32\dhcpcsvc.DLL
0x00007ffc0d6b0000 - 0x00007ffc0d77a000 	C:\Windows\SYSTEM32\DNSAPI.dll
0x00007ffc056c0000 - 0x00007ffc056d0000 	C:\Program Files\Java\jdk-17\bin\verify.dll
0x00007ffc006b0000 - 0x00007ffc006ba000 	C:\Windows\System32\rasadhlp.dll
0x00007ffbfe4d0000 - 0x00007ffbfe550000 	C:\Windows\System32\fwpuclnt.dll
0x00007ffbf2ad0000 - 0x00007ffbf2ad7000 	C:\Windows\system32\wshunix.dll

dbghelp: loaded successfully - version: 4.0.5 - missing functions: none
symbol engine: initialized successfully - sym options: 0x614 - pdb path: .;C:\Program Files\Java\jdk-17\bin;C:\Windows\SYSTEM32;C:\Windows\WinSxS\amd64_microsoft.windows.common-controls_6595b64144ccf1df_6.0.19041.4355_none_60b8b9eb71f62e16;C:\Program Files\Java\jdk-17\bin\server

VM Arguments:
jvm_args: -Dfile.encoding=UTF-8 -Dstdout.encoding=UTF-8 -Dstderr.encoding=UTF-8 -XX:+ShowCodeDetailsInExceptionMessages 
java_command: com.Hospital.Management.System.HospitalManagementSystemApplication
java_class_path (initial): C:\Users\gaurav\Desktop\Hospital Management\Hospital-Management-System\target\classes;C:\Users\gaurav\.m2\repository\org\springframework\boot\spring-boot-starter-data-jpa\3.2.7\spring-boot-starter-data-jpa-3.2.7.jar;C:\Users\gaurav\.m2\repository\org\springframework\boot\spring-boot-starter-aop\3.2.7\spring-boot-starter-aop-3.2.7.jar;C:\Users\gaurav\.m2\repository\org\springframework\spring-aop\6.1.10\spring-aop-6.1.10.jar;C:\Users\gaurav\.m2\repository\org\aspectj\aspectjweaver\1.9.22\aspectjweaver-1.9.22.jar;C:\Users\gaurav\.m2\repository\org\springframework\boot\spring-boot-starter-jdbc\3.2.7\spring-boot-starter-jdbc-3.2.7.jar;C:\Users\gaurav\.m2\repository\com\zaxxer\HikariCP\5.0.1\HikariCP-5.0.1.jar;C:\Users\gaurav\.m2\repository\org\springframework\spring-jdbc\6.1.10\spring-jdbc-6.1.10.jar;C:\Users\gaurav\.m2\repository\org\hibernate\orm\hibernate-core\6.4.9.Final\hibernate-core-6.4.9.Final.jar;C:\Users\gaurav\.m2\repository\jakarta\persistence\jakarta.persistence-api\3.1.0\jakarta.persistence-api-3.1.0.jar;C:\Users\gaurav\.m2\repository\jakarta\transaction\jakarta.transaction-api\2.0.1\jakarta.transaction-api-2.0.1.jar;C:\Users\gaurav\.m2\repository\org\jboss\logging\jboss-logging\3.5.3.Final\jboss-logging-3.5.3.Final.jar;C:\Users\gaurav\.m2\repository\org\hibernate\common\hibernate-commons-annotations\6.0.6.Final\hibernate-commons-annotations-6.0.6.Final.jar;C:\Users\gaurav\.m2\repository\io\smallrye\jandex\3.1.2\jandex-3.1.2.jar;C:\Users\gaurav\.m2\repository\com\fasterxml\classmate\1.6.0\classmate-1.6.0.jar;C:\Users\gaurav\.m2\repository\net\bytebuddy\byte-buddy\1.14.17\byte-buddy-1.14.17.jar;C:\Users\gaurav\.m2\repository\org\glassfish\jaxb\jaxb-runtime\4.0.5\jaxb-runtime-4.0.5.jar;C:\Users\gaurav\.m2\repository\org\glassfish\jaxb\jaxb-core\4.0.5\jaxb-core-4.0.5.jar;C:\Users\gaurav\.m2\repository\org\eclipse\angus\angus-activation\2.0.2\angus-activation-2.0.2.jar;C:\Users\gaurav\.m2\repository\org\glassfish\jaxb\txw2\4.0.5\txw
Launcher Type: SUN_STANDARD

[Global flags]
     intx CICompilerCount                          = 3                                         {product} {ergonomic}
     uint ConcGCThreads                            = 1                                         {product} {ergonomic}
     uint G1ConcRefinementThreads                  = 4                                         {product} {ergonomic}
   size_t G1HeapRegionSize                         = 1048576                                   {product} {ergonomic}
    uintx GCDrainStackTargetSize                   = 64                                        {product} {ergonomic}
   size_t InitialHeapSize                          = 132120576                                 {product} {ergonomic}
   size_t MarkStackSize                            = 4194304                                   {product} {ergonomic}
   size_t MaxHeapSize                              = 2105540608                                {product} {ergonomic}
   size_t MaxNewSize                               = 1262485504                                {product} {ergonomic}
   size_t MinHeapDeltaBytes                        = 1048576                                   {product} {ergonomic}
   size_t MinHeapSize                              = 8388608                                   {product} {ergonomic}
    uintx NonNMethodCodeHeapSize                   = 5832780                                {pd product} {ergonomic}
    uintx NonProfiledCodeHeapSize                  = 122912730                              {pd product} {ergonomic}
    uintx ProfiledCodeHeapSize                     = 122912730                              {pd product} {ergonomic}
    uintx ReservedCodeCacheSize                    = 251658240                              {pd product} {ergonomic}
     bool SegmentedCodeCache                       = true                                      {product} {ergonomic}
     bool ShowCodeDetailsInExceptionMessages       = true                                   {manageable} {command line}
   size_t SoftMaxHeapSize                          = 2105540608                             {manageable} {ergonomic}
     bool UseCompressedClassPointers               = true                           {product lp64_product} {ergonomic}
     bool UseCompressedOops                        = true                           {product lp64_product} {ergonomic}
     bool UseG1GC                                  = true                                      {product} {ergonomic}
     bool UseLargePagesIndividualAllocation        = false                                  {pd product} {ergonomic}

Logging:
Log output configuration:
 #0: stdout all=warning uptime,level,tags
 #1: stderr all=off uptime,level,tags

Environment Variables:
PATH=C:\Program Files (x86)\VMware\VMware Player\bin\;C:\Program Files\Common Files\Oracle\Java\javapath;C:\Windows\system32;C:\Windows;C:\Windows\System32\Wbem;C:\Windows\System32\WindowsPowerShell\v1.0\;C:\Windows\System32\OpenSSH\;E:\Program Files\Git\cmd;E:\nodejs\;C:\Program Files\dotnet\;C:\Users\gaurav\AppData\Local\Programs\Python\Python310\Scripts\;C:\Users\gaurav\AppData\Local\Programs\Python\Python310\;C:\Users\gaurav\AppData\Local\Microsoft\WindowsApps;C:\Users\gaurav\AppData\Roaming\npm;C:\Users\gaurav\AppData\Local\Programs\Microsoft VS Code\bin;C:\MinGW\bin;
USERNAME=gaurav
OS=Windows_NT
PROCESSOR_IDENTIFIER=Intel64 Family 6 Model 142 Stepping 12, GenuineIntel



---------------  S Y S T E M  ---------------

OS:
 Windows 10 , 64 bit Build 19041 (10.0.19041.4597)
OS uptime: 0 days 0:55 hours
Hyper-V role detected

CPU: total 4 (initial active 4) (2 cores per cpu, 2 threads per core) family 6 model 142 stepping 12 microcode 0xde, cx8, cmov, fxsr, ht, mmx, 3dnowpref, sse, sse2, sse3, ssse3, sse4.1, sse4.2, popcnt, lzcnt, tsc, tscinvbit, avx, avx2, aes, erms, clmul, bmi1, bmi2, adx, fma, vzeroupper, clflush, clflushopt, hv

Memory: 4k page, system-wide physical 8025M (967M free)
TotalPageFile size 8025M (AvailPageFile size 10M)
current process WorkingSet (physical memory assigned to process): 223M, peak: 260M
current process commit charge ("private bytes"): 254M, peak: 293M

vm_info: Java HotSpot(TM) 64-Bit Server VM (17.0.9+11-LTS-201) for windows-amd64 JRE (17.0.9+11-LTS-201), built on Oct 10 2023 23:16:06 by "mach5one" with MS VC++ 17.1 (VS2022)

END.
