#
# There is insufficient memory for the Java Runtime Environment to continue.
# Native memory allocation (malloc) failed to allocate 1251024 bytes for Chunk::new
# Possible reasons:
#   The system is out of physical RAM or swap space
#   The process is running with CompressedOops enabled, and the Java Heap may be blocking the growth of the native heap
# Possible solutions:
#   Reduce memory load on the system
#   Increase physical memory or swap space
#   Check if swap backing store is full
#   Decrease Java heap size (-Xmx/-Xms)
#   Decrease number of Java threads
#   Decrease Java thread stack sizes (-Xss)
#   Set larger code cache with -XX:ReservedCodeCacheSize=
#   JVM is running with Unscaled Compressed Oops mode in which the Java heap is
#     placed in the first 4GB address space. The Java Heap base address is the
#     maximum limit for the native heap growth. Please use -XX:HeapBaseMinAddress
#     to set the Java Heap base and to place the Java Heap above 4GB virtual address.
# This output file may be truncated or incomplete.
#
#  Out of Memory Error (arena.cpp:189), pid=12436, tid=564
#
# JRE version: Java(TM) SE Runtime Environment (17.0.9+11) (build 17.0.9+11-LTS-201)
# Java VM: Java HotSpot(TM) 64-Bit Server VM (17.0.9+11-LTS-201, mixed mode, sharing, tiered, compressed oops, compressed class ptrs, g1 gc, windows-amd64)
# No core dump will be written. Minidumps are not enabled by default on client versions of Windows
#

---------------  S U M M A R Y ------------

Command Line: -Dfile.encoding=UTF-8 -Dstdout.encoding=UTF-8 -Dstderr.encoding=UTF-8 -XX:+ShowCodeDetailsInExceptionMessages com.Hospital.Management.System.HospitalManagementSystemApplication

Host: Intel(R) Core(TM) i3-10110U CPU @ 2.10GHz, 4 cores, 7G,  Windows 10 , 64 bit Build 19041 (10.0.19041.3636)
Time: Sat Jul 13 17:09:11 2024 India Standard Time elapsed time: 2.055936 seconds (0d 0h 0m 2s)

---------------  T H R E A D  ---------------

Current thread (0x00000135d445fac0):  JavaThread "C2 CompilerThread1" daemon [_thread_in_native, id=564, stack(0x000000202f300000,0x000000202f400000)]


Current CompileTask:
C2:   2056 1745       4       jdk.internal.org.objectweb.asm.Frame::execute (2305 bytes)

Stack: [0x000000202f300000,0x000000202f400000]
Native frames: (J=compiled Java code, j=interpreted, Vv=VM code, C=native code)
V  [jvm.dll+0x678a4a]
V  [jvm.dll+0x7d9cfd]
V  [jvm.dll+0x7db60e]
V  [jvm.dll+0x7dbc73]
V  [jvm.dll+0x245e1f]
V  [jvm.dll+0xaaafb]
V  [jvm.dll+0xab09c]
V  [jvm.dll+0x36237e]
V  [jvm.dll+0x1bbb3a]
V  [jvm.dll+0x218287]
V  [jvm.dll+0x217561]
V  [jvm.dll+0x1a3bc0]
V  [jvm.dll+0x2272de]
V  [jvm.dll+0x22548b]
V  [jvm.dll+0x78f58c]
V  [jvm.dll+0x78998a]
V  [jvm.dll+0x677875]
C  [ucrtbase.dll+0x21bb2]
C  [KERNEL32.DLL+0x17344]
C  [ntdll.dll+0x526b1]


---------------  P R O C E S S  ---------------

Threads class SMR info:
_java_thread_list=0x00000135d6071c70, length=17, elements={
0x00000135eb5baba0, 0x00000135fbd6d000, 0x00000135fbd6ea30, 0x00000135fbd7fe80,
0x00000135fbd80950, 0x00000135fbd81220, 0x00000135fbd81af0, 0x00000135fbd827a0,
0x00000135fbdeefa0, 0x00000135fbdf3c80, 0x00000135d41b8050, 0x00000135d41da3e0,
0x00000135d445fac0, 0x00000135d4c71010, 0x00000135d4c714f0, 0x00000135d4fd5040,
0x00000135d527ede0
}

Java Threads: ( => current thread )
  0x00000135eb5baba0 JavaThread "main" [_thread_blocked, id=8640, stack(0x000000202e000000,0x000000202e100000)]
  0x00000135fbd6d000 JavaThread "Reference Handler" daemon [_thread_blocked, id=10984, stack(0x000000202e700000,0x000000202e800000)]
  0x00000135fbd6ea30 JavaThread "Finalizer" daemon [_thread_blocked, id=2548, stack(0x000000202e800000,0x000000202e900000)]
  0x00000135fbd7fe80 JavaThread "Signal Dispatcher" daemon [_thread_blocked, id=11008, stack(0x000000202e900000,0x000000202ea00000)]
  0x00000135fbd80950 JavaThread "Attach Listener" daemon [_thread_blocked, id=7388, stack(0x000000202ea00000,0x000000202eb00000)]
  0x00000135fbd81220 JavaThread "Service Thread" daemon [_thread_blocked, id=13172, stack(0x000000202eb00000,0x000000202ec00000)]
  0x00000135fbd81af0 JavaThread "Monitor Deflation Thread" daemon [_thread_blocked, id=11424, stack(0x000000202ec00000,0x000000202ed00000)]
  0x00000135fbd827a0 JavaThread "C2 CompilerThread0" daemon [_thread_in_native, id=10308, stack(0x000000202ed00000,0x000000202ee00000)]
  0x00000135fbdeefa0 JavaThread "C1 CompilerThread0" daemon [_thread_blocked, id=6284, stack(0x000000202ee00000,0x000000202ef00000)]
  0x00000135fbdf3c80 JavaThread "Sweeper thread" daemon [_thread_blocked, id=2504, stack(0x000000202ef00000,0x000000202f000000)]
  0x00000135d41b8050 JavaThread "Notification Thread" daemon [_thread_blocked, id=8488, stack(0x000000202f000000,0x000000202f100000)]
  0x00000135d41da3e0 JavaThread "Common-Cleaner" daemon [_thread_blocked, id=11372, stack(0x000000202f200000,0x000000202f300000)]
=>0x00000135d445fac0 JavaThread "C2 CompilerThread1" daemon [_thread_in_native, id=564, stack(0x000000202f300000,0x000000202f400000)]
  0x00000135d4c71010 JavaThread "Thread-0" [_thread_blocked, id=10428, stack(0x000000202f700000,0x000000202f800000)]
  0x00000135d4c714f0 JavaThread "restartedMain" [_thread_in_Java, id=4584, stack(0x000000202f800000,0x000000202f900000)]
  0x00000135d4fd5040 JavaThread "background-preinit" [_thread_in_Java, id=5144, stack(0x000000202f900000,0x000000202fa00000)]
  0x00000135d527ede0 JavaThread "Thread-3" [_thread_new, id=10440, stack(0x0000000000000000,0x0000000000000000)]

Other Threads:
  0x00000135fbd66070 VMThread "VM Thread" [stack: 0x000000202e600000,0x000000202e700000] [id=4320]
  0x00000135d41be550 WatcherThread [stack: 0x000000202f100000,0x000000202f200000] [id=7872]
  0x00000135eb6a5120 GCTaskThread "GC Thread#0" [stack: 0x000000202e100000,0x000000202e200000] [id=11568]
  0x00000135d47bef50 GCTaskThread "GC Thread#1" [stack: 0x000000202f400000,0x000000202f500000] [id=8076]
  0x00000135d47bf210 GCTaskThread "GC Thread#2" [stack: 0x000000202f500000,0x000000202f600000] [id=7956]
  0x00000135d4c273f0 GCTaskThread "GC Thread#3" [stack: 0x000000202f600000,0x000000202f700000] [id=12252]
  0x00000135eb6b8eb0 ConcurrentGCThread "G1 Main Marker" [stack: 0x000000202e200000,0x000000202e300000] [id=7996]
  0x00000135eb6ba0b0 ConcurrentGCThread "G1 Conc#0" [stack: 0x000000202e300000,0x000000202e400000] [id=12752]
  0x00000135eb71d140 ConcurrentGCThread "G1 Refine#0" [stack: 0x000000202e400000,0x000000202e500000] [id=10300]
  0x00000135eb71e360 ConcurrentGCThread "G1 Service" [stack: 0x000000202e500000,0x000000202e600000] [id=13308]

Threads with active compile tasks:
C2 CompilerThread0     2079 1991   !   4       jdk.internal.loader.URLClassPath$JarLoader::getResource (354 bytes)
C2 CompilerThread1     2079 1745       4       jdk.internal.org.objectweb.asm.Frame::execute (2305 bytes)

VM state: not at safepoint (normal execution)

VM Mutex/Monitor currently owned by a thread: None

Heap address: 0x0000000082800000, size: 2008 MB, Compressed Oops mode: 32-bit

CDS archive(s) mapped at: [0x000001358f000000-0x000001358fbd0000-0x000001358fbd0000), size 12386304, SharedBaseAddress: 0x000001358f000000, ArchiveRelocationMode: 1.
Compressed class space mapped at: 0x0000013590000000-0x00000135d0000000, reserved size: 1073741824
Narrow klass base: 0x000001358f000000, Narrow klass shift: 0, Narrow klass range: 0x100000000

GC Precious Log:
 CPUs: 4 total, 4 available
 Memory: 8025M
 Large Page Support: Disabled
 NUMA Support: Disabled
 Compressed Oops: Enabled (32-bit)
 Heap Region Size: 1M
 Heap Min Capacity: 8M
 Heap Initial Capacity: 126M
 Heap Max Capacity: 2008M
 Pre-touch: Disabled
 Parallel Workers: 4
 Concurrent Workers: 1
 Concurrent Refinement Workers: 4
 Periodic GC: Disabled

Heap:
 garbage-first heap   total 129024K, used 21397K [0x0000000082800000, 0x0000000100000000)
  region size 1024K, 17 young (17408K), 4 survivors (4096K)
 Metaspace       used 16703K, committed 16960K, reserved 1114112K
  class space    used 2068K, committed 2176K, reserved 1048576K

Heap Regions: E=young(eden), S=young(survivor), O=old, HS=humongous(starts), HC=humongous(continues), CS=collection set, F=free, OA=open archive, CA=closed archive, TAMS=top-at-mark-start (previous, next)
|   0|0x0000000082800000, 0x0000000082900000, 0x0000000082900000|100%|HS|  |TAMS 0x0000000082800000, 0x0000000082800000| Complete 
|   1|0x0000000082900000, 0x0000000082a00000, 0x0000000082a00000|100%| O|  |TAMS 0x0000000082900000, 0x0000000082900000| Untracked 
|   2|0x0000000082a00000, 0x0000000082b00000, 0x0000000082b00000|100%| O|  |TAMS 0x0000000082a00000, 0x0000000082a00000| Untracked 
|   3|0x0000000082b00000, 0x0000000082c00000, 0x0000000082c00000|100%| O|  |TAMS 0x0000000082b00000, 0x0000000082b00000| Untracked 
|   4|0x0000000082c00000, 0x0000000082d00000, 0x0000000082d00000|100%| O|  |TAMS 0x0000000082c00000, 0x0000000082c00000| Untracked 
|   5|0x0000000082d00000, 0x0000000082dc5200, 0x0000000082e00000| 77%| O|  |TAMS 0x0000000082d00000, 0x0000000082d00000| Untracked 
|   6|0x0000000082e00000, 0x0000000082e00000, 0x0000000082f00000|  0%| F|  |TAMS 0x0000000082e00000, 0x0000000082e00000| Untracked 
|   7|0x0000000082f00000, 0x0000000082f00000, 0x0000000083000000|  0%| F|  |TAMS 0x0000000082f00000, 0x0000000082f00000| Untracked 
|   8|0x0000000083000000, 0x0000000083000000, 0x0000000083100000|  0%| F|  |TAMS 0x0000000083000000, 0x0000000083000000| Untracked 
|   9|0x0000000083100000, 0x0000000083100000, 0x0000000083200000|  0%| F|  |TAMS 0x0000000083100000, 0x0000000083100000| Untracked 
|  10|0x0000000083200000, 0x0000000083200000, 0x0000000083300000|  0%| F|  |TAMS 0x0000000083200000, 0x0000000083200000| Untracked 
|  11|0x0000000083300000, 0x0000000083300000, 0x0000000083400000|  0%| F|  |TAMS 0x0000000083300000, 0x0000000083300000| Untracked 
|  12|0x0000000083400000, 0x0000000083400000, 0x0000000083500000|  0%| F|  |TAMS 0x0000000083400000, 0x0000000083400000| Untracked 
|  13|0x0000000083500000, 0x0000000083500000, 0x0000000083600000|  0%| F|  |TAMS 0x0000000083500000, 0x0000000083500000| Untracked 
|  14|0x0000000083600000, 0x0000000083600000, 0x0000000083700000|  0%| F|  |TAMS 0x0000000083600000, 0x0000000083600000| Untracked 
|  15|0x0000000083700000, 0x0000000083700000, 0x0000000083800000|  0%| F|  |TAMS 0x0000000083700000, 0x0000000083700000| Untracked 
|  16|0x0000000083800000, 0x0000000083800000, 0x0000000083900000|  0%| F|  |TAMS 0x0000000083800000, 0x0000000083800000| Untracked 
|  17|0x0000000083900000, 0x0000000083900000, 0x0000000083a00000|  0%| F|  |TAMS 0x0000000083900000, 0x0000000083900000| Untracked 
|  18|0x0000000083a00000, 0x0000000083a00000, 0x0000000083b00000|  0%| F|  |TAMS 0x0000000083a00000, 0x0000000083a00000| Untracked 
|  19|0x0000000083b00000, 0x0000000083b00000, 0x0000000083c00000|  0%| F|  |TAMS 0x0000000083b00000, 0x0000000083b00000| Untracked 
|  20|0x0000000083c00000, 0x0000000083c00000, 0x0000000083d00000|  0%| F|  |TAMS 0x0000000083c00000, 0x0000000083c00000| Untracked 
|  21|0x0000000083d00000, 0x0000000083d00000, 0x0000000083e00000|  0%| F|  |TAMS 0x0000000083d00000, 0x0000000083d00000| Untracked 
|  22|0x0000000083e00000, 0x0000000083e00000, 0x0000000083f00000|  0%| F|  |TAMS 0x0000000083e00000, 0x0000000083e00000| Untracked 
|  23|0x0000000083f00000, 0x0000000083f00000, 0x0000000084000000|  0%| F|  |TAMS 0x0000000083f00000, 0x0000000083f00000| Untracked 
|  24|0x0000000084000000, 0x0000000084000000, 0x0000000084100000|  0%| F|  |TAMS 0x0000000084000000, 0x0000000084000000| Untracked 
|  25|0x0000000084100000, 0x0000000084100000, 0x0000000084200000|  0%| F|  |TAMS 0x0000000084100000, 0x0000000084100000| Untracked 
|  26|0x0000000084200000, 0x0000000084200000, 0x0000000084300000|  0%| F|  |TAMS 0x0000000084200000, 0x0000000084200000| Untracked 
|  27|0x0000000084300000, 0x0000000084300000, 0x0000000084400000|  0%| F|  |TAMS 0x0000000084300000, 0x0000000084300000| Untracked 
|  28|0x0000000084400000, 0x0000000084400000, 0x0000000084500000|  0%| F|  |TAMS 0x0000000084400000, 0x0000000084400000| Untracked 
|  29|0x0000000084500000, 0x0000000084500000, 0x0000000084600000|  0%| F|  |TAMS 0x0000000084500000, 0x0000000084500000| Untracked 
|  30|0x0000000084600000, 0x0000000084600000, 0x0000000084700000|  0%| F|  |TAMS 0x0000000084600000, 0x0000000084600000| Untracked 
|  31|0x0000000084700000, 0x0000000084700000, 0x0000000084800000|  0%| F|  |TAMS 0x0000000084700000, 0x0000000084700000| Untracked 
|  32|0x0000000084800000, 0x0000000084800000, 0x0000000084900000|  0%| F|  |TAMS 0x0000000084800000, 0x0000000084800000| Untracked 
|  33|0x0000000084900000, 0x0000000084900000, 0x0000000084a00000|  0%| F|  |TAMS 0x0000000084900000, 0x0000000084900000| Untracked 
|  34|0x0000000084a00000, 0x0000000084a00000, 0x0000000084b00000|  0%| F|  |TAMS 0x0000000084a00000, 0x0000000084a00000| Untracked 
|  35|0x0000000084b00000, 0x0000000084b00000, 0x0000000084c00000|  0%| F|  |TAMS 0x0000000084b00000, 0x0000000084b00000| Untracked 
|  36|0x0000000084c00000, 0x0000000084c00000, 0x0000000084d00000|  0%| F|  |TAMS 0x0000000084c00000, 0x0000000084c00000| Untracked 
|  37|0x0000000084d00000, 0x0000000084d00000, 0x0000000084e00000|  0%| F|  |TAMS 0x0000000084d00000, 0x0000000084d00000| Untracked 
|  38|0x0000000084e00000, 0x0000000084e00000, 0x0000000084f00000|  0%| F|  |TAMS 0x0000000084e00000, 0x0000000084e00000| Untracked 
|  39|0x0000000084f00000, 0x0000000084f00000, 0x0000000085000000|  0%| F|  |TAMS 0x0000000084f00000, 0x0000000084f00000| Untracked 
|  40|0x0000000085000000, 0x0000000085000000, 0x0000000085100000|  0%| F|  |TAMS 0x0000000085000000, 0x0000000085000000| Untracked 
|  41|0x0000000085100000, 0x0000000085100000, 0x0000000085200000|  0%| F|  |TAMS 0x0000000085100000, 0x0000000085100000| Untracked 
|  42|0x0000000085200000, 0x0000000085200000, 0x0000000085300000|  0%| F|  |TAMS 0x0000000085200000, 0x0000000085200000| Untracked 
|  43|0x0000000085300000, 0x0000000085300000, 0x0000000085400000|  0%| F|  |TAMS 0x0000000085300000, 0x0000000085300000| Untracked 
|  44|0x0000000085400000, 0x0000000085400000, 0x0000000085500000|  0%| F|  |TAMS 0x0000000085400000, 0x0000000085400000| Untracked 
|  45|0x0000000085500000, 0x0000000085500000, 0x0000000085600000|  0%| F|  |TAMS 0x0000000085500000, 0x0000000085500000| Untracked 
|  46|0x0000000085600000, 0x0000000085600000, 0x0000000085700000|  0%| F|  |TAMS 0x0000000085600000, 0x0000000085600000| Untracked 
|  47|0x0000000085700000, 0x0000000085700000, 0x0000000085800000|  0%| F|  |TAMS 0x0000000085700000, 0x0000000085700000| Untracked 
|  48|0x0000000085800000, 0x0000000085800000, 0x0000000085900000|  0%| F|  |TAMS 0x0000000085800000, 0x0000000085800000| Untracked 
|  49|0x0000000085900000, 0x0000000085900000, 0x0000000085a00000|  0%| F|  |TAMS 0x0000000085900000, 0x0000000085900000| Untracked 
|  50|0x0000000085a00000, 0x0000000085a00000, 0x0000000085b00000|  0%| F|  |TAMS 0x0000000085a00000, 0x0000000085a00000| Untracked 
|  51|0x0000000085b00000, 0x0000000085b00000, 0x0000000085c00000|  0%| F|  |TAMS 0x0000000085b00000, 0x0000000085b00000| Untracked 
|  52|0x0000000085c00000, 0x0000000085c00000, 0x0000000085d00000|  0%| F|  |TAMS 0x0000000085c00000, 0x0000000085c00000| Untracked 
|  53|0x0000000085d00000, 0x0000000085d00000, 0x0000000085e00000|  0%| F|  |TAMS 0x0000000085d00000, 0x0000000085d00000| Untracked 
|  54|0x0000000085e00000, 0x0000000085e00000, 0x0000000085f00000|  0%| F|  |TAMS 0x0000000085e00000, 0x0000000085e00000| Untracked 
|  55|0x0000000085f00000, 0x0000000085f00000, 0x0000000086000000|  0%| F|  |TAMS 0x0000000085f00000, 0x0000000085f00000| Untracked 
|  56|0x0000000086000000, 0x0000000086000000, 0x0000000086100000|  0%| F|  |TAMS 0x0000000086000000, 0x0000000086000000| Untracked 
|  57|0x0000000086100000, 0x0000000086100000, 0x0000000086200000|  0%| F|  |TAMS 0x0000000086100000, 0x0000000086100000| Untracked 
|  58|0x0000000086200000, 0x0000000086200000, 0x0000000086300000|  0%| F|  |TAMS 0x0000000086200000, 0x0000000086200000| Untracked 
|  59|0x0000000086300000, 0x0000000086300000, 0x0000000086400000|  0%| F|  |TAMS 0x0000000086300000, 0x0000000086300000| Untracked 
|  60|0x0000000086400000, 0x0000000086400000, 0x0000000086500000|  0%| F|  |TAMS 0x0000000086400000, 0x0000000086400000| Untracked 
|  61|0x0000000086500000, 0x0000000086500000, 0x0000000086600000|  0%| F|  |TAMS 0x0000000086500000, 0x0000000086500000| Untracked 
|  62|0x0000000086600000, 0x0000000086600000, 0x0000000086700000|  0%| F|  |TAMS 0x0000000086600000, 0x0000000086600000| Untracked 
|  63|0x0000000086700000, 0x0000000086700000, 0x0000000086800000|  0%| F|  |TAMS 0x0000000086700000, 0x0000000086700000| Untracked 
|  64|0x0000000086800000, 0x0000000086800000, 0x0000000086900000|  0%| F|  |TAMS 0x0000000086800000, 0x0000000086800000| Untracked 
|  65|0x0000000086900000, 0x0000000086900000, 0x0000000086a00000|  0%| F|  |TAMS 0x0000000086900000, 0x0000000086900000| Untracked 
|  66|0x0000000086a00000, 0x0000000086a00000, 0x0000000086b00000|  0%| F|  |TAMS 0x0000000086a00000, 0x0000000086a00000| Untracked 
|  67|0x0000000086b00000, 0x0000000086b00000, 0x0000000086c00000|  0%| F|  |TAMS 0x0000000086b00000, 0x0000000086b00000| Untracked 
|  68|0x0000000086c00000, 0x0000000086c00000, 0x0000000086d00000|  0%| F|  |TAMS 0x0000000086c00000, 0x0000000086c00000| Untracked 
|  69|0x0000000086d00000, 0x0000000086d00000, 0x0000000086e00000|  0%| F|  |TAMS 0x0000000086d00000, 0x0000000086d00000| Untracked 
|  70|0x0000000086e00000, 0x0000000086e00000, 0x0000000086f00000|  0%| F|  |TAMS 0x0000000086e00000, 0x0000000086e00000| Untracked 
|  71|0x0000000086f00000, 0x0000000086f00000, 0x0000000087000000|  0%| F|  |TAMS 0x0000000086f00000, 0x0000000086f00000| Untracked 
|  72|0x0000000087000000, 0x0000000087000000, 0x0000000087100000|  0%| F|  |TAMS 0x0000000087000000, 0x0000000087000000| Untracked 
|  73|0x0000000087100000, 0x0000000087100000, 0x0000000087200000|  0%| F|  |TAMS 0x0000000087100000, 0x0000000087100000| Untracked 
|  74|0x0000000087200000, 0x0000000087200000, 0x0000000087300000|  0%| F|  |TAMS 0x0000000087200000, 0x0000000087200000| Untracked 
|  75|0x0000000087300000, 0x0000000087300000, 0x0000000087400000|  0%| F|  |TAMS 0x0000000087300000, 0x0000000087300000| Untracked 
|  76|0x0000000087400000, 0x0000000087400000, 0x0000000087500000|  0%| F|  |TAMS 0x0000000087400000, 0x0000000087400000| Untracked 
|  77|0x0000000087500000, 0x0000000087500000, 0x0000000087600000|  0%| F|  |TAMS 0x0000000087500000, 0x0000000087500000| Untracked 
|  78|0x0000000087600000, 0x0000000087600000, 0x0000000087700000|  0%| F|  |TAMS 0x0000000087600000, 0x0000000087600000| Untracked 
|  79|0x0000000087700000, 0x0000000087700000, 0x0000000087800000|  0%| F|  |TAMS 0x0000000087700000, 0x0000000087700000| Untracked 
|  80|0x0000000087800000, 0x0000000087800000, 0x0000000087900000|  0%| F|  |TAMS 0x0000000087800000, 0x0000000087800000| Untracked 
|  81|0x0000000087900000, 0x0000000087900000, 0x0000000087a00000|  0%| F|  |TAMS 0x0000000087900000, 0x0000000087900000| Untracked 
|  82|0x0000000087a00000, 0x0000000087a00000, 0x0000000087b00000|  0%| F|  |TAMS 0x0000000087a00000, 0x0000000087a00000| Untracked 
|  83|0x0000000087b00000, 0x0000000087b00000, 0x0000000087c00000|  0%| F|  |TAMS 0x0000000087b00000, 0x0000000087b00000| Untracked 
|  84|0x0000000087c00000, 0x0000000087c00000, 0x0000000087d00000|  0%| F|  |TAMS 0x0000000087c00000, 0x0000000087c00000| Untracked 
|  85|0x0000000087d00000, 0x0000000087d00000, 0x0000000087e00000|  0%| F|  |TAMS 0x0000000087d00000, 0x0000000087d00000| Untracked 
|  86|0x0000000087e00000, 0x0000000087e00000, 0x0000000087f00000|  0%| F|  |TAMS 0x0000000087e00000, 0x0000000087e00000| Untracked 
|  87|0x0000000087f00000, 0x0000000087f00000, 0x0000000088000000|  0%| F|  |TAMS 0x0000000087f00000, 0x0000000087f00000| Untracked 
|  88|0x0000000088000000, 0x0000000088000000, 0x0000000088100000|  0%| F|  |TAMS 0x0000000088000000, 0x0000000088000000| Untracked 
|  89|0x0000000088100000, 0x0000000088100000, 0x0000000088200000|  0%| F|  |TAMS 0x0000000088100000, 0x0000000088100000| Untracked 
|  90|0x0000000088200000, 0x0000000088200000, 0x0000000088300000|  0%| F|  |TAMS 0x0000000088200000, 0x0000000088200000| Untracked 
|  91|0x0000000088300000, 0x0000000088300000, 0x0000000088400000|  0%| F|  |TAMS 0x0000000088300000, 0x0000000088300000| Untracked 
|  92|0x0000000088400000, 0x0000000088420508, 0x0000000088500000| 12%| S|CS|TAMS 0x0000000088400000, 0x0000000088400000| Complete 
|  93|0x0000000088500000, 0x0000000088600000, 0x0000000088600000|100%| S|CS|TAMS 0x0000000088500000, 0x0000000088500000| Complete 
|  94|0x0000000088600000, 0x0000000088700000, 0x0000000088700000|100%| S|CS|TAMS 0x0000000088600000, 0x0000000088600000| Complete 
|  95|0x0000000088700000, 0x0000000088800000, 0x0000000088800000|100%| S|CS|TAMS 0x0000000088700000, 0x0000000088700000| Complete 
|  96|0x0000000088800000, 0x0000000088800000, 0x0000000088900000|  0%| F|  |TAMS 0x0000000088800000, 0x0000000088800000| Untracked 
|  97|0x0000000088900000, 0x0000000088900000, 0x0000000088a00000|  0%| F|  |TAMS 0x0000000088900000, 0x0000000088900000| Untracked 
|  98|0x0000000088a00000, 0x0000000088a00000, 0x0000000088b00000|  0%| F|  |TAMS 0x0000000088a00000, 0x0000000088a00000| Untracked 
|  99|0x0000000088b00000, 0x0000000088b00000, 0x0000000088c00000|  0%| F|  |TAMS 0x0000000088b00000, 0x0000000088b00000| Untracked 
| 100|0x0000000088c00000, 0x0000000088c00000, 0x0000000088d00000|  0%| F|  |TAMS 0x0000000088c00000, 0x0000000088c00000| Untracked 
| 101|0x0000000088d00000, 0x0000000088d00000, 0x0000000088e00000|  0%| F|  |TAMS 0x0000000088d00000, 0x0000000088d00000| Untracked 
| 102|0x0000000088e00000, 0x0000000088e00000, 0x0000000088f00000|  0%| F|  |TAMS 0x0000000088e00000, 0x0000000088e00000| Untracked 
| 103|0x0000000088f00000, 0x0000000088f00000, 0x0000000089000000|  0%| F|  |TAMS 0x0000000088f00000, 0x0000000088f00000| Untracked 
| 104|0x0000000089000000, 0x0000000089000000, 0x0000000089100000|  0%| F|  |TAMS 0x0000000089000000, 0x0000000089000000| Untracked 
| 105|0x0000000089100000, 0x0000000089100000, 0x0000000089200000|  0%| F|  |TAMS 0x0000000089100000, 0x0000000089100000| Untracked 
| 106|0x0000000089200000, 0x0000000089200000, 0x0000000089300000|  0%| F|  |TAMS 0x0000000089200000, 0x0000000089200000| Untracked 
| 107|0x0000000089300000, 0x0000000089300000, 0x0000000089400000|  0%| F|  |TAMS 0x0000000089300000, 0x0000000089300000| Untracked 
| 108|0x0000000089400000, 0x0000000089400000, 0x0000000089500000|  0%| F|  |TAMS 0x0000000089400000, 0x0000000089400000| Untracked 
| 109|0x0000000089500000, 0x0000000089500000, 0x0000000089600000|  0%| F|  |TAMS 0x0000000089500000, 0x0000000089500000| Untracked 
| 110|0x0000000089600000, 0x0000000089600000, 0x0000000089700000|  0%| F|  |TAMS 0x0000000089600000, 0x0000000089600000| Untracked 
| 111|0x0000000089700000, 0x0000000089700000, 0x0000000089800000|  0%| F|  |TAMS 0x0000000089700000, 0x0000000089700000| Untracked 
| 112|0x0000000089800000, 0x0000000089879b30, 0x0000000089900000| 47%| E|  |TAMS 0x0000000089800000, 0x0000000089800000| Complete 
| 113|0x0000000089900000, 0x0000000089a00000, 0x0000000089a00000|100%| E|CS|TAMS 0x0000000089900000, 0x0000000089900000| Complete 
| 114|0x0000000089a00000, 0x0000000089b00000, 0x0000000089b00000|100%| E|CS|TAMS 0x0000000089a00000, 0x0000000089a00000| Complete 
| 115|0x0000000089b00000, 0x0000000089c00000, 0x0000000089c00000|100%| E|CS|TAMS 0x0000000089b00000, 0x0000000089b00000| Complete 
| 116|0x0000000089c00000, 0x0000000089d00000, 0x0000000089d00000|100%| E|CS|TAMS 0x0000000089c00000, 0x0000000089c00000| Complete 
| 117|0x0000000089d00000, 0x0000000089e00000, 0x0000000089e00000|100%| E|CS|TAMS 0x0000000089d00000, 0x0000000089d00000| Complete 
| 118|0x0000000089e00000, 0x0000000089f00000, 0x0000000089f00000|100%| E|CS|TAMS 0x0000000089e00000, 0x0000000089e00000| Complete 
| 119|0x0000000089f00000, 0x000000008a000000, 0x000000008a000000|100%| E|CS|TAMS 0x0000000089f00000, 0x0000000089f00000| Complete 
| 120|0x000000008a000000, 0x000000008a100000, 0x000000008a100000|100%| E|CS|TAMS 0x000000008a000000, 0x000000008a000000| Complete 
| 121|0x000000008a100000, 0x000000008a200000, 0x000000008a200000|100%| E|CS|TAMS 0x000000008a100000, 0x000000008a100000| Complete 
| 122|0x000000008a200000, 0x000000008a300000, 0x000000008a300000|100%| E|CS|TAMS 0x000000008a200000, 0x000000008a200000| Complete 
| 123|0x000000008a300000, 0x000000008a400000, 0x000000008a400000|100%| E|CS|TAMS 0x000000008a300000, 0x000000008a300000| Complete 
| 124|0x000000008a400000, 0x000000008a500000, 0x000000008a500000|100%| E|CS|TAMS 0x000000008a400000, 0x000000008a400000| Complete 
| 125|0x000000008a500000, 0x000000008a600000, 0x000000008a600000|100%| E|CS|TAMS 0x000000008a500000, 0x000000008a500000| Complete 

Card table byte_map: [0x00000135f50e0000,0x00000135f54d0000] _byte_map_base: 0x00000135f4ccc000

Marking Bits (Prev, Next): (CMBitMap*) 0x00000135eb6a8a80, (CMBitMap*) 0x00000135eb6a8ac0
 Prev Bits: [0x00000135f58c0000, 0x00000135f7820000)
 Next Bits: [0x00000135f7820000, 0x00000135f9780000)

Polling page: 0x00000135eb720000

Metaspace:

Usage:
  Non-class:     14.36 MB used.
      Class:      2.03 MB used.
       Both:     16.38 MB used.

Virtual space:
  Non-class space:       64.00 MB reserved,      14.50 MB ( 23%) committed,  1 nodes.
      Class space:        1.00 GB reserved,       2.12 MB ( <1%) committed,  1 nodes.
             Both:        1.06 GB reserved,      16.62 MB (  2%) committed. 

Chunk freelists:
   Non-Class:  1.52 MB
       Class:  13.88 MB
        Both:  15.39 MB

MaxMetaspaceSize: unlimited
CompressedClassSpaceSize: 1.00 GB
Initial GC threshold: 21.00 MB
Current GC threshold: 21.00 MB
CDS: on
MetaspaceReclaimPolicy: balanced
 - commit_granule_bytes: 65536.
 - commit_granule_words: 8192.
 - virtual_space_node_default_size: 8388608.
 - enlarge_chunks_in_place: 1.
 - new_chunks_are_fully_committed: 0.
 - uncommit_free_chunks: 1.
 - use_allocation_guard: 0.
 - handle_deallocations: 1.


Internal statistics:

num_allocs_failed_limit: 0.
num_arena_births: 204.
num_arena_deaths: 0.
num_vsnodes_births: 2.
num_vsnodes_deaths: 0.
num_space_committed: 266.
num_space_uncommitted: 0.
num_chunks_returned_to_freelist: 0.
num_chunks_taken_from_freelist: 735.
num_chunk_merges: 0.
num_chunk_splits: 503.
num_chunks_enlarged: 398.
num_inconsistent_stats: 0.

CodeHeap 'non-profiled nmethods': size=120000Kb used=723Kb max_used=723Kb free=119276Kb
 bounds [0x0000013587ad0000, 0x0000013587d40000, 0x000001358f000000]
CodeHeap 'profiled nmethods': size=120000Kb used=4111Kb max_used=4111Kb free=115888Kb
 bounds [0x0000013580000000, 0x0000013580410000, 0x0000013587530000]
CodeHeap 'non-nmethods': size=5760Kb used=1195Kb max_used=1216Kb free=4564Kb
 bounds [0x0000013587530000, 0x00000135877a0000, 0x0000013587ad0000]
 total_blobs=2607 nmethods=2113 adapters=406
 compilation: enabled
              stopped_count=0, restarted_count=0
 full_count=0

Compilation events (20 events):
Event: 2.029 Thread 0x00000135fbdeefa0 nmethod 2079 0x00000135803ee790 code [0x00000135803ee940, 0x00000135803eeb48]
Event: 2.031 Thread 0x00000135fbdeefa0 2080       3       sun.security.util.CurveDB::bi (11 bytes)
Event: 2.031 Thread 0x00000135fbdeefa0 nmethod 2080 0x00000135803eec10 code [0x00000135803eedc0, 0x00000135803eef88]
Event: 2.031 Thread 0x00000135fbdeefa0 2081       2       java.util.HashMap::put (13 bytes)
Event: 2.032 Thread 0x00000135fbdeefa0 nmethod 2081 0x00000135803ef090 code [0x00000135803ef240, 0x00000135803ef3d8]
Event: 2.032 Thread 0x00000135fbdeefa0 2082       3       java.lang.Integer::parseInt (7 bytes)
Event: 2.032 Thread 0x00000135fbdeefa0 nmethod 2082 0x00000135803ef490 code [0x00000135803ef620, 0x00000135803ef748]
Event: 2.032 Thread 0x00000135fbdeefa0 2083       3       sun.security.util.ObjectIdentifier::checkOidSize (86 bytes)
Event: 2.033 Thread 0x00000135fbdeefa0 nmethod 2083 0x00000135803ef810 code [0x00000135803efb20, 0x00000135803f08a8]
Event: 2.033 Thread 0x00000135fbdeefa0 2084       3       java.util.Collections$UnmodifiableCollection::toArray (11 bytes)
Event: 2.034 Thread 0x00000135fbdeefa0 nmethod 2084 0x00000135803f0d90 code [0x00000135803f0f40, 0x00000135803f1108]
Event: 2.034 Thread 0x00000135fbdeefa0 2086       3       java.math.BigInteger::trustedStripLeadingZeroInts (37 bytes)
Event: 2.034 Thread 0x00000135fbdeefa0 nmethod 2086 0x00000135803f1210 code [0x00000135803f13c0, 0x00000135803f1628]
Event: 2.035 Thread 0x00000135fbdeefa0 2087       3       sun.security.util.ObjectIdentifier::pack7Oid (42 bytes)
Event: 2.035 Thread 0x00000135fbdeefa0 nmethod 2087 0x00000135803f1710 code [0x00000135803f18c0, 0x00000135803f1ac8]
Event: 2.035 Thread 0x00000135fbdeefa0 2088       3       sun.security.util.ObjectIdentifier::pack (220 bytes)
Event: 2.036 Thread 0x00000135fbdeefa0 nmethod 2088 0x00000135803f1b90 code [0x00000135803f1d60, 0x00000135803f23c8]
Event: 2.036 Thread 0x00000135fbdeefa0 2089       1       java.math.BigInteger::signum (5 bytes)
Event: 2.036 Thread 0x00000135fbdeefa0 nmethod 2089 0x0000013587b83b10 code [0x0000013587b83ca0, 0x0000013587b83d78]
Event: 2.036 Thread 0x00000135fbdeefa0 2090   !   3       java.io.BufferedReader::readLine (327 bytes)

GC Heap History (6 events):
Event: 0.821 GC heap before
{Heap before GC invocations=0 (full 0):
 garbage-first heap   total 129024K, used 13312K [0x0000000082800000, 0x0000000100000000)
  region size 1024K, 13 young (13312K), 0 survivors (0K)
 Metaspace       used 3466K, committed 3584K, reserved 1114112K
  class space    used 369K, committed 448K, reserved 1048576K
}
Event: 0.825 GC heap after
{Heap after GC invocations=1 (full 0):
 garbage-first heap   total 129024K, used 5876K [0x0000000082800000, 0x0000000100000000)
  region size 1024K, 2 young (2048K), 2 survivors (2048K)
 Metaspace       used 3466K, committed 3584K, reserved 1114112K
  class space    used 369K, committed 448K, reserved 1048576K
}
Event: 1.128 GC heap before
{Heap before GC invocations=1 (full 0):
 garbage-first heap   total 129024K, used 17140K [0x0000000082800000, 0x0000000100000000)
  region size 1024K, 14 young (14336K), 2 survivors (2048K)
 Metaspace       used 6296K, committed 6464K, reserved 1114112K
  class space    used 753K, committed 832K, reserved 1048576K
}
Event: 1.132 GC heap after
{Heap after GC invocations=2 (full 0):
 garbage-first heap   total 129024K, used 6875K [0x0000000082800000, 0x0000000100000000)
  region size 1024K, 1 young (1024K), 1 survivors (1024K)
 Metaspace       used 6296K, committed 6464K, reserved 1114112K
  class space    used 753K, committed 832K, reserved 1048576K
}
Event: 1.740 GC heap before
{Heap before GC invocations=2 (full 0):
 garbage-first heap   total 129024K, used 35547K [0x0000000082800000, 0x0000000100000000)
  region size 1024K, 30 young (30720K), 1 survivors (1024K)
 Metaspace       used 13719K, committed 13952K, reserved 1114112K
  class space    used 1668K, committed 1792K, reserved 1048576K
}
Event: 1.747 GC heap after
{Heap after GC invocations=3 (full 0):
 garbage-first heap   total 129024K, used 9109K [0x0000000082800000, 0x0000000100000000)
  region size 1024K, 4 young (4096K), 4 survivors (4096K)
 Metaspace       used 13719K, committed 13952K, reserved 1114112K
  class space    used 1668K, committed 1792K, reserved 1048576K
}

Deoptimization events (20 events):
Event: 2.014 Thread 0x00000135d4fd5040 Uncommon trap: trap_request=0xffffffde fr.pc=0x0000013587b49898 relative=0x0000000000000878
Event: 2.014 Thread 0x00000135d4fd5040 Uncommon trap: reason=class_check action=maybe_recompile pc=0x0000013587b49898 method=java.util.HashMap.putVal(ILjava/lang/Object;Ljava/lang/Object;ZZ)Ljava/lang/Object; @ 203 c2
Event: 2.014 Thread 0x00000135d4fd5040 DEOPT PACKING pc=0x0000013587b49898 sp=0x000000202f9fca00
Event: 2.014 Thread 0x00000135d4fd5040 DEOPT UNPACKING pc=0x00000135875823a3 sp=0x000000202f9fc928 mode 2
Event: 2.015 Thread 0x00000135d4fd5040 Uncommon trap: trap_request=0xffffffde fr.pc=0x0000013587b49898 relative=0x0000000000000878
Event: 2.015 Thread 0x00000135d4fd5040 Uncommon trap: reason=class_check action=maybe_recompile pc=0x0000013587b49898 method=java.util.HashMap.putVal(ILjava/lang/Object;Ljava/lang/Object;ZZ)Ljava/lang/Object; @ 203 c2
Event: 2.015 Thread 0x00000135d4fd5040 DEOPT PACKING pc=0x0000013587b49898 sp=0x000000202f9fca00
Event: 2.015 Thread 0x00000135d4fd5040 DEOPT UNPACKING pc=0x00000135875823a3 sp=0x000000202f9fc928 mode 2
Event: 2.016 Thread 0x00000135d4fd5040 Uncommon trap: trap_request=0xffffffde fr.pc=0x0000013587b3df70 relative=0x00000000000007f0
Event: 2.016 Thread 0x00000135d4fd5040 Uncommon trap: reason=class_check action=maybe_recompile pc=0x0000013587b3df70 method=java.util.HashMap.putVal(ILjava/lang/Object;Ljava/lang/Object;ZZ)Ljava/lang/Object; @ 203 c2
Event: 2.016 Thread 0x00000135d4fd5040 DEOPT PACKING pc=0x0000013587b3df70 sp=0x000000202f9fc960
Event: 2.016 Thread 0x00000135d4fd5040 DEOPT UNPACKING pc=0x00000135875823a3 sp=0x000000202f9fc920 mode 2
Event: 2.024 Thread 0x00000135d4c714f0 Uncommon trap: trap_request=0xffffffc6 fr.pc=0x0000013587b7466c relative=0x0000000000001b4c
Event: 2.024 Thread 0x00000135d4c714f0 Uncommon trap: reason=bimorphic_or_optimized_type_check action=maybe_recompile pc=0x0000013587b7466c method=java.util.HashMap.putVal(ILjava/lang/Object;Ljava/lang/Object;ZZ)Ljava/lang/Object; @ 91 c2
Event: 2.024 Thread 0x00000135d4c714f0 DEOPT PACKING pc=0x0000013587b7466c sp=0x000000202f8fe0c0
Event: 2.024 Thread 0x00000135d4c714f0 DEOPT UNPACKING pc=0x00000135875823a3 sp=0x000000202f8fdf78 mode 2
Event: 2.025 Thread 0x00000135d4c714f0 Uncommon trap: trap_request=0xffffffc6 fr.pc=0x0000013587b7466c relative=0x0000000000001b4c
Event: 2.025 Thread 0x00000135d4c714f0 Uncommon trap: reason=bimorphic_or_optimized_type_check action=maybe_recompile pc=0x0000013587b7466c method=java.util.HashMap.putVal(ILjava/lang/Object;Ljava/lang/Object;ZZ)Ljava/lang/Object; @ 91 c2
Event: 2.025 Thread 0x00000135d4c714f0 DEOPT PACKING pc=0x0000013587b7466c sp=0x000000202f8fe150
Event: 2.025 Thread 0x00000135d4c714f0 DEOPT UNPACKING pc=0x00000135875823a3 sp=0x000000202f8fe008 mode 2

Classes unloaded (0 events):
No events

Classes redefined (0 events):
No events

Internal exceptions (20 events):
Event: 1.318 Thread 0x00000135d4c714f0 Exception <a 'java/lang/NoSuchMethodError'{0x000000008a0ff3c8}: 'void java.lang.invoke.DirectMethodHandle$Holder.invokeStaticInit(java.lang.Object, java.lang.Object, java.lang.Object)'> (0x000000008a0ff3c8) 
thrown [s\open\src\hotspot\share\interpreter\linkResolver.cpp, line 759]
Event: 1.323 Thread 0x00000135d4c714f0 Exception <a 'java/lang/NoSuchMethodError'{0x0000000089f48d80}: 'java.lang.Object java.lang.invoke.DirectMethodHandle$Holder.invokeVirtual(java.lang.Object, java.lang.Object, java.lang.Object)'> (0x0000000089f48d80) 
thrown [s\open\src\hotspot\share\interpreter\linkResolver.cpp, line 759]
Event: 1.327 Thread 0x00000135d4c714f0 Exception <a 'java/lang/NoSuchMethodError'{0x0000000089f6b1a8}: 'java.lang.Object java.lang.invoke.DirectMethodHandle$Holder.invokeStatic(java.lang.Object, java.lang.Object, long, java.lang.Object)'> (0x0000000089f6b1a8) 
thrown [s\open\src\hotspot\share\interpreter\linkResolver.cpp, line 759]
Event: 1.327 Thread 0x00000135d4c714f0 Exception <a 'java/lang/NoSuchMethodError'{0x0000000089f6ec40}: 'java.lang.Object java.lang.invoke.DirectMethodHandle$Holder.invokeStaticInit(java.lang.Object, java.lang.Object, long, java.lang.Object)'> (0x0000000089f6ec40) 
thrown [s\open\src\hotspot\share\interpreter\linkResolver.cpp, line 759]
Event: 1.328 Thread 0x00000135d4c714f0 Exception <a 'java/lang/NoSuchMethodError'{0x0000000089f75388}: 'java.lang.Object java.lang.invoke.DirectMethodHandle$Holder.newInvokeSpecial(java.lang.Object, java.lang.Object, long)'> (0x0000000089f75388) 
thrown [s\open\src\hotspot\share\interpreter\linkResolver.cpp, line 759]
Event: 1.328 Thread 0x00000135d4c714f0 Exception <a 'java/lang/NoSuchMethodError'{0x0000000089f78ef8}: 'java.lang.Object java.lang.invoke.Invokers$Holder.linkToTargetMethod(java.lang.Object, long, java.lang.Object)'> (0x0000000089f78ef8) 
thrown [s\open\src\hotspot\share\interpreter\linkResolver.cpp, line 759]
Event: 1.343 Thread 0x00000135d4c714f0 Exception <a 'java/lang/NoSuchMethodError'{0x0000000089fd0a60}: 'void java.lang.invoke.DirectMethodHandle$Holder.invokeSpecial(java.lang.Object, java.lang.Object, java.lang.Object, java.lang.Object, java.lang.Object)'> (0x0000000089fd0a60) 
thrown [s\open\src\hotspot\share\interpreter\linkResolver.cpp, line 759]
Event: 1.344 Thread 0x00000135d4c714f0 Exception <a 'java/lang/NoSuchMethodError'{0x0000000089fd9078}: 'void java.lang.invoke.DirectMethodHandle$Holder.invokeVirtual(java.lang.Object, java.lang.Object, java.lang.Object, java.lang.Object)'> (0x0000000089fd9078) 
thrown [s\open\src\hotspot\share\interpreter\linkResolver.cpp, line 759]
Event: 1.383 Thread 0x00000135d4c714f0 Exception <a 'java/lang/NoSuchMethodError'{0x0000000089d495e8}: 'void java.lang.invoke.DirectMethodHandle$Holder.invokeSpecial(java.lang.Object, java.lang.Object, java.lang.Object)'> (0x0000000089d495e8) 
thrown [s\open\src\hotspot\share\interpreter\linkResolver.cpp, line 759]
Event: 1.394 Thread 0x00000135d4fd5040 Exception <a 'java/lang/NoClassDefFoundError'{0x0000000089db4f08}: jakarta/validation/Validation> (0x0000000089db4f08) 
thrown [s\open\src\hotspot\share\classfile\systemDictionary.cpp, line 245]
Event: 1.397 Thread 0x00000135d4c714f0 Exception <a 'java/lang/IncompatibleClassChangeError'{0x0000000089d7bd60}: Found class java.lang.Object, but interface was expected> (0x0000000089d7bd60) 
thrown [s\open\src\hotspot\share\interpreter\linkResolver.cpp, line 826]
Event: 1.855 Thread 0x00000135d4c714f0 Exception <a 'sun/nio/fs/WindowsException'{0x000000008a1c3048}> (0x000000008a1c3048) 
thrown [s\open\src\hotspot\share\prims\jni.cpp, line 516]
Event: 1.858 Thread 0x00000135d4c714f0 Exception <a 'java/lang/NoSuchMethodError'{0x000000008a1c4a98}: 'int java.lang.invoke.DirectMethodHandle$Holder.invokeSpecial(java.lang.Object, java.lang.Object, java.lang.Object, java.lang.Object, java.lang.Object)'> (0x000000008a1c4a98) 
thrown [s\open\src\hotspot\share\interpreter\linkResolver.cpp, line 759]
Event: 1.862 Thread 0x00000135d4c714f0 Exception <a 'java/lang/NoSuchMethodError'{0x000000008a1cd9a0}: 'void java.lang.invoke.DirectMethodHandle$Holder.invokeVirtual(java.lang.Object, java.lang.Object)'> (0x000000008a1cd9a0) 
thrown [s\open\src\hotspot\share\interpreter\linkResolver.cpp, line 759]
Event: 1.883 Thread 0x00000135d4fd5040 Exception <a 'java/lang/NoSuchMethodError'{0x0000000089f185e0}: 'long java.lang.invoke.DirectMethodHandle$Holder.invokeSpecial(java.lang.Object, java.lang.Object)'> (0x0000000089f185e0) 
thrown [s\open\src\hotspot\share\interpreter\linkResolver.cpp, line 759]
Event: 1.887 Thread 0x00000135d4fd5040 Exception <a 'java/lang/NoSuchMethodError'{0x0000000089f23430}: 'long java.lang.invoke.DirectMethodHandle$Holder.invokeStatic(java.lang.Object, java.lang.Object)'> (0x0000000089f23430) 
thrown [s\open\src\hotspot\share\interpreter\linkResolver.cpp, line 759]
Event: 1.888 Thread 0x00000135d4fd5040 Exception <a 'java/lang/NoSuchMethodError'{0x0000000089f26a30}: 'long java.lang.invoke.DirectMethodHandle$Holder.invokeStaticInit(java.lang.Object, java.lang.Object)'> (0x0000000089f26a30) 
thrown [s\open\src\hotspot\share\interpreter\linkResolver.cpp, line 759]
Event: 1.893 Thread 0x00000135d4fd5040 Exception <a 'java/lang/NoSuchMethodError'{0x0000000089f345d8}: 'long java.lang.invoke.DirectMethodHandle$Holder.invokeInterface(java.lang.Object, java.lang.Object)'> (0x0000000089f345d8) 
thrown [s\open\src\hotspot\share\interpreter\linkResolver.cpp, line 759]
Event: 1.893 Thread 0x00000135d4fd5040 Exception <a 'java/lang/IncompatibleClassChangeError'{0x0000000089f37b68}: Found class java.lang.Object, but interface was expected> (0x0000000089f37b68) 
thrown [s\open\src\hotspot\share\interpreter\linkResolver.cpp, line 826]
Event: 1.932 Thread 0x00000135d4fd5040 Exception <a 'java/lang/NoSuchMethodError'{0x0000000089eacab0}: 'java.lang.Object java.lang.invoke.DirectMethodHandle$Holder.invokeVirtual(java.lang.Object, java.lang.Object, java.lang.Object, java.lang.Object)'> (0x0000000089eacab0) 
thrown [s\open\src\hotspot\share\interpreter\linkResolver.cpp, line 759]

VM Operations (20 events):
Event: 1.128 Executing VM operation: G1CollectForAllocation
Event: 1.132 Executing VM operation: G1CollectForAllocation done
Event: 1.244 Executing VM operation: HandshakeAllThreads
Event: 1.244 Executing VM operation: HandshakeAllThreads done
Event: 1.381 Executing VM operation: HandshakeAllThreads
Event: 1.381 Executing VM operation: HandshakeAllThreads done
Event: 1.558 Executing VM operation: ICBufferFull
Event: 1.559 Executing VM operation: ICBufferFull done
Event: 1.582 Executing VM operation: HandshakeAllThreads
Event: 1.582 Executing VM operation: HandshakeAllThreads done
Event: 1.709 Executing VM operation: HandshakeAllThreads
Event: 1.709 Executing VM operation: HandshakeAllThreads done
Event: 1.740 Executing VM operation: G1CollectForAllocation
Event: 1.748 Executing VM operation: G1CollectForAllocation done
Event: 1.825 Executing VM operation: HandshakeAllThreads
Event: 1.825 Executing VM operation: HandshakeAllThreads done
Event: 1.992 Executing VM operation: HandshakeAllThreads
Event: 1.992 Executing VM operation: HandshakeAllThreads done
Event: 2.011 Executing VM operation: HandshakeAllThreads
Event: 2.011 Executing VM operation: HandshakeAllThreads done

Events (20 events):
Event: 2.010 loading class java/security/spec/ECPoint
Event: 2.010 loading class java/security/spec/ECPoint done
Event: 2.011 loading class sun/security/util/NamedCurve
Event: 2.011 loading class java/security/spec/ECParameterSpec
Event: 2.011 loading class java/security/spec/AlgorithmParameterSpec
Event: 2.011 loading class java/security/spec/AlgorithmParameterSpec done
Event: 2.011 loading class java/security/spec/ECParameterSpec done
Event: 2.011 loading class sun/security/util/NamedCurve done
Event: 2.011 loading class sun/security/util/DerOutputStream
Event: 2.011 loading class sun/security/util/DerEncoder
Event: 2.011 loading class sun/security/util/DerEncoder done
Event: 2.011 loading class sun/security/util/DerOutputStream done
Event: 2.011 loading class sun/security/util/ByteArrayLexOrder
Event: 2.012 loading class sun/security/util/ByteArrayLexOrder done
Event: 2.012 loading class sun/security/util/ByteArrayTagOrder
Event: 2.012 loading class sun/security/util/ByteArrayTagOrder done
Event: 2.012 loading class sun/security/util/ObjectIdentifier
Event: 2.012 loading class sun/security/util/ObjectIdentifier done
Event: 2.018 loading class java/security/spec/ECFieldF2m
Event: 2.018 loading class java/security/spec/ECFieldF2m done


Dynamic libraries:
0x00007ff702d70000 - 0x00007ff702d80000 	C:\Program Files\Java\jdk-17\bin\javaw.exe
0x00007ffe6ebf0000 - 0x00007ffe6ede8000 	C:\Windows\SYSTEM32\ntdll.dll
0x00007ffe6d210000 - 0x00007ffe6d2cd000 	C:\Windows\System32\KERNEL32.DLL
0x00007ffe6c700000 - 0x00007ffe6c9f6000 	C:\Windows\System32\KERNELBASE.dll
0x00007ffe6ca70000 - 0x00007ffe6cb70000 	C:\Windows\System32\ucrtbase.dll
0x00007ffe53af0000 - 0x00007ffe53b09000 	C:\Program Files\Java\jdk-17\bin\jli.dll
0x00007ffe6d160000 - 0x00007ffe6d210000 	C:\Windows\System32\ADVAPI32.dll
0x00007ffe6d4e0000 - 0x00007ffe6d57e000 	C:\Windows\System32\msvcrt.dll
0x00007ffe6dab0000 - 0x00007ffe6db50000 	C:\Windows\System32\sechost.dll
0x00007ffe6d910000 - 0x00007ffe6da33000 	C:\Windows\System32\RPCRT4.dll
0x00007ffe6c550000 - 0x00007ffe6c577000 	C:\Windows\System32\bcrypt.dll
0x00007ffe6ccd0000 - 0x00007ffe6ce6f000 	C:\Windows\System32\USER32.dll
0x00007ffe6c3c0000 - 0x00007ffe6c3e2000 	C:\Windows\System32\win32u.dll
0x00007ffe6d580000 - 0x00007ffe6d5ab000 	C:\Windows\System32\GDI32.dll
0x00007ffe6c2a0000 - 0x00007ffe6c3b7000 	C:\Windows\System32\gdi32full.dll
0x00007ffe6c610000 - 0x00007ffe6c6ad000 	C:\Windows\System32\msvcp_win.dll
0x00007ffe5f730000 - 0x00007ffe5f74b000 	C:\Program Files\Java\jdk-17\bin\VCRUNTIME140.dll
0x00007ffe4e9e0000 - 0x00007ffe4ec7a000 	C:\Windows\WinSxS\amd64_microsoft.windows.common-controls_6595b64144ccf1df_6.0.19041.4355_none_60b8b9eb71f62e16\COMCTL32.dll
0x00007ffe62690000 - 0x00007ffe6269a000 	C:\Windows\SYSTEM32\VERSION.dll
0x00007ffe6e030000 - 0x00007ffe6e062000 	C:\Windows\System32\IMM32.DLL
0x00007ffe64450000 - 0x00007ffe6445c000 	C:\Program Files\Java\jdk-17\bin\vcruntime140_1.dll
0x00007ffe38050000 - 0x00007ffe380de000 	C:\Program Files\Java\jdk-17\bin\msvcp140.dll
0x00007ffe01b30000 - 0x00007ffe02711000 	C:\Program Files\Java\jdk-17\bin\server\jvm.dll
0x00007ffe6e020000 - 0x00007ffe6e028000 	C:\Windows\System32\PSAPI.DLL
0x00007ffe55b50000 - 0x00007ffe55b59000 	C:\Windows\SYSTEM32\WSOCK32.dll
0x00007ffe6da40000 - 0x00007ffe6daab000 	C:\Windows\System32\WS2_32.dll
0x00007ffe4fa40000 - 0x00007ffe4fa67000 	C:\Windows\SYSTEM32\WINMM.dll
0x00007ffe6aa70000 - 0x00007ffe6aa82000 	C:\Windows\SYSTEM32\kernel.appcore.dll
0x00007ffe63fd0000 - 0x00007ffe63fda000 	C:\Program Files\Java\jdk-17\bin\jimage.dll
0x00007ffe66e40000 - 0x00007ffe67024000 	C:\Windows\SYSTEM32\DBGHELP.DLL
0x00007ffe513e0000 - 0x00007ffe51414000 	C:\Windows\SYSTEM32\dbgcore.DLL
0x00007ffe6c580000 - 0x00007ffe6c602000 	C:\Windows\System32\bcryptPrimitives.dll
0x00007ffe4a790000 - 0x00007ffe4a7b5000 	C:\Program Files\Java\jdk-17\bin\java.dll
0x00007ffe37f70000 - 0x00007ffe38047000 	C:\Program Files\Java\jdk-17\bin\jsvml.dll
0x00007ffe6e1a0000 - 0x00007ffe6e90b000 	C:\Windows\System32\SHELL32.dll
0x00007ffe6a290000 - 0x00007ffe6aa2d000 	C:\Windows\SYSTEM32\windows.storage.dll
0x00007ffe6d5b0000 - 0x00007ffe6d903000 	C:\Windows\System32\combase.dll
0x00007ffe6bbf0000 - 0x00007ffe6bc1e000 	C:\Windows\SYSTEM32\Wldp.dll
0x00007ffe6e0d0000 - 0x00007ffe6e19d000 	C:\Windows\System32\OLEAUT32.dll
0x00007ffe6cc20000 - 0x00007ffe6cccd000 	C:\Windows\System32\SHCORE.dll
0x00007ffe6e910000 - 0x00007ffe6e965000 	C:\Windows\System32\shlwapi.dll
0x00007ffe6c1d0000 - 0x00007ffe6c1f4000 	C:\Windows\SYSTEM32\profapi.dll
0x00007ffe49a80000 - 0x00007ffe49a99000 	C:\Program Files\Java\jdk-17\bin\net.dll
0x00007ffe65f40000 - 0x00007ffe6604a000 	C:\Windows\SYSTEM32\WINHTTP.dll
0x00007ffe6b910000 - 0x00007ffe6b97a000 	C:\Windows\system32\mswsock.dll
0x00007ffe46d90000 - 0x00007ffe46da6000 	C:\Program Files\Java\jdk-17\bin\nio.dll
0x00007ffe432c0000 - 0x00007ffe432d8000 	C:\Program Files\Java\jdk-17\bin\zip.dll
0x00007ffe5fd10000 - 0x00007ffe5fd1a000 	C:\Program Files\Java\jdk-17\bin\management.dll
0x00007ffe5f7d0000 - 0x00007ffe5f7db000 	C:\Program Files\Java\jdk-17\bin\management_ext.dll
0x00007ffe60c10000 - 0x00007ffe60c1e000 	C:\Program Files\Java\jdk-17\bin\sunmscapi.dll
0x00007ffe6c3f0000 - 0x00007ffe6c54e000 	C:\Windows\System32\CRYPT32.dll
0x00007ffe6bc60000 - 0x00007ffe6bc89000 	C:\Windows\SYSTEM32\ncrypt.dll
0x00007ffe6bc20000 - 0x00007ffe6bc5b000 	C:\Windows\SYSTEM32\NTASN1.dll

dbghelp: loaded successfully - version: 4.0.5 - missing functions: none
symbol engine: initialized successfully - sym options: 0x614 - pdb path: .;C:\Program Files\Java\jdk-17\bin;C:\Windows\SYSTEM32;C:\Windows\WinSxS\amd64_microsoft.windows.common-controls_6595b64144ccf1df_6.0.19041.4355_none_60b8b9eb71f62e16;C:\Program Files\Java\jdk-17\bin\server

VM Arguments:
jvm_args: -Dfile.encoding=UTF-8 -Dstdout.encoding=UTF-8 -Dstderr.encoding=UTF-8 -XX:+ShowCodeDetailsInExceptionMessages 
java_command: com.Hospital.Management.System.HospitalManagementSystemApplication
java_class_path (initial): C:\Users\gaurav\Desktop\Hospital Management\Hospital-Management-System\target\classes;C:\Users\gaurav\.m2\repository\org\springframework\boot\spring-boot-starter-data-jpa\3.2.7\spring-boot-starter-data-jpa-3.2.7.jar;C:\Users\gaurav\.m2\repository\org\springframework\boot\spring-boot-starter-aop\3.2.7\spring-boot-starter-aop-3.2.7.jar;C:\Users\gaurav\.m2\repository\org\springframework\spring-aop\6.1.10\spring-aop-6.1.10.jar;C:\Users\gaurav\.m2\repository\org\aspectj\aspectjweaver\1.9.22\aspectjweaver-1.9.22.jar;C:\Users\gaurav\.m2\repository\org\springframework\boot\spring-boot-starter-jdbc\3.2.7\spring-boot-starter-jdbc-3.2.7.jar;C:\Users\gaurav\.m2\repository\com\zaxxer\HikariCP\5.0.1\HikariCP-5.0.1.jar;C:\Users\gaurav\.m2\repository\org\springframework\spring-jdbc\6.1.10\spring-jdbc-6.1.10.jar;C:\Users\gaurav\.m2\repository\org\hibernate\orm\hibernate-core\6.4.9.Final\hibernate-core-6.4.9.Final.jar;C:\Users\gaurav\.m2\repository\jakarta\persistence\jakarta.persistence-api\3.1.0\jakarta.persistence-api-3.1.0.jar;C:\Users\gaurav\.m2\repository\jakarta\transaction\jakarta.transaction-api\2.0.1\jakarta.transaction-api-2.0.1.jar;C:\Users\gaurav\.m2\repository\org\jboss\logging\jboss-logging\3.5.3.Final\jboss-logging-3.5.3.Final.jar;C:\Users\gaurav\.m2\repository\org\hibernate\common\hibernate-commons-annotations\6.0.6.Final\hibernate-commons-annotations-6.0.6.Final.jar;C:\Users\gaurav\.m2\repository\io\smallrye\jandex\3.1.2\jandex-3.1.2.jar;C:\Users\gaurav\.m2\repository\com\fasterxml\classmate\1.6.0\classmate-1.6.0.jar;C:\Users\gaurav\.m2\repository\net\bytebuddy\byte-buddy\1.14.17\byte-buddy-1.14.17.jar;C:\Users\gaurav\.m2\repository\org\glassfish\jaxb\jaxb-runtime\4.0.5\jaxb-runtime-4.0.5.jar;C:\Users\gaurav\.m2\repository\org\glassfish\jaxb\jaxb-core\4.0.5\jaxb-core-4.0.5.jar;C:\Users\gaurav\.m2\repository\org\eclipse\angus\angus-activation\2.0.2\angus-activation-2.0.2.jar;C:\Users\gaurav\.m2\repository\org\glassfish\jaxb\txw2\4.0.5\txw
Launcher Type: SUN_STANDARD

[Global flags]
     intx CICompilerCount                          = 3                                         {product} {ergonomic}
     uint ConcGCThreads                            = 1                                         {product} {ergonomic}
     uint G1ConcRefinementThreads                  = 4                                         {product} {ergonomic}
   size_t G1HeapRegionSize                         = 1048576                                   {product} {ergonomic}
    uintx GCDrainStackTargetSize                   = 64                                        {product} {ergonomic}
   size_t InitialHeapSize                          = 132120576                                 {product} {ergonomic}
   size_t MarkStackSize                            = 4194304                                   {product} {ergonomic}
   size_t MaxHeapSize                              = 2105540608                                {product} {ergonomic}
   size_t MaxNewSize                               = 1262485504                                {product} {ergonomic}
   size_t MinHeapDeltaBytes                        = 1048576                                   {product} {ergonomic}
   size_t MinHeapSize                              = 8388608                                   {product} {ergonomic}
    uintx NonNMethodCodeHeapSize                   = 5832780                                {pd product} {ergonomic}
    uintx NonProfiledCodeHeapSize                  = 122912730                              {pd product} {ergonomic}
    uintx ProfiledCodeHeapSize                     = 122912730                              {pd product} {ergonomic}
    uintx ReservedCodeCacheSize                    = 251658240                              {pd product} {ergonomic}
     bool SegmentedCodeCache                       = true                                      {product} {ergonomic}
     bool ShowCodeDetailsInExceptionMessages       = true                                   {manageable} {command line}
   size_t SoftMaxHeapSize                          = 2105540608                             {manageable} {ergonomic}
     bool UseCompressedClassPointers               = true                           {product lp64_product} {ergonomic}
     bool UseCompressedOops                        = true                           {product lp64_product} {ergonomic}
     bool UseG1GC                                  = true                                      {product} {ergonomic}
     bool UseLargePagesIndividualAllocation        = false                                  {pd product} {ergonomic}

Logging:
Log output configuration:
 #0: stdout all=warning uptime,level,tags
 #1: stderr all=off uptime,level,tags

Environment Variables:
PATH=C:\Program Files (x86)\VMware\VMware Player\bin\;C:\Program Files\Common Files\Oracle\Java\javapath;C:\Windows\system32;C:\Windows;C:\Windows\System32\Wbem;C:\Windows\System32\WindowsPowerShell\v1.0\;C:\Windows\System32\OpenSSH\;E:\Program Files\Git\cmd;E:\nodejs\;C:\Program Files\dotnet\;C:\Users\gaurav\AppData\Local\Programs\Python\Python310\Scripts\;C:\Users\gaurav\AppData\Local\Programs\Python\Python310\;C:\Users\gaurav\AppData\Local\Microsoft\WindowsApps;C:\Users\gaurav\AppData\Roaming\npm;C:\Users\gaurav\AppData\Local\Programs\Microsoft VS Code\bin;C:\MinGW\bin;
USERNAME=gaurav
OS=Windows_NT
PROCESSOR_IDENTIFIER=Intel64 Family 6 Model 142 Stepping 12, GenuineIntel



---------------  S Y S T E M  ---------------

OS:
 Windows 10 , 64 bit Build 19041 (10.0.19041.3636)
OS uptime: 0 days 9:13 hours
Hyper-V role detected

CPU: total 4 (initial active 4) (2 cores per cpu, 2 threads per core) family 6 model 142 stepping 12 microcode 0xde, cx8, cmov, fxsr, ht, mmx, 3dnowpref, sse, sse2, sse3, ssse3, sse4.1, sse4.2, popcnt, lzcnt, tsc, tscinvbit, avx, avx2, aes, erms, clmul, bmi1, bmi2, adx, fma, vzeroupper, clflush, clflushopt, hv

Memory: 4k page, system-wide physical 8025M (1586M free)
TotalPageFile size 8025M (AvailPageFile size 5M)
current process WorkingSet (physical memory assigned to process): 129M, peak: 129M
current process commit charge ("private bytes"): 254M, peak: 254M

vm_info: Java HotSpot(TM) 64-Bit Server VM (17.0.9+11-LTS-201) for windows-amd64 JRE (17.0.9+11-LTS-201), built on Oct 10 2023 23:16:06 by "mach5one" with MS VC++ 17.1 (VS2022)

END.
